Log file open, 03/29/20 22:33:13
LogWindows: Failed to load 'aqProf.dll' (GetLastError=126)
LogWindows: File 'aqProf.dll' does not exist
LogWindows: Failed to load 'VtuneApi.dll' (GetLastError=126)
LogWindows: File 'VtuneApi.dll' does not exist
LogWindows: Failed to load 'VtuneApi32e.dll' (GetLastError=126)
LogWindows: File 'VtuneApi32e.dll' does not exist
LogConsoleResponse: Display: Failed to find resolution value strings in scalability ini. Falling back to default.
LogInit: Display: Running engine for game: GangGameGraybox
LogPlatformFile: Not using cached read wrapper
LogTaskGraph: Started task graph with 5 named threads and 14 total threads with 3 sets of task threads.
LogStats: Stats thread started at 0.188891
LogD3D11RHI: Loaded GFSDK_Aftermath_Lib.x64.dll
LogICUInternationalization: ICU TimeZone Detection - Raw Offset: +0:00, Platform Override: ''
LogPluginManager: Display: Disabled plugin 'Designer', continuing.
LogPluginManager: Display: Disabled plugin 'MegascansPlugin', continuing.
LogPluginManager: Mounting plugin Paper2D
LogPluginManager: Mounting plugin AISupport
LogPluginManager: Mounting plugin LightPropagationVolume
LogPluginManager: Mounting plugin ActorLayerUtilities
LogPluginManager: Mounting plugin AnimationSharing
LogPluginManager: Mounting plugin CLionSourceCodeAccess
LogPluginManager: Mounting plugin CodeLiteSourceCodeAccess
LogPluginManager: Mounting plugin ConcertMain
LogPluginManager: Mounting plugin ConcertSyncClient
LogPluginManager: Mounting plugin ConcertSyncCore
LogPluginManager: Mounting plugin MultiUserClient
LogPluginManager: Mounting plugin GitSourceControl
LogPluginManager: Mounting plugin KDevelopSourceCodeAccess
LogPluginManager: Mounting plugin NullSourceCodeAccess
LogPluginManager: Mounting plugin PerforceSourceControl
LogPluginManager: Mounting plugin PlasticSourceControl
LogPluginManager: Mounting plugin SubversionSourceControl
LogPluginManager: Mounting plugin UObjectPlugin
LogPluginManager: Mounting plugin VisualStudioCodeSourceCodeAccess
LogPluginManager: Mounting plugin VisualStudioSourceCodeAccess
LogPluginManager: Mounting plugin XCodeSourceCodeAccess
LogPluginManager: Mounting plugin AssetManagerEditor
LogPluginManager: Mounting plugin CryptoKeys
LogPluginManager: Mounting plugin CurveEditorTools
LogPluginManager: Mounting plugin DataValidation
LogPluginManager: Mounting plugin FacialAnimation
LogPluginManager: Mounting plugin GameplayTagsEditor
LogPluginManager: Mounting plugin MacGraphicsSwitching
LogPluginManager: Mounting plugin MaterialAnalyzer
LogPluginManager: Mounting plugin MobileLauncherProfileWizard
LogPluginManager: Mounting plugin PluginBrowser
LogPluginManager: Mounting plugin SpeedTreeImporter
LogPluginManager: Mounting plugin DatasmithContent
LogPluginManager: Mounting plugin VariantManagerContent
LogPluginManager: Mounting plugin AlembicImporter
LogPluginManager: Mounting plugin AutomationUtils
LogPluginManager: Mounting plugin BackChannel
LogPluginManager: Mounting plugin CharacterAI
LogPluginManager: Mounting plugin GeometryCache
LogPluginManager: Mounting plugin PlatformCrypto
LogPluginManager: Mounting plugin ProxyLODPlugin
LogPluginManager: Mounting plugin SkeletalReduction
LogPluginManager: Mounting plugin MagicLeap
LogPluginManager: Mounting plugin MagicLeapMedia
LogPluginManager: Mounting plugin MLSDK
LogPluginManager: Mounting plugin Linter
LogPluginManager: Mounting plugin AndroidMedia
LogPluginManager: Mounting plugin AvfMedia
LogPluginManager: Mounting plugin ImgMedia
LogPluginManager: Mounting plugin MediaCompositing
LogPluginManager: Mounting plugin MediaPlayerEditor
LogPluginManager: Mounting plugin WebMMedia
LogPluginManager: Mounting plugin WmfMedia
LogPluginManager: Mounting plugin TcpMessaging
LogPluginManager: Mounting plugin UdpMessaging
LogPluginManager: Mounting plugin ActorSequence
LogPluginManager: Mounting plugin LevelSequenceEditor
LogPluginManager: Mounting plugin MatineeToLevelSequence
LogPluginManager: Mounting plugin NetcodeUnitTest
LogPluginManager: Mounting plugin NUTUnrealEngine4
LogPluginManager: Mounting plugin OnlineSubsystemGooglePlay
LogPluginManager: Mounting plugin OnlineSubsystemIOS
LogPluginManager: Mounting plugin OnlineSubsystem
LogPluginManager: Mounting plugin OnlineSubsystemNull
LogPluginManager: Mounting plugin OnlineSubsystemUtils
LogPluginManager: Mounting plugin LauncherChunkInstaller
LogPluginManager: Mounting plugin AndroidDeviceProfileSelector
LogPluginManager: Mounting plugin AndroidMoviePlayer
LogPluginManager: Mounting plugin AndroidPermission
LogPluginManager: Mounting plugin AppleImageUtils
LogPluginManager: Mounting plugin AppleMoviePlayer
LogPluginManager: Mounting plugin ArchVisCharacter
LogPluginManager: Mounting plugin AssetTags
LogPluginManager: Mounting plugin AudioCapture
LogPluginManager: Mounting plugin CableComponent
LogPluginManager: Mounting plugin CustomMeshComponent
LogPluginManager: Mounting plugin SQLiteCore
LogPluginManager: Mounting plugin EditableMesh
LogPluginManager: Mounting plugin ExampleDeviceProfileSelector
LogPluginManager: Mounting plugin GoogleCloudMessaging
LogPluginManager: Mounting plugin IOSDeviceProfileSelector
LogPluginManager: Mounting plugin LinuxDeviceProfileSelector
LogPluginManager: Mounting plugin LocationServicesBPLibrary
LogPluginManager: Mounting plugin MobilePatchingUtils
LogPluginManager: Mounting plugin OculusVR
LogPluginManager: Mounting plugin PhysXVehicles
LogPluginManager: Mounting plugin PostSplashScreen
LogPluginManager: Mounting plugin ProceduralMeshComponent
LogPluginManager: Mounting plugin RuntimePhysXCooking
LogPluginManager: Mounting plugin SignificanceManager
LogPluginManager: Mounting plugin SteamVR
LogPluginManager: Mounting plugin WebMMoviePlayer
LogPluginManager: Mounting plugin WindowsMoviePlayer
LogPluginManager: Mounting plugin ScreenshotTools
LogInit: Using libcurl 7.55.1-DEV
LogInit:  - built for x86_64-pc-win32
LogInit:  - supports SSL with OpenSSL/1.1.1
LogInit:  - supports HTTP deflate (compression) using libz 1.2.8
LogInit:  - other features:
LogInit:      CURL_VERSION_SSL
LogInit:      CURL_VERSION_LIBZ
LogInit:      CURL_VERSION_IPV6
LogInit:      CURL_VERSION_ASYNCHDNS
LogInit:      CURL_VERSION_LARGEFILE
LogInit:      CURL_VERSION_IDN
LogInit:  CurlRequestOptions (configurable via config and command line):
LogInit:  - bVerifyPeer = true  - Libcurl will verify peer certificate
LogInit:  - bUseHttpProxy = false  - Libcurl will NOT use HTTP proxy
LogInit:  - bDontReuseConnections = false  - Libcurl will reuse connections
LogInit:  - MaxHostConnections = 16  - Libcurl will limit the number of connections to a host
LogInit:  - LocalHostAddr = Default
LogInit:  - BufferSize = 65536
LogOnline: OSS: Creating online subsystem instance for: NULL
LogInit: WinSock: version 1.1 (2.2), MaxSocks=32767, MaxUdp=65467
LogOnline: OSS: TryLoadSubsystemAndSetDefault: Loaded subsystem for module [NULL]
LogInit: Build: ++UE4+Release-4.24-CL-11590370
LogInit: Engine Version: 4.24.3-11590370+++UE4+Release-4.24
LogInit: Compatible Engine Version: 4.24.0-10570792+++UE4+Release-4.24
LogInit: Net CL: 10570792
LogInit: OS: Windows 10 (Release 1909) (), CPU: Intel(R) Core(TM) i5-4570 CPU @ 3.20GHz, GPU: NVIDIA GeForce GTX 1050 Ti
LogInit: Compiled (64-bit): Feb 24 2020 15:39:18
LogInit: Compiled with Visual C++: 19.16.27032.01
LogInit: Build Configuration: Development
LogInit: Branch Name: ++UE4+Release-4.24
LogInit: Command Line: 
LogInit: Base Directory: F:/UE_4.24/Engine/Binaries/Win64/
LogInit: Installed Engine Build: 1
LogDevObjectVersion: Number of dev versions registered: 25
LogDevObjectVersion:   Dev-Blueprints (B0D832E4-1F89-4F0D-ACCF-7EB736FD4AA2): 10
LogDevObjectVersion:   Dev-Build (E1C64328-A22C-4D53-A36C-8E866417BD8C): 0
LogDevObjectVersion:   Dev-Core (375EC13C-06E4-48FB-B500-84F0262A717E): 3
LogDevObjectVersion:   Dev-Editor (E4B068ED-F494-42E9-A231-DA0B2E46BB41): 37
LogDevObjectVersion:   Dev-Framework (CFFC743F-43B0-4480-9391-14DF171D2073): 36
LogDevObjectVersion:   Dev-Mobile (B02B49B5-BB20-44E9-A304-32B752E40360): 2
LogDevObjectVersion:   Dev-Networking (A4E4105C-59A1-49B5-A7C5-40C4547EDFEE): 0
LogDevObjectVersion:   Dev-Online (39C831C9-5AE6-47DC-9A44-9C173E1C8E7C): 0
LogDevObjectVersion:   Dev-Physics (78F01B33-EBEA-4F98-B9B4-84EACCB95AA2): 2
LogDevObjectVersion:   Dev-Platform (6631380F-2D4D-43E0-8009-CF276956A95A): 0
LogDevObjectVersion:   Dev-Rendering (12F88B9F-8875-4AFC-A67C-D90C383ABD29): 36
LogDevObjectVersion:   Dev-Sequencer (7B5AE74C-D270-4C10-A958-57980B212A5A): 11
LogDevObjectVersion:   Dev-VR (D7296918-1DD6-4BDD-9DE2-64A83CC13884): 2
LogDevObjectVersion:   Dev-LoadTimes (C2A15278-BFE7-4AFE-6C17-90FF531DF755): 1
LogDevObjectVersion:   Private-Geometry (6EACA3D4-40EC-4CC1-B786-8BED09428FC5): 3
LogDevObjectVersion:   Dev-AnimPhys (29E575DD-E0A3-4627-9D10-D276232CDCEA): 17
LogDevObjectVersion:   Dev-Anim (AF43A65D-7FD3-4947-9873-3E8ED9C1BB05): 2
LogDevObjectVersion:   Dev-ReflectionCapture (6B266CEC-1EC7-4B8F-A30B-E4D90942FC07): 1
LogDevObjectVersion:   Dev-Automation (0DF73D61-A23F-47EA-B727-89E90C41499A): 1
LogDevObjectVersion:   FortniteMain (601D1886-AC64-4F84-AA16-D3DE0DEAC7D6): 31
LogDevObjectVersion:   Dev-Enterprise (9DFFBCD6-494F-0158-E221-12823C92A888): 8
LogDevObjectVersion:   Dev-Niagara (F2AED0AC-9AFE-416F-8664-AA7FFA26D6FC): 1
LogDevObjectVersion:   Dev-Destruction (174F1F0B-B4C6-45A5-B13F-2EE8D0FB917D): 9
LogDevObjectVersion:   Dev-Physics-Ext (35F94A83-E258-406C-A318-09F59610247C): 8
LogDevObjectVersion:   Dev-CineCamera (B2E18506-4273-CFC2-A54E-F4BB758BBA07): 1
LogInit: Presizing for max 25165824 objects, including 0 objects not considered by GC, pre-allocating 0 bytes for permanent pool.
LogInit: Object subsystem initialized
LogConfig: Setting CVar [[con.DebugEarlyDefault:1]]
LogConfig: Setting CVar [[r.setres:1280x720]]
[2020.03.29-21.33.16:024][  0]LogConfig: Setting CVar [[r.VSync:0]]
[2020.03.29-21.33.16:024][  0]LogConfig: Setting CVar [[r.RHICmdBypass:0]]
[2020.03.29-21.33.16:024][  0]LogConfig: Applying CVar settings from Section [/Script/Engine.RendererSettings] File [F:/Documents/GitHub/Game-Files/GangGame/GangGameUE4/GangGameGraybox/Saved/Config/Windows/Engine.ini]
[2020.03.29-21.33.16:024][  0]LogConfig: Setting CVar [[r.GPUCrashDebugging:0]]
[2020.03.29-21.33.16:024][  0]LogConfig: Applying CVar settings from Section [/Script/Engine.RendererOverrideSettings] File [F:/Documents/GitHub/Game-Files/GangGame/GangGameUE4/GangGameGraybox/Saved/Config/Windows/Engine.ini]
[2020.03.29-21.33.16:024][  0]LogConfig: Applying CVar settings from Section [/Script/Engine.StreamingSettings] File [F:/Documents/GitHub/Game-Files/GangGame/GangGameUE4/GangGameGraybox/Saved/Config/Windows/Engine.ini]
[2020.03.29-21.33.16:024][  0]LogConfig: Setting CVar [[s.MinBulkDataSizeForAsyncLoading:131072]]
[2020.03.29-21.33.16:024][  0]LogConfig: Setting CVar [[s.AsyncLoadingThreadEnabled:0]]
[2020.03.29-21.33.16:024][  0]LogConfig: Setting CVar [[s.EventDrivenLoaderEnabled:1]]
[2020.03.29-21.33.16:024][  0]LogConfig: Setting CVar [[s.WarnIfTimeLimitExceeded:0]]
[2020.03.29-21.33.16:024][  0]LogConfig: Setting CVar [[s.TimeLimitExceededMultiplier:1.5]]
[2020.03.29-21.33.16:024][  0]LogConfig: Setting CVar [[s.TimeLimitExceededMinTime:0.005]]
[2020.03.29-21.33.16:024][  0]LogConfig: Setting CVar [[s.UseBackgroundLevelStreaming:1]]
[2020.03.29-21.33.16:024][  0]LogConfig: Setting CVar [[s.PriorityAsyncLoadingExtraTime:15.0]]
[2020.03.29-21.33.16:024][  0]LogConfig: Setting CVar [[s.LevelStreamingActorsUpdateTimeLimit:5.0]]
[2020.03.29-21.33.16:024][  0]LogConfig: Setting CVar [[s.PriorityLevelStreamingActorsUpdateExtraTime:5.0]]
[2020.03.29-21.33.16:025][  0]LogConfig: Setting CVar [[s.LevelStreamingComponentsRegistrationGranularity:10]]
[2020.03.29-21.33.16:025][  0]LogConfig: Setting CVar [[s.UnregisterComponentsTimeLimit:1.0]]
[2020.03.29-21.33.16:025][  0]LogConfig: Setting CVar [[s.LevelStreamingComponentsUnregistrationGranularity:5]]
[2020.03.29-21.33.16:025][  0]LogConfig: Setting CVar [[s.FlushStreamingOnExit:1]]
[2020.03.29-21.33.16:025][  0]LogConfig: Applying CVar settings from Section [/Script/Engine.GarbageCollectionSettings] File [F:/Documents/GitHub/Game-Files/GangGame/GangGameUE4/GangGameGraybox/Saved/Config/Windows/Engine.ini]
[2020.03.29-21.33.16:025][  0]LogConfig: Setting CVar [[gc.MaxObjectsNotConsideredByGC:1]]
[2020.03.29-21.33.16:025][  0]LogConfig: Setting CVar [[gc.SizeOfPermanentObjectPool:0]]
[2020.03.29-21.33.16:025][  0]LogConfig: Setting CVar [[gc.FlushStreamingOnGC:0]]
[2020.03.29-21.33.16:025][  0]LogConfig: Setting CVar [[gc.NumRetriesBeforeForcingGC:10]]
[2020.03.29-21.33.16:025][  0]LogConfig: Setting CVar [[gc.AllowParallelGC:1]]
[2020.03.29-21.33.16:025][  0]LogConfig: Setting CVar [[gc.TimeBetweenPurgingPendingKillObjects:61.1]]
[2020.03.29-21.33.16:025][  0]LogConfig: Setting CVar [[gc.MaxObjectsInEditor:25165824]]
[2020.03.29-21.33.16:025][  0]LogConfig: Setting CVar [[gc.IncrementalBeginDestroyEnabled:1]]
[2020.03.29-21.33.16:025][  0]LogConfig: Setting CVar [[gc.CreateGCClusters:1]]
[2020.03.29-21.33.16:025][  0]LogConfig: Setting CVar [[gc.MinGCClusterSize:5]]
[2020.03.29-21.33.16:025][  0]LogConfig: Setting CVar [[gc.ActorClusteringEnabled:0]]
[2020.03.29-21.33.16:025][  0]LogConfig: Setting CVar [[gc.BlueprintClusteringEnabled:0]]
[2020.03.29-21.33.16:025][  0]LogConfig: Setting CVar [[gc.UseDisregardForGCOnDedicatedServers:0]]
[2020.03.29-21.33.16:025][  0]LogConfig: Applying CVar settings from Section [/Script/Engine.NetworkSettings] File [F:/Documents/GitHub/Game-Files/GangGame/GangGameUE4/GangGameGraybox/Saved/Config/Windows/Engine.ini]
[2020.03.29-21.33.16:025][  0]LogConfig: Applying CVar settings from Section [/Script/UnrealEd.CookerSettings] File [F:/Documents/GitHub/Game-Files/GangGame/GangGameUE4/GangGameGraybox/Saved/Config/Windows/Engine.ini]
[2020.03.29-21.33.16:036][  0]LogConfig: Applying CVar settings from Section [ViewDistanceQuality@3] File [F:/Documents/GitHub/Game-Files/GangGame/GangGameUE4/GangGameGraybox/Saved/Config/Windows/Scalability.ini]
[2020.03.29-21.33.16:036][  0]LogConfig: Setting CVar [[r.SkeletalMeshLODBias:0]]
[2020.03.29-21.33.16:036][  0]LogConfig: Setting CVar [[r.ViewDistanceScale:1.0]]
[2020.03.29-21.33.16:036][  0]LogConfig: Applying CVar settings from Section [AntiAliasingQuality@3] File [F:/Documents/GitHub/Game-Files/GangGame/GangGameUE4/GangGameGraybox/Saved/Config/Windows/Scalability.ini]
[2020.03.29-21.33.16:036][  0]LogConfig: Setting CVar [[r.PostProcessAAQuality:4]]
[2020.03.29-21.33.16:036][  0]LogConfig: Applying CVar settings from Section [ShadowQuality@3] File [F:/Documents/GitHub/Game-Files/GangGame/GangGameUE4/GangGameGraybox/Saved/Config/Windows/Scalability.ini]
[2020.03.29-21.33.16:036][  0]LogConfig: Setting CVar [[r.LightFunctionQuality:1]]
[2020.03.29-21.33.16:036][  0]LogConfig: Setting CVar [[r.ShadowQuality:5]]
[2020.03.29-21.33.16:036][  0]LogConfig: Setting CVar [[r.Shadow.CSM.MaxCascades:10]]
[2020.03.29-21.33.16:036][  0]LogConfig: Setting CVar [[r.Shadow.MaxResolution:2048]]
[2020.03.29-21.33.16:036][  0]LogConfig: Setting CVar [[r.Shadow.MaxCSMResolution:2048]]
[2020.03.29-21.33.16:036][  0]LogConfig: Setting CVar [[r.Shadow.RadiusThreshold:0.01]]
[2020.03.29-21.33.16:036][  0]LogConfig: Setting CVar [[r.Shadow.DistanceScale:1.0]]
[2020.03.29-21.33.16:036][  0]LogConfig: Setting CVar [[r.Shadow.CSM.TransitionScale:1.0]]
[2020.03.29-21.33.16:036][  0]LogConfig: Setting CVar [[r.Shadow.PreShadowResolutionFactor:1.0]]
[2020.03.29-21.33.16:036][  0]LogConfig: Setting CVar [[r.DistanceFieldShadowing:1]]
[2020.03.29-21.33.16:036][  0]LogConfig: Setting CVar [[r.DistanceFieldAO:1]]
[2020.03.29-21.33.16:036][  0]LogConfig: Setting CVar [[r.AOQuality:2]]
[2020.03.29-21.33.16:036][  0]LogConfig: Setting CVar [[r.VolumetricFog:1]]
[2020.03.29-21.33.16:036][  0]LogConfig: Setting CVar [[r.VolumetricFog.GridPixelSize:8]]
[2020.03.29-21.33.16:036][  0]LogConfig: Setting CVar [[r.VolumetricFog.GridSizeZ:128]]
[2020.03.29-21.33.16:036][  0]LogConfig: Setting CVar [[r.VolumetricFog.HistoryMissSupersampleCount:4]]
[2020.03.29-21.33.16:036][  0]LogConfig: Setting CVar [[r.LightMaxDrawDistanceScale:1]]
[2020.03.29-21.33.16:036][  0]LogConfig: Setting CVar [[r.CapsuleShadows:1]]
[2020.03.29-21.33.16:036][  0]LogConfig: Applying CVar settings from Section [PostProcessQuality@3] File [F:/Documents/GitHub/Game-Files/GangGame/GangGameUE4/GangGameGraybox/Saved/Config/Windows/Scalability.ini]
[2020.03.29-21.33.16:036][  0]LogConfig: Setting CVar [[r.MotionBlurQuality:4]]
[2020.03.29-21.33.16:036][  0]LogConfig: Setting CVar [[r.AmbientOcclusionMipLevelFactor:0.4]]
[2020.03.29-21.33.16:036][  0]LogConfig: Setting CVar [[r.AmbientOcclusionMaxQuality:100]]
[2020.03.29-21.33.16:036][  0]LogConfig: Setting CVar [[r.AmbientOcclusionLevels:-1]]
[2020.03.29-21.33.16:036][  0]LogConfig: Setting CVar [[r.AmbientOcclusionRadiusScale:1.0]]
[2020.03.29-21.33.16:036][  0]LogConfig: Setting CVar [[r.DepthOfFieldQuality:2]]
[2020.03.29-21.33.16:036][  0]LogConfig: Setting CVar [[r.RenderTargetPoolMin:400]]
[2020.03.29-21.33.16:036][  0]LogConfig: Setting CVar [[r.LensFlareQuality:2]]
[2020.03.29-21.33.16:036][  0]LogConfig: Setting CVar [[r.SceneColorFringeQuality:1]]
[2020.03.29-21.33.16:037][  0]LogConfig: Setting CVar [[r.EyeAdaptationQuality:2]]
[2020.03.29-21.33.16:037][  0]LogConfig: Setting CVar [[r.BloomQuality:5]]
[2020.03.29-21.33.16:037][  0]LogConfig: Setting CVar [[r.FastBlurThreshold:100]]
[2020.03.29-21.33.16:037][  0]LogConfig: Setting CVar [[r.Upscale.Quality:3]]
[2020.03.29-21.33.16:037][  0]LogConfig: Setting CVar [[r.Tonemapper.GrainQuantization:1]]
[2020.03.29-21.33.16:037][  0]LogConfig: Setting CVar [[r.LightShaftQuality:1]]
[2020.03.29-21.33.16:037][  0]LogConfig: Setting CVar [[r.Filter.SizeScale:1]]
[2020.03.29-21.33.16:037][  0]LogConfig: Setting CVar [[r.Tonemapper.Quality:5]]
[2020.03.29-21.33.16:037][  0]LogConfig: Setting CVar [[r.DOF.Gather.AccumulatorQuality:1        ; higher gathering accumulator quality]]
[2020.03.29-21.33.16:037][  0]LogConfig: Setting CVar [[r.DOF.Gather.PostfilterMethod:1          ; Median3x3 postfilering method]]
[2020.03.29-21.33.16:037][  0]LogConfig: Setting CVar [[r.DOF.Gather.EnableBokehSettings:0       ; no bokeh simulation when gathering]]
[2020.03.29-21.33.16:037][  0]LogConfig: Setting CVar [[r.DOF.Gather.RingCount:4                 ; medium number of samples when gathering]]
[2020.03.29-21.33.16:037][  0]LogConfig: Setting CVar [[r.DOF.Scatter.ForegroundCompositing:1    ; additive foreground scattering]]
[2020.03.29-21.33.16:037][  0]LogConfig: Setting CVar [[r.DOF.Scatter.BackgroundCompositing:2    ; additive background scattering]]
[2020.03.29-21.33.16:037][  0]LogConfig: Setting CVar [[r.DOF.Scatter.EnableBokehSettings:1      ; bokeh simulation when scattering]]
[2020.03.29-21.33.16:037][  0]LogConfig: Setting CVar [[r.DOF.Scatter.MaxSpriteRatio:0.1         ; only a maximum of 10% of scattered bokeh]]
[2020.03.29-21.33.16:037][  0]LogConfig: Setting CVar [[r.DOF.Recombine.Quality:1                ; cheap slight out of focus]]
[2020.03.29-21.33.16:037][  0]LogConfig: Setting CVar [[r.DOF.Recombine.EnableBokehSettings:0    ; no bokeh simulation on slight out of focus]]
[2020.03.29-21.33.16:037][  0]LogConfig: Setting CVar [[r.DOF.TemporalAAQuality:1                ; more stable temporal accumulation]]
[2020.03.29-21.33.16:037][  0]LogConfig: Setting CVar [[r.DOF.Kernel.MaxForegroundRadius:0.025]]
[2020.03.29-21.33.16:037][  0]LogConfig: Setting CVar [[r.DOF.Kernel.MaxBackgroundRadius:0.025]]
[2020.03.29-21.33.16:037][  0]LogConfig: Applying CVar settings from Section [TextureQuality@3] File [F:/Documents/GitHub/Game-Files/GangGame/GangGameUE4/GangGameGraybox/Saved/Config/Windows/Scalability.ini]
[2020.03.29-21.33.16:037][  0]LogConfig: Setting CVar [[r.Streaming.MipBias:0]]
[2020.03.29-21.33.16:037][  0]LogConfig: Setting CVar [[r.Streaming.AmortizeCPUToGPUCopy:0]]
[2020.03.29-21.33.16:037][  0]LogConfig: Setting CVar [[r.Streaming.MaxNumTexturesToStreamPerFrame:0]]
[2020.03.29-21.33.16:037][  0]LogConfig: Setting CVar [[r.Streaming.Boost:1]]
[2020.03.29-21.33.16:037][  0]LogConfig: Setting CVar [[r.MaxAnisotropy:8]]
[2020.03.29-21.33.16:037][  0]LogConfig: Setting CVar [[r.VT.MaxAnisotropy:8]]
[2020.03.29-21.33.16:037][  0]LogConfig: Setting CVar [[r.Streaming.LimitPoolSizeToVRAM:0]]
[2020.03.29-21.33.16:037][  0]LogConfig: Setting CVar [[r.Streaming.PoolSize:1000]]
[2020.03.29-21.33.16:037][  0]LogConfig: Setting CVar [[r.Streaming.MaxEffectiveScreenSize:0]]
[2020.03.29-21.33.16:037][  0]LogConfig: Applying CVar settings from Section [EffectsQuality@3] File [F:/Documents/GitHub/Game-Files/GangGame/GangGameUE4/GangGameGraybox/Saved/Config/Windows/Scalability.ini]
[2020.03.29-21.33.16:037][  0]LogConfig: Setting CVar [[r.TranslucencyLightingVolumeDim:64]]
[2020.03.29-21.33.16:037][  0]LogConfig: Setting CVar [[r.RefractionQuality:2]]
[2020.03.29-21.33.16:037][  0]LogConfig: Setting CVar [[r.SSR.Quality:3]]
[2020.03.29-21.33.16:037][  0]LogConfig: Setting CVar [[r.SSR.HalfResSceneColor:0]]
[2020.03.29-21.33.16:037][  0]LogConfig: Setting CVar [[r.SceneColorFormat:4]]
[2020.03.29-21.33.16:037][  0]LogConfig: Setting CVar [[r.DetailMode:2]]
[2020.03.29-21.33.16:037][  0]LogConfig: Setting CVar [[r.TranslucencyVolumeBlur:1]]
[2020.03.29-21.33.16:037][  0]LogConfig: Setting CVar [[r.MaterialQualityLevel:1 ; High quality]]
[2020.03.29-21.33.16:037][  0]LogConfig: Setting CVar [[r.SSS.Scale:1]]
[2020.03.29-21.33.16:037][  0]LogConfig: Setting CVar [[r.SSS.SampleSet:2]]
[2020.03.29-21.33.16:037][  0]LogConfig: Setting CVar [[r.SSS.Quality:1]]
[2020.03.29-21.33.16:037][  0]LogConfig: Setting CVar [[r.SSS.HalfRes:1]]
[2020.03.29-21.33.16:037][  0]LogConfig: Setting CVar [[r.SSGI.Quality:3]]
[2020.03.29-21.33.16:037][  0]LogConfig: Setting CVar [[r.EmitterSpawnRateScale:1.0]]
[2020.03.29-21.33.16:037][  0]LogConfig: Setting CVar [[r.ParticleLightQuality:2]]
[2020.03.29-21.33.16:037][  0]LogConfig: Setting CVar [[r.SkyAtmosphere.AerialPerspectiveLUT.FastApplyOnOpaque:1 ; Always have FastSkyLUT 1 in this case to avoid wrong sky]]
[2020.03.29-21.33.16:037][  0]LogConfig: Setting CVar [[r.SkyAtmosphere.AerialPerspectiveLUT.SampleCountPerSlice:1]]
[2020.03.29-21.33.16:037][  0]LogConfig: Setting CVar [[r.SkyAtmosphere.AerialPerspectiveLUT.DepthResolution:16.0]]
[2020.03.29-21.33.16:037][  0]LogConfig: Setting CVar [[r.SkyAtmosphere.FastSkyLUT:1]]
[2020.03.29-21.33.16:037][  0]LogConfig: Setting CVar [[r.SkyAtmosphere.FastSkyLUT.SampleCountMin:4.0]]
[2020.03.29-21.33.16:037][  0]LogConfig: Setting CVar [[r.SkyAtmosphere.FastSkyLUT.SampleCountMax:32.0]]
[2020.03.29-21.33.16:037][  0]LogConfig: Setting CVar [[r.SkyAtmosphere.SampleCountMin:4.0]]
[2020.03.29-21.33.16:037][  0]LogConfig: Setting CVar [[r.SkyAtmosphere.SampleCountMax:32.0]]
[2020.03.29-21.33.16:037][  0]LogConfig: Setting CVar [[r.SkyAtmosphere.TransmittanceLUT.UseSmallFormat:0]]
[2020.03.29-21.33.16:037][  0]LogConfig: Setting CVar [[r.SkyAtmosphere.TransmittanceLUT.SampleCount:10.0]]
[2020.03.29-21.33.16:037][  0]LogConfig: Setting CVar [[r.SkyAtmosphere.MultiScatteringLUT.SampleCount:15.0]]
[2020.03.29-21.33.16:037][  0]LogConfig: Applying CVar settings from Section [FoliageQuality@3] File [F:/Documents/GitHub/Game-Files/GangGame/GangGameUE4/GangGameGraybox/Saved/Config/Windows/Scalability.ini]
[2020.03.29-21.33.16:037][  0]LogConfig: Setting CVar [[foliage.DensityScale:1.0]]
[2020.03.29-21.33.16:037][  0]LogConfig: Setting CVar [[grass.DensityScale:1.0]]
[2020.03.29-21.33.16:037][  0]LogConfig: Applying CVar settings from Section [ShadingQuality@3] File [F:/Documents/GitHub/Game-Files/GangGame/GangGameUE4/GangGameGraybox/Saved/Config/Windows/Scalability.ini]
[2020.03.29-21.33.16:037][  0]LogConfig: Setting CVar [[r.HairStrands.SkyLighting.SampleCount:16]]
[2020.03.29-21.33.16:038][  0]LogConfig: Setting CVar [[r.HairStrands.SkyLighting.JitterIntegration:0]]
[2020.03.29-21.33.16:038][  0]LogConfig: Setting CVar [[r.HairStrands.SkyAO.SampleCount:16]]
[2020.03.29-21.33.16:038][  0]LogInit: Selected Device Profile: [Windows]
[2020.03.29-21.33.16:038][  0]LogInit: Applying CVar settings loaded from the selected device profile: [Windows]
[2020.03.29-21.33.16:060][  0]LogHAL: Display: Platform has ~ 12 GB [12821692416 / 17179869184 / 12], which maps to Larger [LargestMinGB=32, LargerMinGB=12, DefaultMinGB=8, SmallerMinGB=6, SmallestMinGB=0)
[2020.03.29-21.33.16:060][  0]LogInit: Going up to parent DeviceProfile []
[2020.03.29-21.33.16:060][  0]LogConfig: Applying CVar settings from Section [ViewDistanceQuality@2] File [F:/Documents/GitHub/Game-Files/GangGame/GangGameUE4/GangGameGraybox/Saved/Config/Windows/Scalability.ini]
[2020.03.29-21.33.16:060][  0]LogConfig: Setting CVar [[r.SkeletalMeshLODBias:0]]
[2020.03.29-21.33.16:060][  0]LogConfig: Setting CVar [[r.ViewDistanceScale:0.8]]
[2020.03.29-21.33.16:060][  0]LogConfig: Applying CVar settings from Section [AntiAliasingQuality@2] File [F:/Documents/GitHub/Game-Files/GangGame/GangGameUE4/GangGameGraybox/Saved/Config/Windows/Scalability.ini]
[2020.03.29-21.33.16:060][  0]LogConfig: Setting CVar [[r.PostProcessAAQuality:3]]
[2020.03.29-21.33.16:060][  0]LogConfig: Applying CVar settings from Section [ShadowQuality@2] File [F:/Documents/GitHub/Game-Files/GangGame/GangGameUE4/GangGameGraybox/Saved/Config/Windows/Scalability.ini]
[2020.03.29-21.33.16:060][  0]LogConfig: Setting CVar [[r.LightFunctionQuality:1]]
[2020.03.29-21.33.16:060][  0]LogConfig: Setting CVar [[r.ShadowQuality:5]]
[2020.03.29-21.33.16:060][  0]LogConfig: Setting CVar [[r.Shadow.CSM.MaxCascades:4]]
[2020.03.29-21.33.16:060][  0]LogConfig: Setting CVar [[r.Shadow.MaxResolution:1024]]
[2020.03.29-21.33.16:060][  0]LogConfig: Setting CVar [[r.Shadow.MaxCSMResolution:2048]]
[2020.03.29-21.33.16:060][  0]LogConfig: Setting CVar [[r.Shadow.RadiusThreshold:0.04]]
[2020.03.29-21.33.16:060][  0]LogConfig: Setting CVar [[r.Shadow.DistanceScale:0.85]]
[2020.03.29-21.33.16:060][  0]LogConfig: Setting CVar [[r.Shadow.CSM.TransitionScale:0.8]]
[2020.03.29-21.33.16:060][  0]LogConfig: Setting CVar [[r.Shadow.PreShadowResolutionFactor:0.5]]
[2020.03.29-21.33.16:060][  0]LogConfig: Setting CVar [[r.DistanceFieldShadowing:1]]
[2020.03.29-21.33.16:060][  0]LogConfig: Setting CVar [[r.DistanceFieldAO:1]]
[2020.03.29-21.33.16:060][  0]LogConfig: Setting CVar [[r.AOQuality:1]]
[2020.03.29-21.33.16:060][  0]LogConfig: Setting CVar [[r.VolumetricFog:1]]
[2020.03.29-21.33.16:060][  0]LogConfig: Setting CVar [[r.VolumetricFog.GridPixelSize:16]]
[2020.03.29-21.33.16:060][  0]LogConfig: Setting CVar [[r.VolumetricFog.GridSizeZ:64]]
[2020.03.29-21.33.16:060][  0]LogConfig: Setting CVar [[r.VolumetricFog.HistoryMissSupersampleCount:4]]
[2020.03.29-21.33.16:060][  0]LogConfig: Setting CVar [[r.LightMaxDrawDistanceScale:1]]
[2020.03.29-21.33.16:060][  0]LogConfig: Setting CVar [[r.CapsuleShadows:1]]
[2020.03.29-21.33.16:060][  0]LogConfig: Applying CVar settings from Section [PostProcessQuality@2] File [F:/Documents/GitHub/Game-Files/GangGame/GangGameUE4/GangGameGraybox/Saved/Config/Windows/Scalability.ini]
[2020.03.29-21.33.16:060][  0]LogConfig: Setting CVar [[r.MotionBlurQuality:3]]
[2020.03.29-21.33.16:060][  0]LogConfig: Setting CVar [[r.AmbientOcclusionMipLevelFactor:0.6]]
[2020.03.29-21.33.16:060][  0]LogConfig: Setting CVar [[r.AmbientOcclusionMaxQuality:100]]
[2020.03.29-21.33.16:060][  0]LogConfig: Setting CVar [[r.AmbientOcclusionLevels:-1]]
[2020.03.29-21.33.16:060][  0]LogConfig: Setting CVar [[r.AmbientOcclusionRadiusScale:1.5]]
[2020.03.29-21.33.16:060][  0]LogConfig: Setting CVar [[r.DepthOfFieldQuality:2]]
[2020.03.29-21.33.16:061][  0]LogConfig: Setting CVar [[r.RenderTargetPoolMin:400]]
[2020.03.29-21.33.16:061][  0]LogConfig: Setting CVar [[r.LensFlareQuality:2]]
[2020.03.29-21.33.16:061][  0]LogConfig: Setting CVar [[r.SceneColorFringeQuality:1]]
[2020.03.29-21.33.16:061][  0]LogConfig: Setting CVar [[r.EyeAdaptationQuality:2]]
[2020.03.29-21.33.16:061][  0]LogConfig: Setting CVar [[r.BloomQuality:5]]
[2020.03.29-21.33.16:061][  0]LogConfig: Setting CVar [[r.FastBlurThreshold:3]]
[2020.03.29-21.33.16:061][  0]LogConfig: Setting CVar [[r.Upscale.Quality:2]]
[2020.03.29-21.33.16:061][  0]LogConfig: Setting CVar [[r.Tonemapper.GrainQuantization:1]]
[2020.03.29-21.33.16:061][  0]LogConfig: Setting CVar [[r.LightShaftQuality:1]]
[2020.03.29-21.33.16:061][  0]LogConfig: Setting CVar [[r.Filter.SizeScale:0.8]]
[2020.03.29-21.33.16:061][  0]LogConfig: Setting CVar [[r.Tonemapper.Quality:5]]
[2020.03.29-21.33.16:061][  0]LogConfig: Setting CVar [[r.DOF.Gather.AccumulatorQuality:0        ; lower gathering accumulator quality]]
[2020.03.29-21.33.16:061][  0]LogConfig: Setting CVar [[r.DOF.Gather.PostfilterMethod:2          ; Max3x3 postfilering method]]
[2020.03.29-21.33.16:061][  0]LogConfig: Setting CVar [[r.DOF.Gather.EnableBokehSettings:0       ; no bokeh simulation when gathering]]
[2020.03.29-21.33.16:061][  0]LogConfig: Setting CVar [[r.DOF.Gather.RingCount:4                 ; medium number of samples when gathering]]
[2020.03.29-21.33.16:061][  0]LogConfig: Setting CVar [[r.DOF.Scatter.ForegroundCompositing:1    ; additive foreground scattering]]
[2020.03.29-21.33.16:061][  0]LogConfig: Setting CVar [[r.DOF.Scatter.BackgroundCompositing:1    ; no background occlusion]]
[2020.03.29-21.33.16:061][  0]LogConfig: Setting CVar [[r.DOF.Scatter.EnableBokehSettings:0      ; no bokeh simulation when scattering]]
[2020.03.29-21.33.16:061][  0]LogConfig: Setting CVar [[r.DOF.Scatter.MaxSpriteRatio:0.04        ; only a maximum of 4% of scattered bokeh]]
[2020.03.29-21.33.16:061][  0]LogConfig: Setting CVar [[r.DOF.Recombine.Quality:0                ; no slight out of focus]]
[2020.03.29-21.33.16:061][  0]LogConfig: Setting CVar [[r.DOF.TemporalAAQuality:0                ; faster temporal accumulation]]
[2020.03.29-21.33.16:061][  0]LogConfig: Setting CVar [[r.DOF.Kernel.MaxForegroundRadius:0.012   ; required because of AccumulatorQuality=0]]
[2020.03.29-21.33.16:061][  0]LogConfig: Setting CVar [[r.DOF.Kernel.MaxBackgroundRadius:0.012   ; required because of AccumulatorQuality=0]]
[2020.03.29-21.33.16:061][  0]LogConfig: Applying CVar settings from Section [TextureQuality@2] File [F:/Documents/GitHub/Game-Files/GangGame/GangGameUE4/GangGameGraybox/Saved/Config/Windows/Scalability.ini]
[2020.03.29-21.33.16:061][  0]LogConfig: Setting CVar [[r.Streaming.MipBias:0]]
[2020.03.29-21.33.16:061][  0]LogConfig: Setting CVar [[r.Streaming.AmortizeCPUToGPUCopy:0]]
[2020.03.29-21.33.16:061][  0]LogConfig: Setting CVar [[r.Streaming.MaxNumTexturesToStreamPerFrame:0]]
[2020.03.29-21.33.16:061][  0]LogConfig: Setting CVar [[r.Streaming.Boost:1]]
[2020.03.29-21.33.16:061][  0]LogConfig: Setting CVar [[r.MaxAnisotropy:4]]
[2020.03.29-21.33.16:061][  0]LogConfig: Setting CVar [[r.VT.MaxAnisotropy:8]]
[2020.03.29-21.33.16:061][  0]LogConfig: Setting CVar [[r.Streaming.LimitPoolSizeToVRAM:1]]
[2020.03.29-21.33.16:061][  0]LogConfig: Setting CVar [[r.Streaming.PoolSize:800]]
[2020.03.29-21.33.16:061][  0]LogConfig: Setting CVar [[r.Streaming.MaxEffectiveScreenSize:0]]
[2020.03.29-21.33.16:061][  0]LogConfig: Applying CVar settings from Section [EffectsQuality@2] File [F:/Documents/GitHub/Game-Files/GangGame/GangGameUE4/GangGameGraybox/Saved/Config/Windows/Scalability.ini]
[2020.03.29-21.33.16:061][  0]LogConfig: Setting CVar [[r.TranslucencyLightingVolumeDim:48]]
[2020.03.29-21.33.16:061][  0]LogConfig: Setting CVar [[r.RefractionQuality:2]]
[2020.03.29-21.33.16:061][  0]LogConfig: Setting CVar [[r.SSR.Quality:2]]
[2020.03.29-21.33.16:061][  0]LogConfig: Setting CVar [[r.SSR.HalfResSceneColor:1]]
[2020.03.29-21.33.16:061][  0]LogConfig: Setting CVar [[r.SceneColorFormat:3]]
[2020.03.29-21.33.16:061][  0]LogConfig: Setting CVar [[r.DetailMode:1]]
[2020.03.29-21.33.16:061][  0]LogConfig: Setting CVar [[r.TranslucencyVolumeBlur:1]]
[2020.03.29-21.33.16:061][  0]LogConfig: Setting CVar [[r.MaterialQualityLevel:1 ; High quality]]
[2020.03.29-21.33.16:061][  0]LogConfig: Setting CVar [[r.SSS.Scale:1]]
[2020.03.29-21.33.16:061][  0]LogConfig: Setting CVar [[r.SSS.SampleSet:1]]
[2020.03.29-21.33.16:061][  0]LogConfig: Setting CVar [[r.SSS.Quality:-1]]
[2020.03.29-21.33.16:061][  0]LogConfig: Setting CVar [[r.SSS.HalfRes:1]]
[2020.03.29-21.33.16:061][  0]LogConfig: Setting CVar [[r.SSGI.Quality:2]]
[2020.03.29-21.33.16:061][  0]LogConfig: Setting CVar [[r.EmitterSpawnRateScale:0.5]]
[2020.03.29-21.33.16:061][  0]LogConfig: Setting CVar [[r.ParticleLightQuality:1]]
[2020.03.29-21.33.16:061][  0]LogConfig: Setting CVar [[r.SkyAtmosphere.AerialPerspectiveLUT.FastApplyOnOpaque:1 ; Always have FastSkyLUT 1 in this case to avoid wrong sky]]
[2020.03.29-21.33.16:061][  0]LogConfig: Setting CVar [[r.SkyAtmosphere.AerialPerspectiveLUT.SampleCountPerSlice:1]]
[2020.03.29-21.33.16:061][  0]LogConfig: Setting CVar [[r.SkyAtmosphere.AerialPerspectiveLUT.DepthResolution:16.0]]
[2020.03.29-21.33.16:061][  0]LogConfig: Setting CVar [[r.SkyAtmosphere.FastSkyLUT:1]]
[2020.03.29-21.33.16:061][  0]LogConfig: Setting CVar [[r.SkyAtmosphere.FastSkyLUT.SampleCountMin:4.0]]
[2020.03.29-21.33.16:061][  0]LogConfig: Setting CVar [[r.SkyAtmosphere.FastSkyLUT.SampleCountMax:32.0]]
[2020.03.29-21.33.16:061][  0]LogConfig: Setting CVar [[r.SkyAtmosphere.SampleCountMin:4.0]]
[2020.03.29-21.33.16:061][  0]LogConfig: Setting CVar [[r.SkyAtmosphere.SampleCountMax:32.0]]
[2020.03.29-21.33.16:061][  0]LogConfig: Setting CVar [[r.SkyAtmosphere.TransmittanceLUT.UseSmallFormat:0]]
[2020.03.29-21.33.16:061][  0]LogConfig: Setting CVar [[r.SkyAtmosphere.TransmittanceLUT.SampleCount:10.0]]
[2020.03.29-21.33.16:061][  0]LogConfig: Setting CVar [[r.SkyAtmosphere.MultiScatteringLUT.SampleCount:15.0]]
[2020.03.29-21.33.16:061][  0]LogConfig: Applying CVar settings from Section [FoliageQuality@2] File [F:/Documents/GitHub/Game-Files/GangGame/GangGameUE4/GangGameGraybox/Saved/Config/Windows/Scalability.ini]
[2020.03.29-21.33.16:061][  0]LogConfig: Setting CVar [[foliage.DensityScale:0.8]]
[2020.03.29-21.33.16:062][  0]LogConfig: Setting CVar [[grass.DensityScale:0.8]]
[2020.03.29-21.33.16:062][  0]LogConfig: Applying CVar settings from Section [ShadingQuality@3] File [F:/Documents/GitHub/Game-Files/GangGame/GangGameUE4/GangGameGraybox/Saved/Config/Windows/Scalability.ini]
[2020.03.29-21.33.16:062][  0]LogConfig: Setting CVar [[r.HairStrands.SkyLighting.SampleCount:16]]
[2020.03.29-21.33.16:062][  0]LogConfig: Setting CVar [[r.HairStrands.SkyLighting.JitterIntegration:0]]
[2020.03.29-21.33.16:062][  0]LogConfig: Setting CVar [[r.HairStrands.SkyAO.SampleCount:16]]
[2020.03.29-21.33.16:062][  0]LogConfig: Applying CVar settings from Section [Startup] File [../../../Engine/Config/ConsoleVariables.ini]
[2020.03.29-21.33.16:077][  0]LogConfig: Setting CVar [[net.UseAdaptiveNetUpdateFrequency:0]]
[2020.03.29-21.33.16:077][  0]LogConfig: Setting CVar [[p.chaos.AllowCreatePhysxBodies:1]]
[2020.03.29-21.33.16:077][  0]LogConfig: Applying CVar settings from Section [ConsoleVariables] File [F:/Documents/GitHub/Game-Files/GangGame/GangGameUE4/GangGameGraybox/Saved/Config/Windows/Engine.ini]
[2020.03.29-21.33.16:077][  0]LogInit: Computer: DESKTOP-F38UP8C
[2020.03.29-21.33.16:077][  0]LogInit: User: danie
[2020.03.29-21.33.16:077][  0]LogInit: CPU Page size=4096, Cores=4
[2020.03.29-21.33.16:077][  0]LogInit: High frequency timer resolution =10.000000 MHz
[2020.03.29-21.33.16:077][  0]LogMemory: Memory total: Physical=11.9GB (12GB approx)
[2020.03.29-21.33.16:077][  0]LogMemory: Platform Memory Stats for Windows
[2020.03.29-21.33.16:078][  0]LogMemory: Process Physical Memory: 109.21 MB used, 109.21 MB peak
[2020.03.29-21.33.16:078][  0]LogMemory: Process Virtual Memory: 100.49 MB used, 100.49 MB peak
[2020.03.29-21.33.16:078][  0]LogMemory: Physical Memory: 4682.09 MB used,  7545.63 MB free, 12227.72 MB total
[2020.03.29-21.33.16:078][  0]LogMemory: Virtual Memory: 5182.63 MB used,  134212544.00 MB free, 134217728.00 MB total
[2020.03.29-21.33.16:086][  0]LogWindows: WindowsPlatformFeatures enabled
[2020.03.29-21.33.16:634][  0]LogInit: Using OS detected language (en-GB).
[2020.03.29-21.33.16:634][  0]LogInit: Using OS detected locale (en-GB).
[2020.03.29-21.33.16:638][  0]LogTextLocalizationManager: No specific localization for 'en-GB' exists, so the 'en' localization will be used.
[2020.03.29-21.33.17:501][  0]LogInit: Setting process to per monitor DPI aware
[2020.03.29-21.33.17:753][  0]LogSlate: New Slate User Created.  User Index 0, Is Virtual User: 0
[2020.03.29-21.33.17:753][  0]LogSlate: Slate User Registered.  User Index 0, Is Virtual User: 0
[2020.03.29-21.33.20:610][  0]LogHMD: Failed to initialize OpenVR with code 110
[2020.03.29-21.33.20:610][  0]LogD3D11RHI: D3D11 min allowed feature level: 11_0
[2020.03.29-21.33.20:610][  0]LogD3D11RHI: D3D11 max allowed feature level: 11_0
[2020.03.29-21.33.20:610][  0]LogD3D11RHI: D3D11 adapters:
[2020.03.29-21.33.20:688][  0]LogD3D11RHI:    0. 'NVIDIA GeForce GTX 1050 Ti' (Feature Level 11_0)
[2020.03.29-21.33.20:688][  0]LogD3D11RHI:       4018/0/6113 MB DedicatedVideo/DedicatedSystem/SharedSystem, Outputs:2, VendorId:0x10de
[2020.03.29-21.33.20:691][  0]LogD3D11RHI:    1. 'Microsoft Basic Render Driver' (Feature Level 11_0)
[2020.03.29-21.33.20:691][  0]LogD3D11RHI:       0/0/6113 MB DedicatedVideo/DedicatedSystem/SharedSystem, Outputs:0, VendorId:0x1414
[2020.03.29-21.33.20:691][  0]LogD3D11RHI: Chosen D3D11 Adapter: 0
[2020.03.29-21.33.20:697][  0]LogD3D11RHI: Creating new Direct3DDevice
[2020.03.29-21.33.20:697][  0]LogD3D11RHI:     GPU DeviceId: 0x1c82 (for the marketing name, search the web for "GPU Device Id")
[2020.03.29-21.33.20:697][  0]LogWindows: EnumDisplayDevices:
[2020.03.29-21.33.20:697][  0]LogWindows:    0. 'NVIDIA GeForce GTX 1050 Ti' (P:0 D:1)
[2020.03.29-21.33.20:697][  0]LogWindows:    1. 'NVIDIA GeForce GTX 1050 Ti' (P:1 D:1)
[2020.03.29-21.33.20:698][  0]LogWindows:    2. 'NVIDIA GeForce GTX 1050 Ti' (P:0 D:0)
[2020.03.29-21.33.20:698][  0]LogWindows:    3. 'NVIDIA GeForce GTX 1050 Ti' (P:0 D:0)
[2020.03.29-21.33.20:698][  0]LogWindows: DebugString: FoundDriverCount:4 
[2020.03.29-21.33.20:698][  0]LogD3D11RHI:     Adapter Name: NVIDIA GeForce GTX 1050 Ti
[2020.03.29-21.33.20:698][  0]LogD3D11RHI:   Driver Version: 432.00 (internal:26.21.14.3200, unified:432.00)
[2020.03.29-21.33.20:698][  0]LogD3D11RHI:      Driver Date: 7-24-2019
[2020.03.29-21.33.20:698][  0]LogRHI: Texture pool is 2812 MB (70% of 4018 MB)
[2020.03.29-21.33.20:737][  0]LogD3D11RHI: RHI has support for 64 bit atomics
[2020.03.29-21.33.20:737][  0]LogD3D11RHI: Async texture creation enabled
[2020.03.29-21.33.20:752][  0]LogD3D11RHI: GPU Timing Frequency: 1000.000000 (Debug: 2 1)
[2020.03.29-21.33.21:439][  0]LogTargetPlatformManager: Display: Loaded TargetPlatform 'AllDesktop'
[2020.03.29-21.33.21:534][  0]LogTargetPlatformManager: Display: Loaded TargetPlatform 'Android'
[2020.03.29-21.33.21:534][  0]LogTargetPlatformManager: Display: Loaded TargetPlatform 'Android_ASTC'
[2020.03.29-21.33.21:534][  0]LogTargetPlatformManager: Display: Loaded TargetPlatform 'Android_ATC'
[2020.03.29-21.33.21:534][  0]LogTargetPlatformManager: Display: Loaded TargetPlatform 'Android_DXT'
[2020.03.29-21.33.21:534][  0]LogTargetPlatformManager: Display: Loaded TargetPlatform 'Android_ETC1'
[2020.03.29-21.33.21:534][  0]LogTargetPlatformManager: Display: Loaded TargetPlatform 'Android_ETC1a'
[2020.03.29-21.33.21:534][  0]LogTargetPlatformManager: Display: Loaded TargetPlatform 'Android_ETC2'
[2020.03.29-21.33.21:534][  0]LogTargetPlatformManager: Display: Loaded TargetPlatform 'Android_PVRTC'
[2020.03.29-21.33.21:534][  0]LogTargetPlatformManager: Display: Loaded TargetPlatform 'AndroidClient'
[2020.03.29-21.33.21:534][  0]LogTargetPlatformManager: Display: Loaded TargetPlatform 'Android_ASTCClient'
[2020.03.29-21.33.21:534][  0]LogTargetPlatformManager: Display: Loaded TargetPlatform 'Android_ATCClient'
[2020.03.29-21.33.21:534][  0]LogTargetPlatformManager: Display: Loaded TargetPlatform 'Android_DXTClient'
[2020.03.29-21.33.21:534][  0]LogTargetPlatformManager: Display: Loaded TargetPlatform 'Android_ETC1Client'
[2020.03.29-21.33.21:534][  0]LogTargetPlatformManager: Display: Loaded TargetPlatform 'Android_ETC1aClient'
[2020.03.29-21.33.21:534][  0]LogTargetPlatformManager: Display: Loaded TargetPlatform 'Android_ETC2Client'
[2020.03.29-21.33.21:534][  0]LogTargetPlatformManager: Display: Loaded TargetPlatform 'Android_PVRTCClient'
[2020.03.29-21.33.21:534][  0]LogTargetPlatformManager: Display: Loaded TargetPlatform 'Android_Multi'
[2020.03.29-21.33.21:534][  0]LogTargetPlatformManager: Display: Loaded TargetPlatform 'Android_MultiClient'
[2020.03.29-21.33.21:611][  0]LogTargetPlatformManager: Display: Loaded TargetPlatform 'IOSClient'
[2020.03.29-21.33.21:611][  0]LogTargetPlatformManager: Display: Loaded TargetPlatform 'IOS'
[2020.03.29-21.33.21:630][  0]LogTargetPlatformManager: Display: Loaded TargetPlatform 'LinuxNoEditor'
[2020.03.29-21.33.21:768][  0]LogTargetPlatformManager: Display: Loaded TargetPlatform 'LinuxClient'
[2020.03.29-21.33.21:785][  0]LogTargetPlatformManager: Display: Loaded TargetPlatform 'LinuxServer'
[2020.03.29-21.33.21:798][  0]LogTargetPlatformManager: Display: Loaded TargetPlatform 'LinuxAArch64NoEditor'
[2020.03.29-21.33.21:807][  0]LogTargetPlatformManager: Display: Loaded TargetPlatform 'LinuxAArch64Client'
[2020.03.29-21.33.21:817][  0]LogTargetPlatformManager: Display: Loaded TargetPlatform 'LinuxAArch64Server'
[2020.03.29-21.33.21:856][  0]LogTargetPlatformManager: Display: Loaded TargetPlatform 'Lumin'
[2020.03.29-21.33.21:856][  0]LogTargetPlatformManager: Display: Loaded TargetPlatform 'LuminClient'
[2020.03.29-21.33.21:871][  0]LogTargetPlatformManager: Display: Loaded TargetPlatform 'TVOSClient'
[2020.03.29-21.33.21:871][  0]LogTargetPlatformManager: Display: Loaded TargetPlatform 'TVOS'
[2020.03.29-21.33.21:884][  0]LogTargetPlatformManager: Display: Loaded TargetPlatform 'WindowsNoEditor'
[2020.03.29-21.33.21:893][  0]LogTargetPlatformManager: Display: Loaded TargetPlatform 'Windows'
[2020.03.29-21.33.21:907][  0]LogTargetPlatformManager: Display: Loaded TargetPlatform 'WindowsClient'
[2020.03.29-21.33.21:916][  0]LogTargetPlatformManager: Display: Loaded TargetPlatform 'WindowsServer'
[2020.03.29-21.33.21:916][  0]LogTargetPlatformManager: Display: Building Assets For Windows
[2020.03.29-21.33.22:010][  0]LogAudioDebug: Display: Lib vorbis DLL was dynamically loaded.
[2020.03.29-21.33.22:537][  0]LogShaderCompilers: Guid format shader working directory is -15 characters bigger than the processId version (../../../../Documents/GitHub/Game-Files/GangGame/GangGameUE4/GangGameGraybox/Intermediate/Shaders/WorkingDirectory/16944/).
[2020.03.29-21.33.22:538][  0]LogShaderCompilers: Cleaned the shader compiler working directory 'C:/Users/danie.DESKTOP-F38UP8C/AppData/Local/Temp/UnrealShaderWorkingDir/4C0B4255451D1D587D54029F393E17EE/'.
[2020.03.29-21.33.22:547][  0]LogXGEController: Cleaning working directory: C:/Users/danie.DESKTOP-F38UP8C/AppData/Local/Temp/UnrealXGEWorkingDir/
[2020.03.29-21.33.22:548][  0]LogXGEController: Cannot use XGE Controller as Incredibuild is not installed on this machine.
[2020.03.29-21.33.22:548][  0]LogShaderCompilers: Cannot use XGE Shader Compiler as Incredibuild is not installed on this machine.
[2020.03.29-21.33.22:548][  0]LogShaderCompilers: Display: Using Local Shader Compiler.
[2020.03.29-21.33.26:032][  0]LogDerivedDataCache: Display: Max Cache Size: 512 MB
[2020.03.29-21.33.26:578][  0]LogDerivedDataCache: Loaded boot cache 0.54s 79MB C:/Users/danie.DESKTOP-F38UP8C/AppData/Local/UnrealEngine/4.24/DerivedDataCache/Boot.ddc.
[2020.03.29-21.33.26:578][  0]LogDerivedDataCache: Display: Loaded Boot cache: C:/Users/danie.DESKTOP-F38UP8C/AppData/Local/UnrealEngine/4.24/DerivedDataCache/Boot.ddc
[2020.03.29-21.33.26:578][  0]LogDerivedDataCache: FDerivedDataBackendGraph:  Pak pak cache file ../../../../Documents/GitHub/Game-Files/GangGame/GangGameUE4/GangGameGraybox/DerivedDataCache/DDC.ddp not found, will not use a pak cache.
[2020.03.29-21.33.26:578][  0]LogDerivedDataCache: Unable to find inner node Pak for hierarchical cache Hierarchy.
[2020.03.29-21.33.26:578][  0]LogDerivedDataCache: FDerivedDataBackendGraph:  CompressedPak pak cache file ../../../../Documents/GitHub/Game-Files/GangGame/GangGameUE4/GangGameGraybox/DerivedDataCache/Compressed.ddp not found, will not use a pak cache.
[2020.03.29-21.33.26:578][  0]LogDerivedDataCache: Unable to find inner node CompressedPak for hierarchical cache Hierarchy.
[2020.03.29-21.33.26:608][  0]LogDerivedDataCache: Display: Pak cache opened for reading ../../../Engine/DerivedDataCache/Compressed.ddp.
[2020.03.29-21.33.26:608][  0]LogDerivedDataCache: FDerivedDataBackendGraph:  EnterprisePak pak cache file ../../../Enterprise/DerivedDataCache/Compressed.ddp not found, will not use a pak cache.
[2020.03.29-21.33.26:608][  0]LogDerivedDataCache: Unable to find inner node EnterprisePak for hierarchical cache Hierarchy.
[2020.03.29-21.33.26:609][  0]LogDerivedDataCache: Using Local data cache path C:/Users/danie.DESKTOP-F38UP8C/AppData/Local/UnrealEngine/Common/DerivedDataCache: Writable
[2020.03.29-21.33.26:610][  0]LogDerivedDataCache: Shared data cache path not found in *engine.ini, will not use an Shared cache.
[2020.03.29-21.33.26:610][  0]LogDerivedDataCache: Unable to find inner node Shared for hierarchical cache Hierarchy.
[2020.03.29-21.33.26:637][  0]LogMaterial: Verifying Global Shaders for PCD3D_SM5
[2020.03.29-21.33.26:640][  0]LogSlate: Using FreeType 2.10.0
[2020.03.29-21.33.26:685][  0]LogSlate: SlateFontServices - WITH_FREETYPE: 1, WITH_HARFBUZZ: 1
[2020.03.29-21.33.27:563][  0]LogAssetRegistry: FAssetRegistry took 0.0097 seconds to start up
[2020.03.29-21.33.28:163][  0]LogInit: Selected Device Profile: [Windows]
[2020.03.29-21.33.28:776][  0]LogMeshReduction: Using QuadricMeshReduction for automatic static mesh reduction
[2020.03.29-21.33.28:776][  0]LogMeshReduction: Using SimplygonMeshReduction for automatic skeletal mesh reduction
[2020.03.29-21.33.28:776][  0]LogMeshReduction: Using ProxyLODMeshReduction for automatic mesh merging
[2020.03.29-21.33.28:776][  0]LogMeshReduction: No distributed automatic mesh merging module available
[2020.03.29-21.33.28:776][  0]LogMeshMerging: No distributed automatic mesh merging module available
[2020.03.29-21.33.28:815][  0]LogNetVersion: GangGameGraybox 1.0.0, NetCL: 10570792, EngineNetVer: 13, GameNetVer: 0 (Checksum: 3586570893)
[2020.03.29-21.33.39:374][  0]LogPackageLocalizationCache: Processed 12 localized package path(s) for 1 prioritized culture(s) in 0.055353 seconds
[2020.03.29-21.33.39:382][  0]LogUObjectArray: 46750 objects as part of root set at end of initial load.
[2020.03.29-21.33.39:382][  0]LogUObjectAllocator: 8137160 out of 0 bytes used by permanent object pool.
[2020.03.29-21.33.39:382][  0]LogUObjectArray: CloseDisregardForGC: 0/0 objects in disregard for GC pool
[2020.03.29-21.33.42:025][  0]LogLinker: Warning: Asset '../../Plugins/Marketplace/Linter/Content/MarketplaceLinter/MarketplaceLintRuleSet.uasset' has been saved with empty engine version. The asset will be loaded but may be incompatible.
[2020.03.29-21.33.42:276][  0]LogTcpMessaging: Initializing TcpMessaging bridge
[2020.03.29-21.33.42:296][  0]LogUdpMessaging: Initializing bridge on interface 25.12.122.167:6666 to multicast group 25.12.176.148:6666.
[2020.03.29-21.33.42:296][  0]FUdpSocketBuilder: Failed to bind UdpMessageUnicastSocket to 25.12.122.167:6666
[2020.03.29-21.33.42:296][  0]FUdpSocketBuilder: Failed to configure multicast for UdpMessageUnicastSocket (loopback: 1, ttl: 1)
[2020.03.29-21.33.42:296][  0]FUdpSocketBuilder: Failed to create and initialize socket UdpMessageUnicastSocket (last error: 0)
[2020.03.29-21.33.42:296][  0]LogUdpMessaging: Error: StartTransport failed to create unicast socket on 25.12.122.167:6666
[2020.03.29-21.33.43:202][  0]SourceControl: Source control is disabled
[2020.03.29-21.33.43:202][  0]LogWindows: Warning: CreateProc failed: The system cannot find the file specified. (0x00000002)
[2020.03.29-21.33.43:202][  0]LogWindows: Warning: URL: C:/Users/jerem/AppData/Local/GitHubDesktop/app-2.4.0/resources/app/git/cmd/git.exe version
[2020.03.29-21.33.43:279][  0]LogWindows: Warning: CreateProc failed: The system cannot find the file specified. (0x00000002)
[2020.03.29-21.33.43:279][  0]LogWindows: Warning: URL: C:/Users/jerem/AppData/Local/GitHubDesktop/app-2.4.0/resources/app/git/cmd/git.exe version
[2020.03.29-21.33.43:313][  0]LogWindows: Warning: CreateProc failed: The system cannot find the file specified. (0x00000002)
[2020.03.29-21.33.43:313][  0]LogWindows: Warning: URL: C:/Users/jerem/AppData/Local/GitHubDesktop/app-2.4.0/resources/app/git/cmd/git.exe version
[2020.03.29-21.33.43:331][  0]LogWindows: Warning: CreateProc failed: The system cannot find the file specified. (0x00000002)
[2020.03.29-21.33.43:331][  0]LogWindows: Warning: URL: C:/Users/jerem/AppData/Local/GitHubDesktop/app-2.4.0/resources/app/git/cmd/git.exe version
[2020.03.29-21.33.44:691][  0]LogAndroidPermission: UAndroidPermissionCallbackProxy::GetInstance
[2020.03.29-21.33.44:748][  0]LogAudioCaptureCore: Display: No Audio Capture implementations found. Audio input will be silent.
[2020.03.29-21.33.44:749][  0]LogAudioCaptureCore: Display: No Audio Capture implementations found. Audio input will be silent.
[2020.03.29-21.33.45:135][  0]LogOcInput: OculusInput pre-init called
[2020.03.29-21.33.45:185][  0]LogWindows: Failed to load 'OVRPlugin.dll' (GetLastError=126)
[2020.03.29-21.33.45:186][  0]LogWindows: File 'OVRPlugin.dll' does not exist
[2020.03.29-21.33.45:525][  0]LogEngine: Initializing Engine...
[2020.03.29-21.33.45:526][  0]LogHMD: Failed to initialize OpenVR with code 110
[2020.03.29-21.33.45:538][  0]LogStats: UGameplayTagsManager::InitializeManager -  0.011 s
[2020.03.29-21.33.45:874][  0]LogInit: Initializing FReadOnlyCVARCache
[2020.03.29-21.33.45:939][  0]LogAIModule: Creating AISystem for world Untitled
[2020.03.29-21.33.46:000][  0]LogAudioMixer: Display: Audio Mixer Platform Settings:
[2020.03.29-21.33.46:000][  0]LogAudioMixer: Display: 	Sample Rate:						  48000
[2020.03.29-21.33.46:000][  0]LogAudioMixer: Display: 	Callback Buffer Frame Size Requested: 1024
[2020.03.29-21.33.46:000][  0]LogAudioMixer: Display: 	Callback Buffer Frame Size To Use:	  1024
[2020.03.29-21.33.46:000][  0]LogAudioMixer: Display: 	Number of buffers to queue:			  2
[2020.03.29-21.33.46:000][  0]LogAudioMixer: Display: 	Max Channels (voices):				  32
[2020.03.29-21.33.46:000][  0]LogAudioMixer: Display: 	Number of Async Source Workers:		  0
[2020.03.29-21.33.46:000][  0]LogAudio: Display: AudioDevice MaxSources: 32
[2020.03.29-21.33.46:001][  0]LogAudio: Display: Using built-in audio occlusion.
[2020.03.29-21.33.46:001][  0]LogAudioMixer: Display: Initializing audio mixer.
[2020.03.29-21.33.46:058][  0]LogAudioMixer: Display: Audio Device Output Speaker Info:
[2020.03.29-21.33.46:058][  0]LogAudioMixer: Display: Name: Speakers / Headphones (Realtek High Definition Audio)
[2020.03.29-21.33.46:058][  0]LogAudioMixer: Display: Is Default: Yes
[2020.03.29-21.33.46:058][  0]LogAudioMixer: Display: Sample Rate: 48000
[2020.03.29-21.33.46:058][  0]LogAudioMixer: Display: Channel Count Used: 2
[2020.03.29-21.33.46:058][  0]LogAudioMixer: Display: Device Channel Count: 2
[2020.03.29-21.33.46:058][  0]LogAudioMixer: Display: Channel Order:
[2020.03.29-21.33.46:058][  0]LogAudioMixer: Display: 0: FrontLeft
[2020.03.29-21.33.46:058][  0]LogAudioMixer: Display: 1: FrontRight
[2020.03.29-21.33.46:279][  0]LogAudioMixer: Display: Using Audio Device Speakers / Headphones (Realtek High Definition Audio)
[2020.03.29-21.33.46:284][  0]LogInit: FAudioDevice initialized.
[2020.03.29-21.33.46:284][  0]LogNetVersion: Set ProjectVersion to 1.0.0.0. Version Checksum will be recalculated on next use.
[2020.03.29-21.33.46:453][  0]LogDerivedDataCache: Saved boot cache 0.17s 79MB C:/Users/danie.DESKTOP-F38UP8C/AppData/Local/UnrealEngine/4.24/DerivedDataCache/Boot.ddc.
[2020.03.29-21.33.46:457][  0]LogInit: Texture streaming: Enabled
[2020.03.29-21.33.46:547][  0]LogEngineSessionManager: EngineSessionManager initialized
[2020.03.29-21.33.46:547][  0]LogEditorSessionSummary: Verbose: Initializing EditorSessionSummaryWriter for editor session tracking
[2020.03.29-21.33.46:553][  0]LogEditorSessionSummary: EditorSessionSummaryWriter initialized
[2020.03.29-21.33.46:996][  0]LogInit: Transaction tracking system initialized
[2020.03.29-21.33.47:278][  0]BlueprintLog: New page: Editor Load
[2020.03.29-21.33.47:812][  0]LocalizationService: Localization service is disabled
[2020.03.29-21.33.48:854][  0]LogFileCache: Scanning file cache for directory 'F:/Documents/GitHub/Game-Files/GangGame/GangGameUE4/GangGameGraybox/Content/' took 0.02s
[2020.03.29-21.33.48:854][  0]LogCook: Display: Max memory allowance for cook 16384mb min free memory 0mb
[2020.03.29-21.33.48:854][  0]LogCook: Display: Mobile HDR setting 1
[2020.03.29-21.33.51:350][  0]LogWindows: Warning: CreateProc failed: The system cannot find the file specified. (0x00000002)
[2020.03.29-21.33.51:350][  0]LogWindows: Warning: URL: C:/Users/jerem/AppData/Local/GitHubDesktop/app-2.4.0/resources/app/git/cmd/git.exe version
[2020.03.29-21.33.51:350][  0]Cmd: MAP LOAD FILE="../../../../Documents/GitHub/Game-Files/GangGame/GangGameUE4/GangGameGraybox/Content/Game/Maps/GrayBox.umap" TEMPLATE=0 SHOWPROGRESS=1 FEATURELEVEL=3
[2020.03.29-21.33.51:350][  0]LightingResults: New page: Lighting Build
[2020.03.29-21.33.51:371][  0]LogWorld: UWorld::CleanupWorld for Untitled, bSessionEnded=true, bCleanupResources=true
[2020.03.29-21.33.51:371][  0]LogSlate: InvalidateAllWidgets triggered.  All widgets were invalidated
[2020.03.29-21.33.51:371][  0]MapCheck: New page: Map Check
[2020.03.29-21.33.51:371][  0]LightingResults: New page: Lighting Build
[2020.03.29-21.33.51:396][  0]LogUObjectHash: Compacting FUObjectHashTables data took   2.07ms
[2020.03.29-21.33.51:634][  0]LogProperty: Error: UStructProperty::Serialize Loading: Property 'StructProperty /Game/Game/HUD/HUDWidgets/PlayerHUD/Inventory/Items_BP/BP_MainItem.BP_MainItem_C:s_item'. Unknown structure.
[2020.03.29-21.33.51:634][  0]LogClass: Warning: Property s_item of s_item has a struct type mismatch (tag STRUCT_REINST_InventoryStruct_3 != prop FallbackStruct) in package:  ../../../../Documents/GitHub/Game-Files/GangGame/GangGameUE4/GangGameGraybox/Content/Game/HUD/HUDWidgets/PlayerHUD/Inventory/Items_BP/BP_MainItem.uasset. If that struct got renamed, add an entry to ActiveStructRedirects.
[2020.03.29-21.33.51:916][  0]LogClass: Warning: Property s_item of s_item has a struct type mismatch (tag InventoryStruct != prop FallbackStruct) in package:  ../../../../Documents/GitHub/Game-Files/GangGame/GangGameUE4/GangGameGraybox/Content/Game/HUD/HUDWidgets/PlayerHUD/Inventory/Items_BP/BP_Cash_1.uasset. If that struct got renamed, add an entry to ActiveStructRedirects.
[2020.03.29-21.33.52:246][  0]LogClass: Warning: Property s_item of s_item has a struct type mismatch (tag FallbackStruct != prop InventoryStruct) in package:  FObjectReader. If that struct got renamed, add an entry to ActiveStructRedirects.
[2020.03.29-21.33.52:248][  0]LogClass: Warning: Property s_item of s_item has a struct type mismatch (tag FallbackStruct != prop InventoryStruct) in package:  FObjectReader. If that struct got renamed, add an entry to ActiveStructRedirects.
[2020.03.29-21.33.52:248][  0]LogClass: Warning: Property s_item of s_item has a struct type mismatch (tag FallbackStruct != prop InventoryStruct) in package:  FObjectReader. If that struct got renamed, add an entry to ActiveStructRedirects.
[2020.03.29-21.33.54:416][  0]LogTexture: Display: Building textures: PolygonGangWarfare_Texture_01_B (AutoDXT, 2048X2048)
[2020.03.29-21.33.55:095][  0]LogStaticMesh: Building static mesh SM_Env_Plant_Lettuce_01...
[2020.03.29-21.33.55:122][  0]LogStaticMesh: Built static mesh [0.03s] /Game/PolygonTown/Meshes/Environment/SM_Env_Plant_Lettuce_01.SM_Env_Plant_Lettuce_01
[2020.03.29-21.33.55:126][  0]LogStaticMesh: Building static mesh SM_Env_Plant_Onion_01...
[2020.03.29-21.33.55:127][  0]LogStaticMesh: Built static mesh [0.00s] /Game/PolygonTown/Meshes/Environment/SM_Env_Plant_Onion_01.SM_Env_Plant_Onion_01
[2020.03.29-21.33.55:570][  0]LogStaticMesh: Building static mesh SM_Generic_Tree_02...
[2020.03.29-21.33.55:572][  0]LogStaticMesh: Built static mesh [0.00s] /Game/PolygonTown/Meshes/Generic/SM_Generic_Tree_02.SM_Generic_Tree_02
[2020.03.29-21.33.55:608][  0]LogStaticMesh: Building static mesh SM_Generic_TreeStump_01...
[2020.03.29-21.33.55:610][  0]LogStaticMesh: Built static mesh [0.00s] /Game/PolygonTown/Meshes/Generic/SM_Generic_TreeStump_01.SM_Generic_TreeStump_01
[2020.03.29-21.33.55:681][  0]LogStaticMesh: Building static mesh SM_Item_Frisbee_01...
[2020.03.29-21.33.55:682][  0]LogStaticMesh: Built static mesh [0.00s] /Game/PolygonTown/Meshes/Items/SM_Item_Frisbee_01.SM_Item_Frisbee_01
[2020.03.29-21.33.55:699][  0]LogStaticMesh: Building static mesh SM_Prop_Book_01...
[2020.03.29-21.33.55:700][  0]LogStaticMesh: Built static mesh [0.00s] /Game/PolygonTown/Meshes/Props/SM_Prop_Book_01.SM_Prop_Book_01
[2020.03.29-21.33.55:702][  0]LogStaticMesh: Building static mesh SM_Prop_BookOpen_01...
[2020.03.29-21.33.55:703][  0]LogStaticMesh: Built static mesh [0.00s] /Game/PolygonTown/Meshes/Props/SM_Prop_BookOpen_01.SM_Prop_BookOpen_01
[2020.03.29-21.33.55:748][  0]LogStaticMesh: Building static mesh SM_Prop_Chair_04...
[2020.03.29-21.33.55:752][  0]LogStaticMesh: Built static mesh [0.00s] /Game/PolygonTown/Meshes/Props/SM_Prop_Chair_04.SM_Prop_Chair_04
[2020.03.29-21.33.55:776][  0]LogStaticMesh: Building static mesh SM_Prop_Deckchair_03...
[2020.03.29-21.33.55:780][  0]LogStaticMesh: Built static mesh [0.00s] /Game/PolygonTown/Meshes/Props/SM_Prop_Deckchair_03.SM_Prop_Deckchair_03
[2020.03.29-21.33.55:787][  0]LogStaticMesh: Building static mesh SM_Prop_Deckchair_04...
[2020.03.29-21.33.55:791][  0]LogStaticMesh: Built static mesh [0.00s] /Game/PolygonTown/Meshes/Props/SM_Prop_Deckchair_04.SM_Prop_Deckchair_04
[2020.03.29-21.33.55:794][  0]LogStaticMesh: Building static mesh SM_Prop_DiningChair_01...
[2020.03.29-21.33.55:795][  0]LogStaticMesh: Built static mesh [0.00s] /Game/PolygonTown/Meshes/Props/SM_Prop_DiningChair_01.SM_Prop_DiningChair_01
[2020.03.29-21.33.55:799][  0]LogStaticMesh: Building static mesh SM_Prop_DiningChair_03...
[2020.03.29-21.33.55:800][  0]LogStaticMesh: Built static mesh [0.00s] /Game/PolygonTown/Meshes/Props/SM_Prop_DiningChair_03.SM_Prop_DiningChair_03
[2020.03.29-21.33.56:047][  0]LogStaticMesh: Building static mesh SM_Prop_Outdoor_Table_01...
[2020.03.29-21.33.56:053][  0]LogStaticMesh: Built static mesh [0.01s] /Game/PolygonTown/Meshes/Props/SM_Prop_Outdoor_Table_01.SM_Prop_Outdoor_Table_01
[2020.03.29-21.33.56:348][  0]LogSkeletalMesh: Building Skeletal Mesh SK_Wep_Machine_Pistol_01...
[2020.03.29-21.33.56:376][  0]LogSkeletalMesh: Section 0: 700 vertices, 7 active bones
[2020.03.29-21.33.56:376][  0]LogSkeletalMesh: Section 0: Material=0, 1196 triangles
[2020.03.29-21.33.56:378][  0]LogSkeletalMesh: Built Skeletal Mesh [0.03s] /Game/Synty/PolygonGangWarfare_Source_Files/UnrealFBXs/Guns/SK_Wep_Machine_Pistol_01.SK_Wep_Machine_Pistol_01
[2020.03.29-21.33.56:404][  0]LogAnimationCompression: Building Anim DDC data for AnimSequence /Game/TopDownBP/Character/Animations/Bouncing_Fight_Idle.Bouncing_Fight_Idle
[2020.03.29-21.33.56:404][  0]LogAnimationCompression: Recompressing (AnimSequence /Game/TopDownBP/Character/Animations/Bouncing_Fight_Idle.Bouncing_Fight_Idle) using current/default (AnimCompress_BitwiseCompressOnly_0) bFirstRecompressUsingCurrentOrDefault(1) bTryAlternateCompressor(0) IsCompressedDataValid(0)
[2020.03.29-21.33.57:176][  0]LogAnimationCompression: Building Anim DDC data for AnimSequence /Game/TopDownBP/Character/Animations/Cross_Punch.Cross_Punch
[2020.03.29-21.33.57:176][  0]LogAnimationCompression: Recompressing (AnimSequence /Game/TopDownBP/Character/Animations/Cross_Punch.Cross_Punch) using current/default (AnimCompress_BitwiseCompressOnly_0) bFirstRecompressUsingCurrentOrDefault(1) bTryAlternateCompressor(0) IsCompressedDataValid(0)
[2020.03.29-21.33.57:211][  0]LogMaterial: Display: Missing cached shader map for material PolygonGangWarfare_Texture_01_B_Mat, compiling. 
[2020.03.29-21.33.57:269][  0]LogSkeletalMesh: Building Skeletal Mesh SK_Wep_Shotgun_01...
[2020.03.29-21.33.57:280][  0]LogShaderCompilers: Display: Worker (1/3): shaders left to compile 39
[2020.03.29-21.33.57:280][  0]LogShaderCompilers: Display: Worker (2/3): shaders left to compile 29
[2020.03.29-21.33.57:281][  0]LogShaderCompilers: Display: Worker (3/3): shaders left to compile 19
[2020.03.29-21.33.57:281][  0]LogSkeletalMesh: Section 0: 308 vertices, 4 active bones
[2020.03.29-21.33.57:281][  0]LogSkeletalMesh: Section 0: Material=0, 524 triangles
[2020.03.29-21.33.57:282][  0]LogSkeletalMesh: Built Skeletal Mesh [0.01s] /Game/Synty/PolygonGangWarfare_Source_Files/UnrealFBXs/Guns/SK_Wep_Shotgun_01.SK_Wep_Shotgun_01
[2020.03.29-21.33.57:429][  0]LogAIModule: Creating AISystem for world GrayBox
[2020.03.29-21.33.57:459][  0]LogMaterial: Display: Material /Game/PolygonTown/Materials/Mat_PolygonTown_01_A.Mat_PolygonTown_01_A needed to have new flag set bUsedWithInstancedStaticMeshes !
[2020.03.29-21.33.57:481][  0]LogMaterial: Display: Missing cached shader map for material Mat_PolygonTown_01_A, compiling. 
[2020.03.29-21.33.57:554][  0]MapCheck: Warning: Mat_PolygonTown_01_A Material /Game/PolygonTown/Materials/Mat_PolygonTown_01_A.Mat_PolygonTown_01_A was missing the usage flag bUsedWithInstancedStaticMeshes. If the material asset is not re-saved, it may not render correctly when run outside the editor. Fix
[2020.03.29-21.33.57:590][  0]LogEditorServer: Finished looking for orphan Actors (0.000 secs)
[2020.03.29-21.33.57:591][  0]LogNavigation: Warning: Recreating dtNavMesh instance due to saved navmesh origin (X=0.000 Y=-881.000 Z=0.000, usually the RecastNavMesh location) not being aligned with tile size (988 uu) 
[2020.03.29-21.33.57:644][  0]LogUObjectHash: Compacting FUObjectHashTables data took   3.37ms
[2020.03.29-21.33.57:645][  0]Cmd: MAP CHECKDEP NOCLEARLOG
[2020.03.29-21.33.57:646][  0]MapCheck: Map check complete: 0 Error(s), 1 Warning(s), took 0.306ms to complete.
[2020.03.29-21.33.57:652][  0]LogFileHelpers: Loading map 'GrayBox' took 6.302
[2020.03.29-21.33.57:856][  0]LogSlate: Updating window title bar state: overlay mode, drag disabled, window buttons hidden, title bar hidden
[2020.03.29-21.33.57:864][  0]LogSlate: Updating window title bar state: overlay mode, drag disabled, window buttons hidden, title bar hidden
[2020.03.29-21.33.57:873][  0]LogSlate: Updating window title bar state: overlay mode, drag disabled, window buttons hidden, title bar hidden
[2020.03.29-21.33.57:882][  0]LogSlate: Updating window title bar state: overlay mode, drag disabled, window buttons hidden, title bar hidden
[2020.03.29-21.33.57:898][  0]LogCollectionManager: Loaded 0 collections in 0.001006 seconds
[2020.03.29-21.33.57:959][  0]LogFileCache: Scanning file cache for directory 'F:/Documents/GitHub/Game-Files/GangGame/GangGameUE4/GangGameGraybox/Saved/Collections/' took 0.00s
[2020.03.29-21.33.57:959][  0]LogFileCache: Scanning file cache for directory 'F:/Documents/GitHub/Game-Files/GangGame/GangGameUE4/GangGameGraybox/Content/Developers/danie/Collections/' took 0.00s
[2020.03.29-21.33.57:959][  0]LogFileCache: Scanning file cache for directory 'F:/Documents/GitHub/Game-Files/GangGame/GangGameUE4/GangGameGraybox/Content/Collections/' took 0.00s
[2020.03.29-21.33.57:959][  0]LogContentBrowser: Native class hierarchy populated in 0.0095 seconds. Added 3055 classes and 743 folders.
[2020.03.29-21.33.57:976][  0]LogContentBrowser: Native class hierarchy updated for 'WidgetCarousel' in 0.0003 seconds. Added 0 classes and 0 folders.
[2020.03.29-21.33.59:065][  0]LogContentBrowser: Native class hierarchy updated for 'AddContentDialog' in 0.0003 seconds. Added 0 classes and 0 folders.
[2020.03.29-21.33.59:098][  0]LogContentBrowser: Native class hierarchy updated for 'SceneOutliner' in 0.0004 seconds. Added 2 classes and 3 folders.
[2020.03.29-21.33.59:383][  0]LogSlate: Took 0.023563 seconds to synchronously load lazily loaded font '../../../Engine/Content/Slate/Fonts/Roboto-Regular.ttf' (155K)
[2020.03.29-21.33.59:403][  0]LogSlate: Took 0.017429 seconds to synchronously load lazily loaded font '../../../Engine/Content/Slate/Fonts/Roboto-Bold.ttf' (160K)
[2020.03.29-21.33.59:417][  0]LogSlate: Took 0.010217 seconds to synchronously load lazily loaded font '../../../Engine/Content/Editor/Slate/Fonts/FontAwesome.ttf' (139K)
[2020.03.29-21.33.59:582][  0]LogRenderer: Reallocating scene render targets to support 256x256 Format 10 NumSamples 1 (Frame:1).
[2020.03.29-21.33.59:657][  0]LogRenderer: Reallocating scene render targets to support 1056x556 Format 9 NumSamples 1 (Frame:1).
[2020.03.29-21.34.15:758][  0]LogShaderCompilers: Display: Worker (3/3): shaders left to compile 80
[2020.03.29-21.34.15:758][  0]LogShaderCompilers: Display: Worker (2/3): shaders left to compile 70
[2020.03.29-21.34.15:758][  0]LogShaderCompilers: Display: Worker (1/3): shaders left to compile 60
[2020.03.29-21.34.15:758][  0]LogShaderCompilers: Display: Worker (3/3): shaders left to compile 50
[2020.03.29-21.34.15:758][  0]LogShaderCompilers: Display: Worker (2/3): shaders left to compile 40
[2020.03.29-21.34.15:758][  0]LogShaderCompilers: Display: Worker (1/3): shaders left to compile 30
[2020.03.29-21.34.15:758][  0]LogShaderCompilers: Display: Worker (3/3): shaders left to compile 20
[2020.03.29-21.34.15:758][  0]LogShaderCompilers: Display: Worker (2/3): shaders left to compile 13
[2020.03.29-21.34.15:758][  0]LogShaderCompilers: Display: Worker (1/3): shaders left to compile 8
[2020.03.29-21.34.15:758][  0]LogShaderCompilers: Display: Worker (3/3): shaders left to compile 5
[2020.03.29-21.34.15:758][  0]LogShaderCompilers: Display: Worker (3/3): shaders left to compile 3
[2020.03.29-21.34.15:758][  0]LogShaderCompilers: Display: Worker (1/3): shaders left to compile 1
[2020.03.29-21.34.15:825][  0]LogContentBrowser: Native class hierarchy updated for 'HierarchicalLODOutliner' in 0.0006 seconds. Added 0 classes and 0 folders.
[2020.03.29-21.34.15:826][  0]LogLoad: (Engine Initialization) Total time: 76.45 seconds
[2020.03.29-21.34.15:826][  0]LogLoad: (Engine Initialization) Total Blueprint compile time: 0.00 seconds
[2020.03.29-21.34.15:900][  0]LogContentStreaming: Texture pool size now 800 MB
[2020.03.29-21.34.16:017][  0]LogSlate: Took 0.000219 seconds to synchronously load lazily loaded font '../../../Engine/Content/Slate/Fonts/Roboto-Light.ttf' (167K)
[2020.03.29-21.34.16:207][  2]LogAssetRegistry: Asset discovery search completed in 48.6450 seconds
[2020.03.29-21.34.16:247][  2]LogCollectionManager: Fixed up redirectors for 0 collections in 0.000012 seconds (updated 0 objects)
[2020.03.29-21.34.39:353][583]LogSlate: Took 0.000525 seconds to synchronously load lazily loaded font '../../../Engine/Content/Slate/Fonts/Roboto-Light.ttf' (167K)
[2020.03.29-21.34.39:381][583]LogAssetEditorSubsystem: Opening Asset editor for Blueprint /Game/Game/BluePrints/Gun_V1/Bullet.Bullet
[2020.03.29-21.34.39:536][583]LogContentBrowser: Native class hierarchy updated for 'BlueprintGraph' in 0.0006 seconds. Added 121 classes and 0 folders.
[2020.03.29-21.34.40:574][583]LogSlate: Took 0.000296 seconds to synchronously load lazily loaded font '../../../Engine/Content/Slate/Fonts/Roboto-BoldCondensed.ttf' (158K)
[2020.03.29-21.34.52:915][  5]BlueprintLog: New page: Compile Bullet
[2020.03.29-21.34.53:245][  5]LogUObjectHash: Compacting FUObjectHashTables data took   4.26ms
[2020.03.29-21.34.54:685][172]LogWorld: UWorld::CleanupWorld for World_1, bSessionEnded=true, bCleanupResources=true
[2020.03.29-21.34.54:685][172]LogSlate: InvalidateAllWidgets triggered.  All widgets were invalidated
[2020.03.29-21.34.56:970][418]LogUObjectHash: Compacting FUObjectHashTables data took   4.32ms
[2020.03.29-21.34.57:101][418]LogSavePackage: Moving '../../../../Documents/GitHub/Game-Files/GangGame/GangGameUE4/GangGameGraybox/Saved/Bullet7D9A270346854E2330E75AB93EFF81E9.tmp' to '../../../../Documents/GitHub/Game-Files/GangGame/GangGameUE4/GangGameGraybox/Content/Game/BluePrints/Gun_V1/Bullet.uasset'
[2020.03.29-21.34.57:115][418]AssetCheck: New page: Asset Save: Bullet
[2020.03.29-21.34.57:115][418]LogContentValidation: Display: Validating Blueprint /Game/Game/BluePrints/Gun_V1/Bullet.Bullet
