Log file open, 03/18/20 19:13:59
LogWindows: Failed to load 'aqProf.dll' (GetLastError=126)
LogWindows: File 'aqProf.dll' does not exist
LogWindows: Failed to load 'VtuneApi.dll' (GetLastError=126)
LogWindows: File 'VtuneApi.dll' does not exist
LogWindows: Failed to load 'VtuneApi32e.dll' (GetLastError=126)
LogWindows: File 'VtuneApi32e.dll' does not exist
LogConsoleResponse: Display: Failed to find resolution value strings in scalability ini. Falling back to default.
LogInit: Display: Running engine for game: GangGameGraybox
LogPlatformFile: Not using cached read wrapper
LogTaskGraph: Started task graph with 5 named threads and 14 total threads with 3 sets of task threads.
LogStats: Stats thread started at 0.121310
LogD3D11RHI: Loaded GFSDK_Aftermath_Lib.x64.dll
LogICUInternationalization: ICU TimeZone Detection - Raw Offset: -5:00, Platform Override: ''
LogPluginManager: Mounting plugin Paper2D
LogPluginManager: Mounting plugin AISupport
LogPluginManager: Mounting plugin LightPropagationVolume
LogPluginManager: Mounting plugin Designer
LogPluginManager: Mounting plugin ActorLayerUtilities
LogPluginManager: Mounting plugin AnimationSharing
LogPluginManager: Mounting plugin CLionSourceCodeAccess
LogPluginManager: Mounting plugin CodeLiteSourceCodeAccess
LogPluginManager: Mounting plugin ConcertMain
LogPluginManager: Mounting plugin ConcertSyncClient
LogPluginManager: Mounting plugin ConcertSyncCore
LogPluginManager: Mounting plugin MultiUserClient
LogPluginManager: Mounting plugin GitSourceControl
LogPluginManager: Mounting plugin KDevelopSourceCodeAccess
LogPluginManager: Mounting plugin NullSourceCodeAccess
LogPluginManager: Mounting plugin PerforceSourceControl
LogPluginManager: Mounting plugin PlasticSourceControl
LogPluginManager: Mounting plugin SubversionSourceControl
LogPluginManager: Mounting plugin UObjectPlugin
LogPluginManager: Mounting plugin VisualStudioCodeSourceCodeAccess
LogPluginManager: Mounting plugin VisualStudioSourceCodeAccess
LogPluginManager: Mounting plugin XCodeSourceCodeAccess
LogPluginManager: Mounting plugin AssetManagerEditor
LogPluginManager: Mounting plugin CryptoKeys
LogPluginManager: Mounting plugin CurveEditorTools
LogPluginManager: Mounting plugin DataValidation
LogPluginManager: Mounting plugin EditorScriptingUtilities
LogPluginManager: Mounting plugin FacialAnimation
LogPluginManager: Mounting plugin GameplayTagsEditor
LogPluginManager: Mounting plugin MacGraphicsSwitching
LogPluginManager: Mounting plugin MaterialAnalyzer
LogPluginManager: Mounting plugin MobileLauncherProfileWizard
LogPluginManager: Mounting plugin PluginBrowser
LogPluginManager: Mounting plugin SpeedTreeImporter
LogPluginManager: Mounting plugin DatasmithContent
LogPluginManager: Mounting plugin VariantManagerContent
LogPluginManager: Mounting plugin AlembicImporter
LogPluginManager: Mounting plugin AutomationUtils
LogPluginManager: Mounting plugin BackChannel
LogPluginManager: Mounting plugin CharacterAI
LogPluginManager: Mounting plugin GeometryCache
LogPluginManager: Mounting plugin PlatformCrypto
LogPluginManager: Mounting plugin ProxyLODPlugin
LogPluginManager: Mounting plugin PythonScriptPlugin
LogPluginManager: Mounting plugin SkeletalReduction
LogPluginManager: Mounting plugin MagicLeap
LogPluginManager: Mounting plugin MagicLeapMedia
LogPluginManager: Mounting plugin MLSDK
LogPluginManager: Mounting plugin Linter
LogPluginManager: Mounting plugin AndroidMedia
LogPluginManager: Mounting plugin AvfMedia
LogPluginManager: Mounting plugin ImgMedia
LogPluginManager: Mounting plugin MediaCompositing
LogPluginManager: Mounting plugin MediaPlayerEditor
LogPluginManager: Mounting plugin WebMMedia
LogPluginManager: Mounting plugin WmfMedia
LogPluginManager: Mounting plugin MegascansPlugin
LogPluginManager: Mounting plugin TcpMessaging
LogPluginManager: Mounting plugin UdpMessaging
LogPluginManager: Mounting plugin ActorSequence
LogPluginManager: Mounting plugin LevelSequenceEditor
LogPluginManager: Mounting plugin MatineeToLevelSequence
LogPluginManager: Mounting plugin NetcodeUnitTest
LogPluginManager: Mounting plugin NUTUnrealEngine4
LogPluginManager: Mounting plugin OnlineSubsystemGooglePlay
LogPluginManager: Mounting plugin OnlineSubsystemIOS
LogPluginManager: Mounting plugin OnlineSubsystem
LogPluginManager: Mounting plugin OnlineSubsystemNull
LogPluginManager: Mounting plugin OnlineSubsystemUtils
LogPluginManager: Mounting plugin LauncherChunkInstaller
LogPluginManager: Mounting plugin AndroidDeviceProfileSelector
LogPluginManager: Mounting plugin AndroidMoviePlayer
LogPluginManager: Mounting plugin AndroidPermission
LogPluginManager: Mounting plugin AppleImageUtils
LogPluginManager: Mounting plugin AppleMoviePlayer
LogPluginManager: Mounting plugin ArchVisCharacter
LogPluginManager: Mounting plugin AssetTags
LogPluginManager: Mounting plugin AudioCapture
LogPluginManager: Mounting plugin CableComponent
LogPluginManager: Mounting plugin CustomMeshComponent
LogPluginManager: Mounting plugin SQLiteCore
LogPluginManager: Mounting plugin EditableMesh
LogPluginManager: Mounting plugin ExampleDeviceProfileSelector
LogPluginManager: Mounting plugin GoogleCloudMessaging
LogPluginManager: Mounting plugin IOSDeviceProfileSelector
LogPluginManager: Mounting plugin LinuxDeviceProfileSelector
LogPluginManager: Mounting plugin LocationServicesBPLibrary
LogPluginManager: Mounting plugin MobilePatchingUtils
LogPluginManager: Mounting plugin OculusVR
LogPluginManager: Mounting plugin PhysXVehicles
LogPluginManager: Mounting plugin PostSplashScreen
LogPluginManager: Mounting plugin ProceduralMeshComponent
LogPluginManager: Mounting plugin RuntimePhysXCooking
LogPluginManager: Mounting plugin SignificanceManager
LogPluginManager: Mounting plugin SteamVR
LogPluginManager: Mounting plugin WebMMoviePlayer
LogPluginManager: Mounting plugin WindowsMoviePlayer
LogPluginManager: Mounting plugin ScreenshotTools
LogInit: Using libcurl 7.55.1-DEV
LogInit:  - built for x86_64-pc-win32
LogInit:  - supports SSL with OpenSSL/1.1.1
LogInit:  - supports HTTP deflate (compression) using libz 1.2.8
LogInit:  - other features:
LogInit:      CURL_VERSION_SSL
LogInit:      CURL_VERSION_LIBZ
LogInit:      CURL_VERSION_IPV6
LogInit:      CURL_VERSION_ASYNCHDNS
LogInit:      CURL_VERSION_LARGEFILE
LogInit:      CURL_VERSION_IDN
LogInit:  CurlRequestOptions (configurable via config and command line):
LogInit:  - bVerifyPeer = true  - Libcurl will verify peer certificate
LogInit:  - bUseHttpProxy = false  - Libcurl will NOT use HTTP proxy
LogInit:  - bDontReuseConnections = false  - Libcurl will reuse connections
LogInit:  - MaxHostConnections = 16  - Libcurl will limit the number of connections to a host
LogInit:  - LocalHostAddr = Default
LogInit:  - BufferSize = 65536
LogOnline: OSS: Creating online subsystem instance for: NULL
LogInit: WinSock: version 1.1 (2.2), MaxSocks=32767, MaxUdp=65467
LogOnline: OSS: TryLoadSubsystemAndSetDefault: Loaded subsystem for module [NULL]
LogInit: Build: ++UE4+Release-4.24-CL-11590370
LogInit: Engine Version: 4.24.3-11590370+++UE4+Release-4.24
LogInit: Compatible Engine Version: 4.24.0-10570792+++UE4+Release-4.24
LogInit: Net CL: 10570792
LogInit: OS: Windows 10 (Release 1909) (), CPU: AMD Ryzen 3 3200G with Radeon Vega Graphics    , GPU: Radeon RX 570 Series
LogInit: Compiled (64-bit): Feb 24 2020 15:39:18
LogInit: Compiled with Visual C++: 19.16.27032.01
LogInit: Build Configuration: Development
LogInit: Branch Name: ++UE4+Release-4.24
LogInit: Command Line: 
LogInit: Base Directory: C:/Program Files/Epic Games/UE_4.24/Engine/Binaries/Win64/
LogInit: Installed Engine Build: 1
LogDevObjectVersion: Number of dev versions registered: 25
LogDevObjectVersion:   Dev-Blueprints (B0D832E4-1F89-4F0D-ACCF-7EB736FD4AA2): 10
LogDevObjectVersion:   Dev-Build (E1C64328-A22C-4D53-A36C-8E866417BD8C): 0
LogDevObjectVersion:   Dev-Core (375EC13C-06E4-48FB-B500-84F0262A717E): 3
LogDevObjectVersion:   Dev-Editor (E4B068ED-F494-42E9-A231-DA0B2E46BB41): 37
LogDevObjectVersion:   Dev-Framework (CFFC743F-43B0-4480-9391-14DF171D2073): 36
LogDevObjectVersion:   Dev-Mobile (B02B49B5-BB20-44E9-A304-32B752E40360): 2
LogDevObjectVersion:   Dev-Networking (A4E4105C-59A1-49B5-A7C5-40C4547EDFEE): 0
LogDevObjectVersion:   Dev-Online (39C831C9-5AE6-47DC-9A44-9C173E1C8E7C): 0
LogDevObjectVersion:   Dev-Physics (78F01B33-EBEA-4F98-B9B4-84EACCB95AA2): 2
LogDevObjectVersion:   Dev-Platform (6631380F-2D4D-43E0-8009-CF276956A95A): 0
LogDevObjectVersion:   Dev-Rendering (12F88B9F-8875-4AFC-A67C-D90C383ABD29): 36
LogDevObjectVersion:   Dev-Sequencer (7B5AE74C-D270-4C10-A958-57980B212A5A): 11
LogDevObjectVersion:   Dev-VR (D7296918-1DD6-4BDD-9DE2-64A83CC13884): 2
LogDevObjectVersion:   Dev-LoadTimes (C2A15278-BFE7-4AFE-6C17-90FF531DF755): 1
LogDevObjectVersion:   Private-Geometry (6EACA3D4-40EC-4CC1-B786-8BED09428FC5): 3
LogDevObjectVersion:   Dev-AnimPhys (29E575DD-E0A3-4627-9D10-D276232CDCEA): 17
LogDevObjectVersion:   Dev-Anim (AF43A65D-7FD3-4947-9873-3E8ED9C1BB05): 2
LogDevObjectVersion:   Dev-ReflectionCapture (6B266CEC-1EC7-4B8F-A30B-E4D90942FC07): 1
LogDevObjectVersion:   Dev-Automation (0DF73D61-A23F-47EA-B727-89E90C41499A): 1
LogDevObjectVersion:   FortniteMain (601D1886-AC64-4F84-AA16-D3DE0DEAC7D6): 31
LogDevObjectVersion:   Dev-Enterprise (9DFFBCD6-494F-0158-E221-12823C92A888): 8
LogDevObjectVersion:   Dev-Niagara (F2AED0AC-9AFE-416F-8664-AA7FFA26D6FC): 1
LogDevObjectVersion:   Dev-Destruction (174F1F0B-B4C6-45A5-B13F-2EE8D0FB917D): 9
LogDevObjectVersion:   Dev-Physics-Ext (35F94A83-E258-406C-A318-09F59610247C): 8
LogDevObjectVersion:   Dev-CineCamera (B2E18506-4273-CFC2-A54E-F4BB758BBA07): 1
LogInit: Presizing for max 25165824 objects, including 0 objects not considered by GC, pre-allocating 0 bytes for permanent pool.
LogInit: Object subsystem initialized
LogConfig: Setting CVar [[con.DebugEarlyDefault:1]]
LogConfig: Setting CVar [[r.setres:1280x720]]
[2020.03.18-23.14.00:172][  0]LogConfig: Setting CVar [[r.VSync:0]]
[2020.03.18-23.14.00:173][  0]LogConfig: Setting CVar [[r.RHICmdBypass:0]]
[2020.03.18-23.14.00:173][  0]LogConfig: Applying CVar settings from Section [/Script/Engine.RendererSettings] File [C:/Users/jerem/Documents/GitHub/Game-Files/GangGame/GangGameUE4/GangGameGraybox/Saved/Config/Windows/Engine.ini]
[2020.03.18-23.14.00:173][  0]LogConfig: Setting CVar [[r.GPUCrashDebugging:0]]
[2020.03.18-23.14.00:173][  0]LogConfig: Applying CVar settings from Section [/Script/Engine.RendererOverrideSettings] File [C:/Users/jerem/Documents/GitHub/Game-Files/GangGame/GangGameUE4/GangGameGraybox/Saved/Config/Windows/Engine.ini]
[2020.03.18-23.14.00:173][  0]LogConfig: Applying CVar settings from Section [/Script/Engine.StreamingSettings] File [C:/Users/jerem/Documents/GitHub/Game-Files/GangGame/GangGameUE4/GangGameGraybox/Saved/Config/Windows/Engine.ini]
[2020.03.18-23.14.00:173][  0]LogConfig: Setting CVar [[s.MinBulkDataSizeForAsyncLoading:131072]]
[2020.03.18-23.14.00:173][  0]LogConfig: Setting CVar [[s.AsyncLoadingThreadEnabled:0]]
[2020.03.18-23.14.00:173][  0]LogConfig: Setting CVar [[s.EventDrivenLoaderEnabled:1]]
[2020.03.18-23.14.00:173][  0]LogConfig: Setting CVar [[s.WarnIfTimeLimitExceeded:0]]
[2020.03.18-23.14.00:173][  0]LogConfig: Setting CVar [[s.TimeLimitExceededMultiplier:1.5]]
[2020.03.18-23.14.00:173][  0]LogConfig: Setting CVar [[s.TimeLimitExceededMinTime:0.005]]
[2020.03.18-23.14.00:173][  0]LogConfig: Setting CVar [[s.UseBackgroundLevelStreaming:1]]
[2020.03.18-23.14.00:173][  0]LogConfig: Setting CVar [[s.PriorityAsyncLoadingExtraTime:15.0]]
[2020.03.18-23.14.00:173][  0]LogConfig: Setting CVar [[s.LevelStreamingActorsUpdateTimeLimit:5.0]]
[2020.03.18-23.14.00:173][  0]LogConfig: Setting CVar [[s.PriorityLevelStreamingActorsUpdateExtraTime:5.0]]
[2020.03.18-23.14.00:173][  0]LogConfig: Setting CVar [[s.LevelStreamingComponentsRegistrationGranularity:10]]
[2020.03.18-23.14.00:173][  0]LogConfig: Setting CVar [[s.UnregisterComponentsTimeLimit:1.0]]
[2020.03.18-23.14.00:173][  0]LogConfig: Setting CVar [[s.LevelStreamingComponentsUnregistrationGranularity:5]]
[2020.03.18-23.14.00:173][  0]LogConfig: Setting CVar [[s.FlushStreamingOnExit:1]]
[2020.03.18-23.14.00:173][  0]LogConfig: Applying CVar settings from Section [/Script/Engine.GarbageCollectionSettings] File [C:/Users/jerem/Documents/GitHub/Game-Files/GangGame/GangGameUE4/GangGameGraybox/Saved/Config/Windows/Engine.ini]
[2020.03.18-23.14.00:173][  0]LogConfig: Setting CVar [[gc.MaxObjectsNotConsideredByGC:1]]
[2020.03.18-23.14.00:173][  0]LogConfig: Setting CVar [[gc.SizeOfPermanentObjectPool:0]]
[2020.03.18-23.14.00:173][  0]LogConfig: Setting CVar [[gc.FlushStreamingOnGC:0]]
[2020.03.18-23.14.00:173][  0]LogConfig: Setting CVar [[gc.NumRetriesBeforeForcingGC:10]]
[2020.03.18-23.14.00:173][  0]LogConfig: Setting CVar [[gc.AllowParallelGC:1]]
[2020.03.18-23.14.00:173][  0]LogConfig: Setting CVar [[gc.TimeBetweenPurgingPendingKillObjects:61.1]]
[2020.03.18-23.14.00:173][  0]LogConfig: Setting CVar [[gc.MaxObjectsInEditor:25165824]]
[2020.03.18-23.14.00:173][  0]LogConfig: Setting CVar [[gc.IncrementalBeginDestroyEnabled:1]]
[2020.03.18-23.14.00:173][  0]LogConfig: Setting CVar [[gc.CreateGCClusters:1]]
[2020.03.18-23.14.00:173][  0]LogConfig: Setting CVar [[gc.MinGCClusterSize:5]]
[2020.03.18-23.14.00:173][  0]LogConfig: Setting CVar [[gc.ActorClusteringEnabled:0]]
[2020.03.18-23.14.00:173][  0]LogConfig: Setting CVar [[gc.BlueprintClusteringEnabled:0]]
[2020.03.18-23.14.00:173][  0]LogConfig: Setting CVar [[gc.UseDisregardForGCOnDedicatedServers:0]]
[2020.03.18-23.14.00:173][  0]LogConfig: Applying CVar settings from Section [/Script/Engine.NetworkSettings] File [C:/Users/jerem/Documents/GitHub/Game-Files/GangGame/GangGameUE4/GangGameGraybox/Saved/Config/Windows/Engine.ini]
[2020.03.18-23.14.00:173][  0]LogConfig: Applying CVar settings from Section [/Script/UnrealEd.CookerSettings] File [C:/Users/jerem/Documents/GitHub/Game-Files/GangGame/GangGameUE4/GangGameGraybox/Saved/Config/Windows/Engine.ini]
[2020.03.18-23.14.00:184][  0]LogConfig: Applying CVar settings from Section [ViewDistanceQuality@3] File [C:/Users/jerem/Documents/GitHub/Game-Files/GangGame/GangGameUE4/GangGameGraybox/Saved/Config/Windows/Scalability.ini]
[2020.03.18-23.14.00:184][  0]LogConfig: Setting CVar [[r.SkeletalMeshLODBias:0]]
[2020.03.18-23.14.00:184][  0]LogConfig: Setting CVar [[r.ViewDistanceScale:1.0]]
[2020.03.18-23.14.00:184][  0]LogConfig: Applying CVar settings from Section [AntiAliasingQuality@3] File [C:/Users/jerem/Documents/GitHub/Game-Files/GangGame/GangGameUE4/GangGameGraybox/Saved/Config/Windows/Scalability.ini]
[2020.03.18-23.14.00:184][  0]LogConfig: Setting CVar [[r.PostProcessAAQuality:4]]
[2020.03.18-23.14.00:184][  0]LogConfig: Applying CVar settings from Section [ShadowQuality@3] File [C:/Users/jerem/Documents/GitHub/Game-Files/GangGame/GangGameUE4/GangGameGraybox/Saved/Config/Windows/Scalability.ini]
[2020.03.18-23.14.00:184][  0]LogConfig: Setting CVar [[r.LightFunctionQuality:1]]
[2020.03.18-23.14.00:184][  0]LogConfig: Setting CVar [[r.ShadowQuality:5]]
[2020.03.18-23.14.00:184][  0]LogConfig: Setting CVar [[r.Shadow.CSM.MaxCascades:10]]
[2020.03.18-23.14.00:184][  0]LogConfig: Setting CVar [[r.Shadow.MaxResolution:2048]]
[2020.03.18-23.14.00:184][  0]LogConfig: Setting CVar [[r.Shadow.MaxCSMResolution:2048]]
[2020.03.18-23.14.00:184][  0]LogConfig: Setting CVar [[r.Shadow.RadiusThreshold:0.01]]
[2020.03.18-23.14.00:184][  0]LogConfig: Setting CVar [[r.Shadow.DistanceScale:1.0]]
[2020.03.18-23.14.00:184][  0]LogConfig: Setting CVar [[r.Shadow.CSM.TransitionScale:1.0]]
[2020.03.18-23.14.00:184][  0]LogConfig: Setting CVar [[r.Shadow.PreShadowResolutionFactor:1.0]]
[2020.03.18-23.14.00:184][  0]LogConfig: Setting CVar [[r.DistanceFieldShadowing:1]]
[2020.03.18-23.14.00:184][  0]LogConfig: Setting CVar [[r.DistanceFieldAO:1]]
[2020.03.18-23.14.00:184][  0]LogConfig: Setting CVar [[r.AOQuality:2]]
[2020.03.18-23.14.00:184][  0]LogConfig: Setting CVar [[r.VolumetricFog:1]]
[2020.03.18-23.14.00:184][  0]LogConfig: Setting CVar [[r.VolumetricFog.GridPixelSize:8]]
[2020.03.18-23.14.00:184][  0]LogConfig: Setting CVar [[r.VolumetricFog.GridSizeZ:128]]
[2020.03.18-23.14.00:184][  0]LogConfig: Setting CVar [[r.VolumetricFog.HistoryMissSupersampleCount:4]]
[2020.03.18-23.14.00:184][  0]LogConfig: Setting CVar [[r.LightMaxDrawDistanceScale:1]]
[2020.03.18-23.14.00:184][  0]LogConfig: Setting CVar [[r.CapsuleShadows:1]]
[2020.03.18-23.14.00:184][  0]LogConfig: Applying CVar settings from Section [PostProcessQuality@3] File [C:/Users/jerem/Documents/GitHub/Game-Files/GangGame/GangGameUE4/GangGameGraybox/Saved/Config/Windows/Scalability.ini]
[2020.03.18-23.14.00:185][  0]LogConfig: Setting CVar [[r.MotionBlurQuality:4]]
[2020.03.18-23.14.00:185][  0]LogConfig: Setting CVar [[r.AmbientOcclusionMipLevelFactor:0.4]]
[2020.03.18-23.14.00:185][  0]LogConfig: Setting CVar [[r.AmbientOcclusionMaxQuality:100]]
[2020.03.18-23.14.00:185][  0]LogConfig: Setting CVar [[r.AmbientOcclusionLevels:-1]]
[2020.03.18-23.14.00:185][  0]LogConfig: Setting CVar [[r.AmbientOcclusionRadiusScale:1.0]]
[2020.03.18-23.14.00:185][  0]LogConfig: Setting CVar [[r.DepthOfFieldQuality:2]]
[2020.03.18-23.14.00:185][  0]LogConfig: Setting CVar [[r.RenderTargetPoolMin:400]]
[2020.03.18-23.14.00:185][  0]LogConfig: Setting CVar [[r.LensFlareQuality:2]]
[2020.03.18-23.14.00:185][  0]LogConfig: Setting CVar [[r.SceneColorFringeQuality:1]]
[2020.03.18-23.14.00:185][  0]LogConfig: Setting CVar [[r.EyeAdaptationQuality:2]]
[2020.03.18-23.14.00:185][  0]LogConfig: Setting CVar [[r.BloomQuality:5]]
[2020.03.18-23.14.00:185][  0]LogConfig: Setting CVar [[r.FastBlurThreshold:100]]
[2020.03.18-23.14.00:185][  0]LogConfig: Setting CVar [[r.Upscale.Quality:3]]
[2020.03.18-23.14.00:185][  0]LogConfig: Setting CVar [[r.Tonemapper.GrainQuantization:1]]
[2020.03.18-23.14.00:185][  0]LogConfig: Setting CVar [[r.LightShaftQuality:1]]
[2020.03.18-23.14.00:185][  0]LogConfig: Setting CVar [[r.Filter.SizeScale:1]]
[2020.03.18-23.14.00:185][  0]LogConfig: Setting CVar [[r.Tonemapper.Quality:5]]
[2020.03.18-23.14.00:185][  0]LogConfig: Setting CVar [[r.DOF.Gather.AccumulatorQuality:1        ; higher gathering accumulator quality]]
[2020.03.18-23.14.00:185][  0]LogConfig: Setting CVar [[r.DOF.Gather.PostfilterMethod:1          ; Median3x3 postfilering method]]
[2020.03.18-23.14.00:185][  0]LogConfig: Setting CVar [[r.DOF.Gather.EnableBokehSettings:0       ; no bokeh simulation when gathering]]
[2020.03.18-23.14.00:185][  0]LogConfig: Setting CVar [[r.DOF.Gather.RingCount:4                 ; medium number of samples when gathering]]
[2020.03.18-23.14.00:185][  0]LogConfig: Setting CVar [[r.DOF.Scatter.ForegroundCompositing:1    ; additive foreground scattering]]
[2020.03.18-23.14.00:185][  0]LogConfig: Setting CVar [[r.DOF.Scatter.BackgroundCompositing:2    ; additive background scattering]]
[2020.03.18-23.14.00:185][  0]LogConfig: Setting CVar [[r.DOF.Scatter.EnableBokehSettings:1      ; bokeh simulation when scattering]]
[2020.03.18-23.14.00:185][  0]LogConfig: Setting CVar [[r.DOF.Scatter.MaxSpriteRatio:0.1         ; only a maximum of 10% of scattered bokeh]]
[2020.03.18-23.14.00:185][  0]LogConfig: Setting CVar [[r.DOF.Recombine.Quality:1                ; cheap slight out of focus]]
[2020.03.18-23.14.00:185][  0]LogConfig: Setting CVar [[r.DOF.Recombine.EnableBokehSettings:0    ; no bokeh simulation on slight out of focus]]
[2020.03.18-23.14.00:185][  0]LogConfig: Setting CVar [[r.DOF.TemporalAAQuality:1                ; more stable temporal accumulation]]
[2020.03.18-23.14.00:185][  0]LogConfig: Setting CVar [[r.DOF.Kernel.MaxForegroundRadius:0.025]]
[2020.03.18-23.14.00:185][  0]LogConfig: Setting CVar [[r.DOF.Kernel.MaxBackgroundRadius:0.025]]
[2020.03.18-23.14.00:185][  0]LogConfig: Applying CVar settings from Section [TextureQuality@3] File [C:/Users/jerem/Documents/GitHub/Game-Files/GangGame/GangGameUE4/GangGameGraybox/Saved/Config/Windows/Scalability.ini]
[2020.03.18-23.14.00:186][  0]LogConfig: Setting CVar [[r.Streaming.MipBias:0]]
[2020.03.18-23.14.00:186][  0]LogConfig: Setting CVar [[r.Streaming.AmortizeCPUToGPUCopy:0]]
[2020.03.18-23.14.00:186][  0]LogConfig: Setting CVar [[r.Streaming.MaxNumTexturesToStreamPerFrame:0]]
[2020.03.18-23.14.00:186][  0]LogConfig: Setting CVar [[r.Streaming.Boost:1]]
[2020.03.18-23.14.00:186][  0]LogConfig: Setting CVar [[r.MaxAnisotropy:8]]
[2020.03.18-23.14.00:186][  0]LogConfig: Setting CVar [[r.VT.MaxAnisotropy:8]]
[2020.03.18-23.14.00:186][  0]LogConfig: Setting CVar [[r.Streaming.LimitPoolSizeToVRAM:0]]
[2020.03.18-23.14.00:186][  0]LogConfig: Setting CVar [[r.Streaming.PoolSize:1000]]
[2020.03.18-23.14.00:186][  0]LogConfig: Setting CVar [[r.Streaming.MaxEffectiveScreenSize:0]]
[2020.03.18-23.14.00:186][  0]LogConfig: Applying CVar settings from Section [EffectsQuality@3] File [C:/Users/jerem/Documents/GitHub/Game-Files/GangGame/GangGameUE4/GangGameGraybox/Saved/Config/Windows/Scalability.ini]
[2020.03.18-23.14.00:186][  0]LogConfig: Setting CVar [[r.TranslucencyLightingVolumeDim:64]]
[2020.03.18-23.14.00:186][  0]LogConfig: Setting CVar [[r.RefractionQuality:2]]
[2020.03.18-23.14.00:186][  0]LogConfig: Setting CVar [[r.SSR.Quality:3]]
[2020.03.18-23.14.00:186][  0]LogConfig: Setting CVar [[r.SSR.HalfResSceneColor:0]]
[2020.03.18-23.14.00:186][  0]LogConfig: Setting CVar [[r.SceneColorFormat:4]]
[2020.03.18-23.14.00:186][  0]LogConfig: Setting CVar [[r.DetailMode:2]]
[2020.03.18-23.14.00:186][  0]LogConfig: Setting CVar [[r.TranslucencyVolumeBlur:1]]
[2020.03.18-23.14.00:186][  0]LogConfig: Setting CVar [[r.MaterialQualityLevel:1 ; High quality]]
[2020.03.18-23.14.00:186][  0]LogConfig: Setting CVar [[r.SSS.Scale:1]]
[2020.03.18-23.14.00:186][  0]LogConfig: Setting CVar [[r.SSS.SampleSet:2]]
[2020.03.18-23.14.00:186][  0]LogConfig: Setting CVar [[r.SSS.Quality:1]]
[2020.03.18-23.14.00:186][  0]LogConfig: Setting CVar [[r.SSS.HalfRes:1]]
[2020.03.18-23.14.00:186][  0]LogConfig: Setting CVar [[r.SSGI.Quality:3]]
[2020.03.18-23.14.00:186][  0]LogConfig: Setting CVar [[r.EmitterSpawnRateScale:1.0]]
[2020.03.18-23.14.00:186][  0]LogConfig: Setting CVar [[r.ParticleLightQuality:2]]
[2020.03.18-23.14.00:186][  0]LogConfig: Setting CVar [[r.SkyAtmosphere.AerialPerspectiveLUT.FastApplyOnOpaque:1 ; Always have FastSkyLUT 1 in this case to avoid wrong sky]]
[2020.03.18-23.14.00:186][  0]LogConfig: Setting CVar [[r.SkyAtmosphere.AerialPerspectiveLUT.SampleCountPerSlice:1]]
[2020.03.18-23.14.00:186][  0]LogConfig: Setting CVar [[r.SkyAtmosphere.AerialPerspectiveLUT.DepthResolution:16.0]]
[2020.03.18-23.14.00:186][  0]LogConfig: Setting CVar [[r.SkyAtmosphere.FastSkyLUT:1]]
[2020.03.18-23.14.00:186][  0]LogConfig: Setting CVar [[r.SkyAtmosphere.FastSkyLUT.SampleCountMin:4.0]]
[2020.03.18-23.14.00:186][  0]LogConfig: Setting CVar [[r.SkyAtmosphere.FastSkyLUT.SampleCountMax:32.0]]
[2020.03.18-23.14.00:186][  0]LogConfig: Setting CVar [[r.SkyAtmosphere.SampleCountMin:4.0]]
[2020.03.18-23.14.00:186][  0]LogConfig: Setting CVar [[r.SkyAtmosphere.SampleCountMax:32.0]]
[2020.03.18-23.14.00:186][  0]LogConfig: Setting CVar [[r.SkyAtmosphere.TransmittanceLUT.UseSmallFormat:0]]
[2020.03.18-23.14.00:186][  0]LogConfig: Setting CVar [[r.SkyAtmosphere.TransmittanceLUT.SampleCount:10.0]]
[2020.03.18-23.14.00:186][  0]LogConfig: Setting CVar [[r.SkyAtmosphere.MultiScatteringLUT.SampleCount:15.0]]
[2020.03.18-23.14.00:186][  0]LogConfig: Applying CVar settings from Section [FoliageQuality@3] File [C:/Users/jerem/Documents/GitHub/Game-Files/GangGame/GangGameUE4/GangGameGraybox/Saved/Config/Windows/Scalability.ini]
[2020.03.18-23.14.00:186][  0]LogConfig: Setting CVar [[foliage.DensityScale:1.0]]
[2020.03.18-23.14.00:186][  0]LogConfig: Setting CVar [[grass.DensityScale:1.0]]
[2020.03.18-23.14.00:186][  0]LogConfig: Applying CVar settings from Section [ShadingQuality@3] File [C:/Users/jerem/Documents/GitHub/Game-Files/GangGame/GangGameUE4/GangGameGraybox/Saved/Config/Windows/Scalability.ini]
[2020.03.18-23.14.00:186][  0]LogConfig: Setting CVar [[r.HairStrands.SkyLighting.SampleCount:16]]
[2020.03.18-23.14.00:186][  0]LogConfig: Setting CVar [[r.HairStrands.SkyLighting.JitterIntegration:0]]
[2020.03.18-23.14.00:186][  0]LogConfig: Setting CVar [[r.HairStrands.SkyAO.SampleCount:16]]
[2020.03.18-23.14.00:186][  0]LogInit: Selected Device Profile: [Windows]
[2020.03.18-23.14.00:186][  0]LogInit: Applying CVar settings loaded from the selected device profile: [Windows]
[2020.03.18-23.14.00:192][  0]LogHAL: Display: Platform has ~ 16 GB [17125924864 / 17179869184 / 16], which maps to Larger [LargestMinGB=32, LargerMinGB=12, DefaultMinGB=8, SmallerMinGB=6, SmallestMinGB=0)
[2020.03.18-23.14.00:192][  0]LogInit: Going up to parent DeviceProfile []
[2020.03.18-23.14.00:192][  0]LogConfig: Applying CVar settings from Section [ViewDistanceQuality@3] File [C:/Users/jerem/Documents/GitHub/Game-Files/GangGame/GangGameUE4/GangGameGraybox/Saved/Config/Windows/Scalability.ini]
[2020.03.18-23.14.00:193][  0]LogConfig: Setting CVar [[r.SkeletalMeshLODBias:0]]
[2020.03.18-23.14.00:193][  0]LogConfig: Setting CVar [[r.ViewDistanceScale:1.0]]
[2020.03.18-23.14.00:193][  0]LogConfig: Applying CVar settings from Section [AntiAliasingQuality@3] File [C:/Users/jerem/Documents/GitHub/Game-Files/GangGame/GangGameUE4/GangGameGraybox/Saved/Config/Windows/Scalability.ini]
[2020.03.18-23.14.00:193][  0]LogConfig: Setting CVar [[r.PostProcessAAQuality:4]]
[2020.03.18-23.14.00:193][  0]LogConfig: Applying CVar settings from Section [ShadowQuality@2] File [C:/Users/jerem/Documents/GitHub/Game-Files/GangGame/GangGameUE4/GangGameGraybox/Saved/Config/Windows/Scalability.ini]
[2020.03.18-23.14.00:193][  0]LogConfig: Setting CVar [[r.LightFunctionQuality:1]]
[2020.03.18-23.14.00:193][  0]LogConfig: Setting CVar [[r.ShadowQuality:5]]
[2020.03.18-23.14.00:193][  0]LogConfig: Setting CVar [[r.Shadow.CSM.MaxCascades:4]]
[2020.03.18-23.14.00:193][  0]LogConfig: Setting CVar [[r.Shadow.MaxResolution:1024]]
[2020.03.18-23.14.00:193][  0]LogConfig: Setting CVar [[r.Shadow.MaxCSMResolution:2048]]
[2020.03.18-23.14.00:193][  0]LogConfig: Setting CVar [[r.Shadow.RadiusThreshold:0.04]]
[2020.03.18-23.14.00:193][  0]LogConfig: Setting CVar [[r.Shadow.DistanceScale:0.85]]
[2020.03.18-23.14.00:193][  0]LogConfig: Setting CVar [[r.Shadow.CSM.TransitionScale:0.8]]
[2020.03.18-23.14.00:193][  0]LogConfig: Setting CVar [[r.Shadow.PreShadowResolutionFactor:0.5]]
[2020.03.18-23.14.00:193][  0]LogConfig: Setting CVar [[r.DistanceFieldShadowing:1]]
[2020.03.18-23.14.00:193][  0]LogConfig: Setting CVar [[r.DistanceFieldAO:1]]
[2020.03.18-23.14.00:193][  0]LogConfig: Setting CVar [[r.AOQuality:1]]
[2020.03.18-23.14.00:193][  0]LogConfig: Setting CVar [[r.VolumetricFog:1]]
[2020.03.18-23.14.00:193][  0]LogConfig: Setting CVar [[r.VolumetricFog.GridPixelSize:16]]
[2020.03.18-23.14.00:193][  0]LogConfig: Setting CVar [[r.VolumetricFog.GridSizeZ:64]]
[2020.03.18-23.14.00:193][  0]LogConfig: Setting CVar [[r.VolumetricFog.HistoryMissSupersampleCount:4]]
[2020.03.18-23.14.00:193][  0]LogConfig: Setting CVar [[r.LightMaxDrawDistanceScale:1]]
[2020.03.18-23.14.00:193][  0]LogConfig: Setting CVar [[r.CapsuleShadows:1]]
[2020.03.18-23.14.00:193][  0]LogConfig: Applying CVar settings from Section [PostProcessQuality@3] File [C:/Users/jerem/Documents/GitHub/Game-Files/GangGame/GangGameUE4/GangGameGraybox/Saved/Config/Windows/Scalability.ini]
[2020.03.18-23.14.00:193][  0]LogConfig: Setting CVar [[r.MotionBlurQuality:4]]
[2020.03.18-23.14.00:193][  0]LogConfig: Setting CVar [[r.AmbientOcclusionMipLevelFactor:0.4]]
[2020.03.18-23.14.00:193][  0]LogConfig: Setting CVar [[r.AmbientOcclusionMaxQuality:100]]
[2020.03.18-23.14.00:193][  0]LogConfig: Setting CVar [[r.AmbientOcclusionLevels:-1]]
[2020.03.18-23.14.00:193][  0]LogConfig: Setting CVar [[r.AmbientOcclusionRadiusScale:1.0]]
[2020.03.18-23.14.00:193][  0]LogConfig: Setting CVar [[r.DepthOfFieldQuality:2]]
[2020.03.18-23.14.00:193][  0]LogConfig: Setting CVar [[r.RenderTargetPoolMin:400]]
[2020.03.18-23.14.00:193][  0]LogConfig: Setting CVar [[r.LensFlareQuality:2]]
[2020.03.18-23.14.00:193][  0]LogConfig: Setting CVar [[r.SceneColorFringeQuality:1]]
[2020.03.18-23.14.00:193][  0]LogConfig: Setting CVar [[r.EyeAdaptationQuality:2]]
[2020.03.18-23.14.00:193][  0]LogConfig: Setting CVar [[r.BloomQuality:5]]
[2020.03.18-23.14.00:193][  0]LogConfig: Setting CVar [[r.FastBlurThreshold:100]]
[2020.03.18-23.14.00:193][  0]LogConfig: Setting CVar [[r.Upscale.Quality:3]]
[2020.03.18-23.14.00:193][  0]LogConfig: Setting CVar [[r.Tonemapper.GrainQuantization:1]]
[2020.03.18-23.14.00:193][  0]LogConfig: Setting CVar [[r.LightShaftQuality:1]]
[2020.03.18-23.14.00:193][  0]LogConfig: Setting CVar [[r.Filter.SizeScale:1]]
[2020.03.18-23.14.00:193][  0]LogConfig: Setting CVar [[r.Tonemapper.Quality:5]]
[2020.03.18-23.14.00:193][  0]LogConfig: Setting CVar [[r.DOF.Gather.AccumulatorQuality:1        ; higher gathering accumulator quality]]
[2020.03.18-23.14.00:193][  0]LogConfig: Setting CVar [[r.DOF.Gather.PostfilterMethod:1          ; Median3x3 postfilering method]]
[2020.03.18-23.14.00:193][  0]LogConfig: Setting CVar [[r.DOF.Gather.EnableBokehSettings:0       ; no bokeh simulation when gathering]]
[2020.03.18-23.14.00:193][  0]LogConfig: Setting CVar [[r.DOF.Gather.RingCount:4                 ; medium number of samples when gathering]]
[2020.03.18-23.14.00:193][  0]LogConfig: Setting CVar [[r.DOF.Scatter.ForegroundCompositing:1    ; additive foreground scattering]]
[2020.03.18-23.14.00:193][  0]LogConfig: Setting CVar [[r.DOF.Scatter.BackgroundCompositing:2    ; additive background scattering]]
[2020.03.18-23.14.00:193][  0]LogConfig: Setting CVar [[r.DOF.Scatter.EnableBokehSettings:1      ; bokeh simulation when scattering]]
[2020.03.18-23.14.00:193][  0]LogConfig: Setting CVar [[r.DOF.Scatter.MaxSpriteRatio:0.1         ; only a maximum of 10% of scattered bokeh]]
[2020.03.18-23.14.00:193][  0]LogConfig: Setting CVar [[r.DOF.Recombine.Quality:1                ; cheap slight out of focus]]
[2020.03.18-23.14.00:193][  0]LogConfig: Setting CVar [[r.DOF.Recombine.EnableBokehSettings:0    ; no bokeh simulation on slight out of focus]]
[2020.03.18-23.14.00:193][  0]LogConfig: Setting CVar [[r.DOF.TemporalAAQuality:1                ; more stable temporal accumulation]]
[2020.03.18-23.14.00:193][  0]LogConfig: Setting CVar [[r.DOF.Kernel.MaxForegroundRadius:0.025]]
[2020.03.18-23.14.00:193][  0]LogConfig: Setting CVar [[r.DOF.Kernel.MaxBackgroundRadius:0.025]]
[2020.03.18-23.14.00:193][  0]LogConfig: Applying CVar settings from Section [TextureQuality@3] File [C:/Users/jerem/Documents/GitHub/Game-Files/GangGame/GangGameUE4/GangGameGraybox/Saved/Config/Windows/Scalability.ini]
[2020.03.18-23.14.00:193][  0]LogConfig: Setting CVar [[r.Streaming.MipBias:0]]
[2020.03.18-23.14.00:193][  0]LogConfig: Setting CVar [[r.Streaming.AmortizeCPUToGPUCopy:0]]
[2020.03.18-23.14.00:193][  0]LogConfig: Setting CVar [[r.Streaming.MaxNumTexturesToStreamPerFrame:0]]
[2020.03.18-23.14.00:193][  0]LogConfig: Setting CVar [[r.Streaming.Boost:1]]
[2020.03.18-23.14.00:193][  0]LogConfig: Setting CVar [[r.MaxAnisotropy:8]]
[2020.03.18-23.14.00:193][  0]LogConfig: Setting CVar [[r.VT.MaxAnisotropy:8]]
[2020.03.18-23.14.00:194][  0]LogConfig: Setting CVar [[r.Streaming.LimitPoolSizeToVRAM:0]]
[2020.03.18-23.14.00:194][  0]LogConfig: Setting CVar [[r.Streaming.PoolSize:1000]]
[2020.03.18-23.14.00:194][  0]LogConfig: Setting CVar [[r.Streaming.MaxEffectiveScreenSize:0]]
[2020.03.18-23.14.00:194][  0]LogConfig: Applying CVar settings from Section [EffectsQuality@3] File [C:/Users/jerem/Documents/GitHub/Game-Files/GangGame/GangGameUE4/GangGameGraybox/Saved/Config/Windows/Scalability.ini]
[2020.03.18-23.14.00:194][  0]LogConfig: Setting CVar [[r.TranslucencyLightingVolumeDim:64]]
[2020.03.18-23.14.00:194][  0]LogConfig: Setting CVar [[r.RefractionQuality:2]]
[2020.03.18-23.14.00:194][  0]LogConfig: Setting CVar [[r.SSR.Quality:3]]
[2020.03.18-23.14.00:194][  0]LogConfig: Setting CVar [[r.SSR.HalfResSceneColor:0]]
[2020.03.18-23.14.00:194][  0]LogConfig: Setting CVar [[r.SceneColorFormat:4]]
[2020.03.18-23.14.00:194][  0]LogConfig: Setting CVar [[r.DetailMode:2]]
[2020.03.18-23.14.00:194][  0]LogConfig: Setting CVar [[r.TranslucencyVolumeBlur:1]]
[2020.03.18-23.14.00:194][  0]LogConfig: Setting CVar [[r.MaterialQualityLevel:1 ; High quality]]
[2020.03.18-23.14.00:194][  0]LogConfig: Setting CVar [[r.SSS.Scale:1]]
[2020.03.18-23.14.00:194][  0]LogConfig: Setting CVar [[r.SSS.SampleSet:2]]
[2020.03.18-23.14.00:194][  0]LogConfig: Setting CVar [[r.SSS.Quality:1]]
[2020.03.18-23.14.00:194][  0]LogConfig: Setting CVar [[r.SSS.HalfRes:1]]
[2020.03.18-23.14.00:194][  0]LogConfig: Setting CVar [[r.SSGI.Quality:3]]
[2020.03.18-23.14.00:194][  0]LogConfig: Setting CVar [[r.EmitterSpawnRateScale:1.0]]
[2020.03.18-23.14.00:194][  0]LogConfig: Setting CVar [[r.ParticleLightQuality:2]]
[2020.03.18-23.14.00:194][  0]LogConfig: Setting CVar [[r.SkyAtmosphere.AerialPerspectiveLUT.FastApplyOnOpaque:1 ; Always have FastSkyLUT 1 in this case to avoid wrong sky]]
[2020.03.18-23.14.00:194][  0]LogConfig: Setting CVar [[r.SkyAtmosphere.AerialPerspectiveLUT.SampleCountPerSlice:1]]
[2020.03.18-23.14.00:194][  0]LogConfig: Setting CVar [[r.SkyAtmosphere.AerialPerspectiveLUT.DepthResolution:16.0]]
[2020.03.18-23.14.00:194][  0]LogConfig: Setting CVar [[r.SkyAtmosphere.FastSkyLUT:1]]
[2020.03.18-23.14.00:194][  0]LogConfig: Setting CVar [[r.SkyAtmosphere.FastSkyLUT.SampleCountMin:4.0]]
[2020.03.18-23.14.00:194][  0]LogConfig: Setting CVar [[r.SkyAtmosphere.FastSkyLUT.SampleCountMax:32.0]]
[2020.03.18-23.14.00:194][  0]LogConfig: Setting CVar [[r.SkyAtmosphere.SampleCountMin:4.0]]
[2020.03.18-23.14.00:194][  0]LogConfig: Setting CVar [[r.SkyAtmosphere.SampleCountMax:32.0]]
[2020.03.18-23.14.00:194][  0]LogConfig: Setting CVar [[r.SkyAtmosphere.TransmittanceLUT.UseSmallFormat:0]]
[2020.03.18-23.14.00:194][  0]LogConfig: Setting CVar [[r.SkyAtmosphere.TransmittanceLUT.SampleCount:10.0]]
[2020.03.18-23.14.00:194][  0]LogConfig: Setting CVar [[r.SkyAtmosphere.MultiScatteringLUT.SampleCount:15.0]]
[2020.03.18-23.14.00:194][  0]LogConfig: Applying CVar settings from Section [FoliageQuality@3] File [C:/Users/jerem/Documents/GitHub/Game-Files/GangGame/GangGameUE4/GangGameGraybox/Saved/Config/Windows/Scalability.ini]
[2020.03.18-23.14.00:194][  0]LogConfig: Setting CVar [[foliage.DensityScale:1.0]]
[2020.03.18-23.14.00:194][  0]LogConfig: Setting CVar [[grass.DensityScale:1.0]]
[2020.03.18-23.14.00:194][  0]LogConfig: Applying CVar settings from Section [ShadingQuality@3] File [C:/Users/jerem/Documents/GitHub/Game-Files/GangGame/GangGameUE4/GangGameGraybox/Saved/Config/Windows/Scalability.ini]
[2020.03.18-23.14.00:194][  0]LogConfig: Setting CVar [[r.HairStrands.SkyLighting.SampleCount:16]]
[2020.03.18-23.14.00:194][  0]LogConfig: Setting CVar [[r.HairStrands.SkyLighting.JitterIntegration:0]]
[2020.03.18-23.14.00:194][  0]LogConfig: Setting CVar [[r.HairStrands.SkyAO.SampleCount:16]]
[2020.03.18-23.14.00:194][  0]LogConfig: Applying CVar settings from Section [Startup] File [../../../Engine/Config/ConsoleVariables.ini]
[2020.03.18-23.14.00:195][  0]LogConfig: Setting CVar [[net.UseAdaptiveNetUpdateFrequency:0]]
[2020.03.18-23.14.00:195][  0]LogConfig: Setting CVar [[p.chaos.AllowCreatePhysxBodies:1]]
[2020.03.18-23.14.00:195][  0]LogConfig: Applying CVar settings from Section [ConsoleVariables] File [C:/Users/jerem/Documents/GitHub/Game-Files/GangGame/GangGameUE4/GangGameGraybox/Saved/Config/Windows/Engine.ini]
[2020.03.18-23.14.00:195][  0]LogInit: Computer: DESKTOP-UQCUGJ7
[2020.03.18-23.14.00:195][  0]LogInit: User: jerem
[2020.03.18-23.14.00:195][  0]LogInit: CPU Page size=4096, Cores=4
[2020.03.18-23.14.00:195][  0]LogInit: High frequency timer resolution =10.000000 MHz
[2020.03.18-23.14.00:195][  0]LogMemory: Memory total: Physical=15.9GB (16GB approx)
[2020.03.18-23.14.00:195][  0]LogMemory: Platform Memory Stats for Windows
[2020.03.18-23.14.00:195][  0]LogMemory: Process Physical Memory: 106.80 MB used, 106.80 MB peak
[2020.03.18-23.14.00:195][  0]LogMemory: Process Virtual Memory: 100.41 MB used, 100.41 MB peak
[2020.03.18-23.14.00:195][  0]LogMemory: Physical Memory: 9511.88 MB used,  6820.68 MB free, 16332.55 MB total
[2020.03.18-23.14.00:195][  0]LogMemory: Virtual Memory: 5091.15 MB used,  134212640.00 MB free, 134217728.00 MB total
[2020.03.18-23.14.00:202][  0]LogWindows: WindowsPlatformFeatures enabled
[2020.03.18-23.14.00:233][  0]LogInit: Using OS detected language (fr-CA).
[2020.03.18-23.14.00:233][  0]LogInit: Using OS detected locale (fr-CA).
[2020.03.18-23.14.00:241][  0]LogTextLocalizationManager: No specific localization for 'fr-CA' exists, so the 'fr' localization will be used.
[2020.03.18-23.14.00:242][  0]LogTextLocalizationResource: LocRes '../../../Engine/Content/Localization/Editor/fr/Editor.locres' could not be opened for reading!
[2020.03.18-23.14.00:242][  0]LogTextLocalizationResource: LocRes '../../../Engine/Content/Localization/EditorTutorials/fr/EditorTutorials.locres' could not be opened for reading!
[2020.03.18-23.14.00:243][  0]LogTextLocalizationResource: LocRes '../../../Engine/Content/Localization/Keywords/fr/Keywords.locres' could not be opened for reading!
[2020.03.18-23.14.00:243][  0]LogTextLocalizationResource: LocRes '../../../Engine/Content/Localization/Category/fr/Category.locres' could not be opened for reading!
[2020.03.18-23.14.00:243][  0]LogTextLocalizationResource: LocRes '../../../Engine/Content/Localization/ToolTips/fr/ToolTips.locres' could not be opened for reading!
[2020.03.18-23.14.00:244][  0]LogTextLocalizationResource: LocRes '../../../Engine/Content/Localization/PropertyNames/fr/PropertyNames.locres' could not be opened for reading!
[2020.03.18-23.14.00:244][  0]LogTextLocalizationResource: LocRes '../../../Engine/Content/Localization/Engine/fr/Engine.locres' could not be opened for reading!
[2020.03.18-23.14.00:253][  0]LogInit: Setting process to per monitor DPI aware
[2020.03.18-23.14.00:305][  0]LogSlate: New Slate User Created.  User Index 0, Is Virtual User: 0
[2020.03.18-23.14.00:305][  0]LogSlate: Slate User Registered.  User Index 0, Is Virtual User: 0
[2020.03.18-23.14.00:682][  0]LogHMD: Failed to initialize OpenVR with code 110
[2020.03.18-23.14.00:682][  0]LogD3D11RHI: D3D11 min allowed feature level: 11_0
[2020.03.18-23.14.00:682][  0]LogD3D11RHI: D3D11 max allowed feature level: 11_0
[2020.03.18-23.14.00:682][  0]LogD3D11RHI: D3D11 adapters:
[2020.03.18-23.14.00:732][  0]LogD3D11RHI:    0. 'Radeon RX 570 Series' (Feature Level 11_0)
[2020.03.18-23.14.00:732][  0]LogD3D11RHI:       4076/0/8166 MB DedicatedVideo/DedicatedSystem/SharedSystem, Outputs:2, VendorId:0x1002
[2020.03.18-23.14.00:735][  0]LogD3D11RHI:    1. 'Microsoft Basic Render Driver' (Feature Level 11_0)
[2020.03.18-23.14.00:735][  0]LogD3D11RHI:       0/0/8166 MB DedicatedVideo/DedicatedSystem/SharedSystem, Outputs:0, VendorId:0x1414
[2020.03.18-23.14.00:735][  0]LogD3D11RHI: Chosen D3D11 Adapter: 0
[2020.03.18-23.14.00:745][  0]LogD3D11RHI: Creating new Direct3DDevice
[2020.03.18-23.14.00:746][  0]LogD3D11RHI:     GPU DeviceId: 0x67df (for the marketing name, search the web for "GPU Device Id")
[2020.03.18-23.14.00:746][  0]LogWindows: EnumDisplayDevices:
[2020.03.18-23.14.00:746][  0]LogWindows:    0. 'Radeon RX 570 Series' (P:0 D:1)
[2020.03.18-23.14.00:747][  0]LogWindows:    1. 'Radeon RX 570 Series' (P:1 D:1)
[2020.03.18-23.14.00:747][  0]LogWindows:    2. 'Radeon RX 570 Series' (P:0 D:0)
[2020.03.18-23.14.00:748][  0]LogWindows:    3. 'Radeon RX 570 Series' (P:0 D:0)
[2020.03.18-23.14.00:748][  0]LogWindows:    4. 'Radeon RX 570 Series' (P:0 D:0)
[2020.03.18-23.14.00:749][  0]LogWindows:    5. 'Radeon RX 570 Series' (P:0 D:0)
[2020.03.18-23.14.00:750][  0]LogWindows:    6. 'Radeon RX 570 Series' (P:0 D:0)
[2020.03.18-23.14.00:750][  0]LogWindows:    7. 'Radeon RX 570 Series' (P:0 D:0)
[2020.03.18-23.14.00:751][  0]LogWindows: DebugString: FoundDriverCount:8 
[2020.03.18-23.14.00:751][  0]LogD3D11RHI:     Adapter Name: Radeon RX 570 Series
[2020.03.18-23.14.00:751][  0]LogD3D11RHI:   Driver Version: Adrenalin 2020 20.1.3 (internal:26.20.15015.1007, unified:26.20.15015.1007)
[2020.03.18-23.14.00:751][  0]LogD3D11RHI:      Driver Date: 1-17-2020
[2020.03.18-23.14.00:751][  0]LogRHI: Texture pool is 2853 MB (70% of 4076 MB)
[2020.03.18-23.14.00:860][  0]LogD3D11RHI: RHI does not have support for 64 bit atomics
[2020.03.18-23.14.00:860][  0]LogD3D11RHI: Async texture creation enabled
[2020.03.18-23.14.00:874][  0]LogD3D11RHI: GPU Timing Frequency: 25.000000 (Debug: 2 1)
[2020.03.18-23.14.01:397][  0]LogTargetPlatformManager: Display: Loaded TargetPlatform 'AllDesktop'
[2020.03.18-23.14.01:442][  0]LogTargetPlatformManager: Display: Loaded TargetPlatform 'Android'
[2020.03.18-23.14.01:442][  0]LogTargetPlatformManager: Display: Loaded TargetPlatform 'Android_ASTC'
[2020.03.18-23.14.01:442][  0]LogTargetPlatformManager: Display: Loaded TargetPlatform 'Android_ATC'
[2020.03.18-23.14.01:442][  0]LogTargetPlatformManager: Display: Loaded TargetPlatform 'Android_DXT'
[2020.03.18-23.14.01:442][  0]LogTargetPlatformManager: Display: Loaded TargetPlatform 'Android_ETC1'
[2020.03.18-23.14.01:442][  0]LogTargetPlatformManager: Display: Loaded TargetPlatform 'Android_ETC1a'
[2020.03.18-23.14.01:442][  0]LogTargetPlatformManager: Display: Loaded TargetPlatform 'Android_ETC2'
[2020.03.18-23.14.01:442][  0]LogTargetPlatformManager: Display: Loaded TargetPlatform 'Android_PVRTC'
[2020.03.18-23.14.01:442][  0]LogTargetPlatformManager: Display: Loaded TargetPlatform 'AndroidClient'
[2020.03.18-23.14.01:442][  0]LogTargetPlatformManager: Display: Loaded TargetPlatform 'Android_ASTCClient'
[2020.03.18-23.14.01:442][  0]LogTargetPlatformManager: Display: Loaded TargetPlatform 'Android_ATCClient'
[2020.03.18-23.14.01:442][  0]LogTargetPlatformManager: Display: Loaded TargetPlatform 'Android_DXTClient'
[2020.03.18-23.14.01:442][  0]LogTargetPlatformManager: Display: Loaded TargetPlatform 'Android_ETC1Client'
[2020.03.18-23.14.01:442][  0]LogTargetPlatformManager: Display: Loaded TargetPlatform 'Android_ETC1aClient'
[2020.03.18-23.14.01:442][  0]LogTargetPlatformManager: Display: Loaded TargetPlatform 'Android_ETC2Client'
[2020.03.18-23.14.01:442][  0]LogTargetPlatformManager: Display: Loaded TargetPlatform 'Android_PVRTCClient'
[2020.03.18-23.14.01:442][  0]LogTargetPlatformManager: Display: Loaded TargetPlatform 'Android_Multi'
[2020.03.18-23.14.01:442][  0]LogTargetPlatformManager: Display: Loaded TargetPlatform 'Android_MultiClient'
[2020.03.18-23.14.01:465][  0]LogTargetPlatformManager: Display: Loaded TargetPlatform 'IOSClient'
[2020.03.18-23.14.01:465][  0]LogTargetPlatformManager: Display: Loaded TargetPlatform 'IOS'
[2020.03.18-23.14.01:474][  0]LogTargetPlatformManager: Display: Loaded TargetPlatform 'LinuxNoEditor'
[2020.03.18-23.14.01:483][  0]LogTargetPlatformManager: Display: Loaded TargetPlatform 'LinuxClient'
[2020.03.18-23.14.01:493][  0]LogTargetPlatformManager: Display: Loaded TargetPlatform 'LinuxServer'
[2020.03.18-23.14.01:502][  0]LogTargetPlatformManager: Display: Loaded TargetPlatform 'LinuxAArch64NoEditor'
[2020.03.18-23.14.01:512][  0]LogTargetPlatformManager: Display: Loaded TargetPlatform 'LinuxAArch64Client'
[2020.03.18-23.14.01:524][  0]LogTargetPlatformManager: Display: Loaded TargetPlatform 'LinuxAArch64Server'
[2020.03.18-23.14.01:567][  0]LogTargetPlatformManager: Display: Loaded TargetPlatform 'Lumin'
[2020.03.18-23.14.01:567][  0]LogTargetPlatformManager: Display: Loaded TargetPlatform 'LuminClient'
[2020.03.18-23.14.01:592][  0]LogTargetPlatformManager: Display: Loaded TargetPlatform 'TVOSClient'
[2020.03.18-23.14.01:592][  0]LogTargetPlatformManager: Display: Loaded TargetPlatform 'TVOS'
[2020.03.18-23.14.01:604][  0]LogTargetPlatformManager: Display: Loaded TargetPlatform 'WindowsNoEditor'
[2020.03.18-23.14.01:617][  0]LogTargetPlatformManager: Display: Loaded TargetPlatform 'Windows'
[2020.03.18-23.14.01:630][  0]LogTargetPlatformManager: Display: Loaded TargetPlatform 'WindowsClient'
[2020.03.18-23.14.01:643][  0]LogTargetPlatformManager: Display: Loaded TargetPlatform 'WindowsServer'
[2020.03.18-23.14.01:643][  0]LogTargetPlatformManager: Display: Building Assets For Windows
[2020.03.18-23.14.01:648][  0]LogAudioDebug: Display: Lib vorbis DLL was dynamically loaded.
[2020.03.18-23.14.01:694][  0]LogShaderCompilers: Guid format shader working directory is -48 characters bigger than the processId version (../../../../../../Users/jerem/Documents/GitHub/Game-Files/GangGame/GangGameUE4/GangGameGraybox/Intermediate/Shaders/WorkingDirectory/7740/).
[2020.03.18-23.14.01:694][  0]LogShaderCompilers: Cleaned the shader compiler working directory 'C:/Users/jerem/AppData/Local/Temp/UnrealShaderWorkingDir/641DC9714FF7FABC1D06F998BD4BBAE4/'.
[2020.03.18-23.14.01:695][  0]LogXGEController: Cannot use XGE Controller as Incredibuild is not installed on this machine.
[2020.03.18-23.14.01:695][  0]LogShaderCompilers: Cannot use XGE Shader Compiler as Incredibuild is not installed on this machine.
[2020.03.18-23.14.01:695][  0]LogShaderCompilers: Display: Using Local Shader Compiler.
[2020.03.18-23.14.02:672][  0]LogDerivedDataCache: Display: Max Cache Size: 512 MB
[2020.03.18-23.14.02:754][  0]LogDerivedDataCache: Loaded boot cache 0.08s 78MB C:/Users/jerem/AppData/Local/UnrealEngine/4.24/DerivedDataCache/Boot.ddc.
[2020.03.18-23.14.02:754][  0]LogDerivedDataCache: Display: Loaded Boot cache: C:/Users/jerem/AppData/Local/UnrealEngine/4.24/DerivedDataCache/Boot.ddc
[2020.03.18-23.14.02:754][  0]LogDerivedDataCache: FDerivedDataBackendGraph:  Pak pak cache file ../../../../../../Users/jerem/Documents/GitHub/Game-Files/GangGame/GangGameUE4/GangGameGraybox/DerivedDataCache/DDC.ddp not found, will not use a pak cache.
[2020.03.18-23.14.02:754][  0]LogDerivedDataCache: Unable to find inner node Pak for hierarchical cache Hierarchy.
[2020.03.18-23.14.02:754][  0]LogDerivedDataCache: FDerivedDataBackendGraph:  CompressedPak pak cache file ../../../../../../Users/jerem/Documents/GitHub/Game-Files/GangGame/GangGameUE4/GangGameGraybox/DerivedDataCache/Compressed.ddp not found, will not use a pak cache.
[2020.03.18-23.14.02:754][  0]LogDerivedDataCache: Unable to find inner node CompressedPak for hierarchical cache Hierarchy.
[2020.03.18-23.14.02:770][  0]LogDerivedDataCache: Display: Pak cache opened for reading ../../../Engine/DerivedDataCache/Compressed.ddp.
[2020.03.18-23.14.02:770][  0]LogDerivedDataCache: FDerivedDataBackendGraph:  EnterprisePak pak cache file ../../../Enterprise/DerivedDataCache/Compressed.ddp not found, will not use a pak cache.
[2020.03.18-23.14.02:770][  0]LogDerivedDataCache: Unable to find inner node EnterprisePak for hierarchical cache Hierarchy.
[2020.03.18-23.14.02:773][  0]LogDerivedDataCache: Using Local data cache path C:/Users/jerem/AppData/Local/UnrealEngine/Common/DerivedDataCache: Writable
[2020.03.18-23.14.02:773][  0]LogDerivedDataCache: Shared data cache path not found in *engine.ini, will not use an Shared cache.
[2020.03.18-23.14.02:773][  0]LogDerivedDataCache: Unable to find inner node Shared for hierarchical cache Hierarchy.
[2020.03.18-23.14.02:808][  0]LogMaterial: Verifying Global Shaders for PCD3D_SM5
[2020.03.18-23.14.02:811][  0]LogSlate: Using FreeType 2.10.0
[2020.03.18-23.14.02:812][  0]LogSlate: SlateFontServices - WITH_FREETYPE: 1, WITH_HARFBUZZ: 1
[2020.03.18-23.14.02:896][  0]LogAssetRegistry: FAssetRegistry took 0.0040 seconds to start up
[2020.03.18-23.14.03:360][  0]LogInit: Selected Device Profile: [Windows]
[2020.03.18-23.14.03:595][  0]LogMeshReduction: Using QuadricMeshReduction for automatic static mesh reduction
[2020.03.18-23.14.03:595][  0]LogMeshReduction: Using SimplygonMeshReduction for automatic skeletal mesh reduction
[2020.03.18-23.14.03:596][  0]LogMeshReduction: Using ProxyLODMeshReduction for automatic mesh merging
[2020.03.18-23.14.03:596][  0]LogMeshReduction: No distributed automatic mesh merging module available
[2020.03.18-23.14.03:596][  0]LogMeshMerging: No distributed automatic mesh merging module available
[2020.03.18-23.14.03:621][  0]LogNetVersion: GangGameGraybox 1.0.0, NetCL: 10570792, EngineNetVer: 13, GameNetVer: 0 (Checksum: 3586570893)
[2020.03.18-23.14.05:374][  0]LogPackageLocalizationCache: Processed 15 localized package path(s) for 1 prioritized culture(s) in 0.103281 seconds
[2020.03.18-23.14.05:388][  0]LogUObjectArray: 46750 objects as part of root set at end of initial load.
[2020.03.18-23.14.05:388][  0]LogUObjectAllocator: 8137160 out of 0 bytes used by permanent object pool.
[2020.03.18-23.14.05:388][  0]LogUObjectArray: CloseDisregardForGC: 0/0 objects in disregard for GC pool
[2020.03.18-23.14.06:013][  0]LogPython: Using Python 2.7.14
[2020.03.18-23.14.07:216][  0]LogLinker: Warning: Asset '../../Plugins/Marketplace/Linter/Content/MarketplaceLinter/MarketplaceLintRuleSet.uasset' has been saved with empty engine version. The asset will be loaded but may be incompatible.
[2020.03.18-23.14.07:274][  0]LogTcpMessaging: Initializing TcpMessaging bridge
[2020.03.18-23.14.07:278][  0]LogUdpMessaging: Initializing bridge on interface 0.0.0.0:0 to multicast group 230.0.0.1:6666.
[2020.03.18-23.14.07:449][  0]SourceControl: Source control is disabled
[2020.03.18-23.14.07:449][  0]SourceControl: Source control is disabled
[2020.03.18-23.14.07:451][  0]SourceControl: Source control is disabled
[2020.03.18-23.14.07:453][  0]SourceControl: Source control is disabled
[2020.03.18-23.14.07:455][  0]SourceControl: Source control is disabled
[2020.03.18-23.14.07:687][  0]LogAndroidPermission: UAndroidPermissionCallbackProxy::GetInstance
[2020.03.18-23.14.07:723][  0]LogAudioCaptureCore: Display: No Audio Capture implementations found. Audio input will be silent.
[2020.03.18-23.14.07:723][  0]LogAudioCaptureCore: Display: No Audio Capture implementations found. Audio input will be silent.
[2020.03.18-23.14.07:867][  0]LogOcInput: OculusInput pre-init called
[2020.03.18-23.14.07:880][  0]LogWindows: Failed to load 'OVRPlugin.dll' (GetLastError=126)
[2020.03.18-23.14.07:880][  0]LogWindows: File 'OVRPlugin.dll' does not exist
[2020.03.18-23.14.09:943][  0]LogClass: Warning: FRandomMinMaxFloat::RandomValue is not initialized properly
[2020.03.18-23.14.09:943][  0]LogClass: Display: 1 Uninitialized script stuct members found
[2020.03.18-23.14.09:944][  0]LogAutomationTest: Warning: FRandomMinMaxFloat::RandomValue is not initialized properly
[2020.03.18-23.14.09:945][  0]LogEngine: Initializing Engine...
[2020.03.18-23.14.09:947][  0]LogHMD: Failed to initialize OpenVR with code 110
[2020.03.18-23.14.09:949][  0]LogStats: UGameplayTagsManager::InitializeManager -  0.000 s
[2020.03.18-23.14.10:484][  0]LogInit: Initializing FReadOnlyCVARCache
[2020.03.18-23.14.10:501][  0]LogAIModule: Creating AISystem for world Untitled
[2020.03.18-23.14.10:516][  0]LogAudioMixer: Display: Audio Mixer Platform Settings:
[2020.03.18-23.14.10:516][  0]LogAudioMixer: Display: 	Sample Rate:						  48000
[2020.03.18-23.14.10:517][  0]LogAudioMixer: Display: 	Callback Buffer Frame Size Requested: 1024
[2020.03.18-23.14.10:517][  0]LogAudioMixer: Display: 	Callback Buffer Frame Size To Use:	  1024
[2020.03.18-23.14.10:517][  0]LogAudioMixer: Display: 	Number of buffers to queue:			  2
[2020.03.18-23.14.10:517][  0]LogAudioMixer: Display: 	Max Channels (voices):				  32
[2020.03.18-23.14.10:517][  0]LogAudioMixer: Display: 	Number of Async Source Workers:		  0
[2020.03.18-23.14.10:517][  0]LogAudio: Display: AudioDevice MaxSources: 32
[2020.03.18-23.14.10:517][  0]LogAudio: Display: Using built-in audio occlusion.
[2020.03.18-23.14.10:517][  0]LogAudioMixer: Display: Initializing audio mixer.
[2020.03.18-23.14.10:554][  0]LogAudioMixer: Display: Audio Device Output Speaker Info:
[2020.03.18-23.14.10:554][  0]LogAudioMixer: Display: Name: Casque (CORSAIR HS60 PRO SURROUND)
[2020.03.18-23.14.10:554][  0]LogAudioMixer: Display: Is Default: Yes
[2020.03.18-23.14.10:554][  0]LogAudioMixer: Display: Sample Rate: 48000
[2020.03.18-23.14.10:554][  0]LogAudioMixer: Display: Channel Count Used: 2
[2020.03.18-23.14.10:554][  0]LogAudioMixer: Display: Device Channel Count: 2
[2020.03.18-23.14.10:554][  0]LogAudioMixer: Display: Channel Order:
[2020.03.18-23.14.10:554][  0]LogAudioMixer: Display: 0: FrontLeft
[2020.03.18-23.14.10:554][  0]LogAudioMixer: Display: 1: FrontRight
[2020.03.18-23.14.10:871][  0]LogAudioMixer: Display: Using Audio Device Casque (CORSAIR HS60 PRO SURROUND)
[2020.03.18-23.14.10:880][  0]LogInit: FAudioDevice initialized.
[2020.03.18-23.14.10:881][  0]LogNetVersion: Set ProjectVersion to 1.0.0.0. Version Checksum will be recalculated on next use.
[2020.03.18-23.14.10:978][  0]LogDerivedDataCache: Saved boot cache 0.10s 78MB C:/Users/jerem/AppData/Local/UnrealEngine/4.24/DerivedDataCache/Boot.ddc.
[2020.03.18-23.14.10:980][  0]LogInit: Texture streaming: Enabled
[2020.03.18-23.14.10:998][  0]LogEngineSessionManager: EngineSessionManager initialized
[2020.03.18-23.14.10:998][  0]LogEditorSessionSummary: Verbose: Initializing EditorSessionSummaryWriter for editor session tracking
[2020.03.18-23.14.11:002][  0]LogEditorSessionSummary: EditorSessionSummaryWriter initialized
[2020.03.18-23.14.11:071][  0]LogInit: Transaction tracking system initialized
[2020.03.18-23.14.11:087][  0]BlueprintLog: New page: Editor Load
[2020.03.18-23.14.11:142][  0]LocalizationService: Localization service is disabled
[2020.03.18-23.14.11:746][  0]LogCook: Display: Max memory allowance for cook 16384mb min free memory 0mb
[2020.03.18-23.14.11:747][  0]LogCook: Display: Mobile HDR setting 1
[2020.03.18-23.14.11:971][  0]LogFileCache: Scanning file cache for directory 'C:/Users/jerem/Documents/GitHub/Game-Files/GangGame/GangGameUE4/GangGameGraybox/Content/' took 0.03s
[2020.03.18-23.14.13:023][  0]SourceControl: Source control is disabled
[2020.03.18-23.14.13:023][  0]Cmd: MAP LOAD FILE="../../../../../../Users/jerem/Documents/GitHub/Game-Files/GangGame/GangGameUE4/GangGameGraybox/Content/Game/Maps/GrayBox.umap" TEMPLATE=0 SHOWPROGRESS=1 FEATURELEVEL=3
[2020.03.18-23.14.13:024][  0]LightingResults: New page: Lighting Build
[2020.03.18-23.14.13:025][  0]LogWorld: UWorld::CleanupWorld for Untitled, bSessionEnded=true, bCleanupResources=true
[2020.03.18-23.14.13:026][  0]LogSlate: InvalidateAllWidgets triggered.  All widgets were invalidated
[2020.03.18-23.14.13:026][  0]MapCheck: New page: Map Check
[2020.03.18-23.14.13:026][  0]LightingResults: New page: Lighting Build
[2020.03.18-23.14.13:057][  0]LogUObjectHash: Compacting FUObjectHashTables data took   2.54ms
[2020.03.18-23.14.13:269][  0]LogProperty: Error: UStructProperty::Serialize Loading: Property 'StructProperty /Game/Game/HUD/HUDWidgets/PlayerHUD/Inventory/Items_BP/BP_MainItem.BP_MainItem_C:s_item'. Unknown structure.
[2020.03.18-23.14.13:269][  0]LogClass: Warning: Property s_item of s_item has a struct type mismatch (tag STRUCT_REINST_InventoryStruct_3 != prop FallbackStruct) in package:  ../../../../../../Users/jerem/Documents/GitHub/Game-Files/GangGame/GangGameUE4/GangGameGraybox/Content/Game/HUD/HUDWidgets/PlayerHUD/Inventory/Items_BP/BP_MainItem.uasset. If that struct got renamed, add an entry to ActiveStructRedirects.
[2020.03.18-23.14.13:624][  0]LogClass: Warning: Property s_item of s_item has a struct type mismatch (tag FallbackStruct != prop InventoryStruct) in package:  FObjectReader. If that struct got renamed, add an entry to ActiveStructRedirects.
[2020.03.18-23.14.13:626][  0]LogClass: Warning: Property s_item of s_item has a struct type mismatch (tag FallbackStruct != prop InventoryStruct) in package:  FObjectReader. If that struct got renamed, add an entry to ActiveStructRedirects.
[2020.03.18-23.14.14:193][  0]LogAIModule: Creating AISystem for world GrayBox
[2020.03.18-23.14.14:258][  0]LogEditorServer: Finished looking for orphan Actors (0.000 secs)
[2020.03.18-23.14.14:334][  0]LogUObjectHash: Compacting FUObjectHashTables data took   3.95ms
[2020.03.18-23.14.14:335][  0]Cmd: MAP CHECKDEP NOCLEARLOG
[2020.03.18-23.14.14:335][  0]MapCheck: Map check complete: 0 Error(s), 0 Warning(s), took 0,455ms to complete.
[2020.03.18-23.14.14:335][  0]LogFileHelpers: Loading map 'GrayBox' took 1.313
[2020.03.18-23.14.14:536][  0]LogSlate: Updating window title bar state: overlay mode, drag disabled, window buttons hidden, title bar hidden
[2020.03.18-23.14.14:552][  0]LogSlate: Updating window title bar state: overlay mode, drag disabled, window buttons hidden, title bar hidden
[2020.03.18-23.14.14:565][  0]LogSlate: Updating window title bar state: overlay mode, drag disabled, window buttons hidden, title bar hidden
[2020.03.18-23.14.14:580][  0]LogSlate: Updating window title bar state: overlay mode, drag disabled, window buttons hidden, title bar hidden
[2020.03.18-23.14.14:594][  0]LogCollectionManager: Loaded 0 collections in 0.004870 seconds
[2020.03.18-23.14.14:620][  0]LogFileCache: Scanning file cache for directory 'C:/Users/jerem/Documents/GitHub/Game-Files/GangGame/GangGameUE4/GangGameGraybox/Saved/Collections/' took 0.00s
[2020.03.18-23.14.14:620][  0]LogFileCache: Scanning file cache for directory 'C:/Users/jerem/Documents/GitHub/Game-Files/GangGame/GangGameUE4/GangGameGraybox/Content/Developers/jerem/Collections/' took 0.00s
[2020.03.18-23.14.14:620][  0]LogFileCache: Scanning file cache for directory 'C:/Users/jerem/Documents/GitHub/Game-Files/GangGame/GangGameUE4/GangGameGraybox/Content/Collections/' took 0.00s
[2020.03.18-23.14.14:620][  0]LogContentBrowser: Native class hierarchy populated in 0.0152 seconds. Added 3079 classes and 756 folders.
[2020.03.18-23.14.14:626][  0]LogContentBrowser: Native class hierarchy updated for 'WidgetCarousel' in 0.0007 seconds. Added 0 classes and 0 folders.
[2020.03.18-23.14.14:819][  0]LogContentBrowser: Native class hierarchy updated for 'AddContentDialog' in 0.0009 seconds. Added 0 classes and 0 folders.
[2020.03.18-23.14.14:825][  0]LogContentBrowser: Native class hierarchy updated for 'SceneOutliner' in 0.0005 seconds. Added 2 classes and 3 folders.
[2020.03.18-23.14.14:880][  0]LogSlate: Took 0.000352 seconds to synchronously load lazily loaded font '../../../Engine/Content/Slate/Fonts/Roboto-Regular.ttf' (155K)
[2020.03.18-23.14.14:883][  0]LogSlate: Took 0.000318 seconds to synchronously load lazily loaded font '../../../Engine/Content/Slate/Fonts/Roboto-Bold.ttf' (160K)
[2020.03.18-23.14.14:890][  0]LogSlate: Took 0.000485 seconds to synchronously load lazily loaded font '../../../Engine/Content/Editor/Slate/Fonts/FontAwesome.ttf' (139K)
[2020.03.18-23.14.15:026][  0]LogRenderer: Reallocating scene render targets to support 1208x572 Format 10 NumSamples 1 (Frame:1).
[2020.03.18-23.14.15:280][  0]LogContentBrowser: Native class hierarchy updated for 'HierarchicalLODOutliner' in 0.0006 seconds. Added 0 classes and 0 folders.
[2020.03.18-23.14.15:281][  0]LogLoad: (Engine Initialization) Total time: 18.23 seconds
[2020.03.18-23.14.15:281][  0]LogLoad: (Engine Initialization) Total Blueprint compile time: 0.00 seconds
[2020.03.18-23.14.15:350][  0]LogContentStreaming: Texture pool size now 1000 MB
[2020.03.18-23.14.15:394][  0]LogSlate: Took 0.000476 seconds to synchronously load lazily loaded font '../../../Engine/Content/Slate/Fonts/Roboto-Light.ttf' (167K)
[2020.03.18-23.14.15:573][  2]LogAssetRegistry: Asset discovery search completed in 12.6778 seconds
[2020.03.18-23.14.15:671][  2]LogCollectionManager: Fixed up redirectors for 0 collections in 0.000010 seconds (updated 0 objects)
