Log file open, 04/25/20 13:18:24
LogWindows: Failed to load 'aqProf.dll' (GetLastError=126)
LogWindows: File 'aqProf.dll' does not exist
LogWindows: Failed to load 'VtuneApi.dll' (GetLastError=126)
LogWindows: File 'VtuneApi.dll' does not exist
LogWindows: Failed to load 'VtuneApi32e.dll' (GetLastError=126)
LogWindows: File 'VtuneApi32e.dll' does not exist
LogConsoleResponse: Display: Failed to find resolution value strings in scalability ini. Falling back to default.
LogInit: Display: Running engine for game: GangGameGraybox
LogPlatformFile: Not using cached read wrapper
LogTaskGraph: Started task graph with 5 named threads and 14 total threads with 3 sets of task threads.
LogStats: Stats thread started at 0.196142
LogD3D11RHI: Loaded GFSDK_Aftermath_Lib.x64.dll
LogICUInternationalization: ICU TimeZone Detection - Raw Offset: -5:00, Platform Override: ''
LogPluginManager: Mounting plugin Paper2D
LogPluginManager: Mounting plugin AISupport
LogPluginManager: Mounting plugin LightPropagationVolume
LogPluginManager: Mounting plugin ActorLayerUtilities
LogPluginManager: Mounting plugin AnimationSharing
LogPluginManager: Mounting plugin CLionSourceCodeAccess
LogPluginManager: Mounting plugin CodeLiteSourceCodeAccess
LogPluginManager: Mounting plugin ConcertMain
LogPluginManager: Mounting plugin ConcertSyncClient
LogPluginManager: Mounting plugin ConcertSyncCore
LogPluginManager: Mounting plugin MultiUserClient
LogPluginManager: Mounting plugin GitSourceControl
LogPluginManager: Mounting plugin KDevelopSourceCodeAccess
LogPluginManager: Mounting plugin NullSourceCodeAccess
LogPluginManager: Mounting plugin PerforceSourceControl
LogPluginManager: Mounting plugin PlasticSourceControl
LogPluginManager: Mounting plugin SubversionSourceControl
LogPluginManager: Mounting plugin UObjectPlugin
LogPluginManager: Mounting plugin VisualStudioCodeSourceCodeAccess
LogPluginManager: Mounting plugin VisualStudioSourceCodeAccess
LogPluginManager: Mounting plugin XCodeSourceCodeAccess
LogPluginManager: Mounting plugin AssetManagerEditor
LogPluginManager: Mounting plugin CryptoKeys
LogPluginManager: Mounting plugin CurveEditorTools
LogPluginManager: Mounting plugin DataValidation
LogPluginManager: Mounting plugin EditorScriptingUtilities
LogPluginManager: Mounting plugin FacialAnimation
LogPluginManager: Mounting plugin GameplayTagsEditor
LogPluginManager: Mounting plugin MacGraphicsSwitching
LogPluginManager: Mounting plugin MaterialAnalyzer
LogPluginManager: Mounting plugin MobileLauncherProfileWizard
LogPluginManager: Mounting plugin PluginBrowser
LogPluginManager: Mounting plugin SpeedTreeImporter
LogPluginManager: Mounting plugin DatasmithContent
LogPluginManager: Mounting plugin VariantManagerContent
LogPluginManager: Mounting plugin AlembicImporter
LogPluginManager: Mounting plugin AutomationUtils
LogPluginManager: Mounting plugin BackChannel
LogPluginManager: Mounting plugin CharacterAI
LogPluginManager: Mounting plugin GeometryCache
LogPluginManager: Mounting plugin PlatformCrypto
LogPluginManager: Mounting plugin ProxyLODPlugin
LogPluginManager: Mounting plugin PythonScriptPlugin
LogPluginManager: Mounting plugin SkeletalReduction
LogPluginManager: Mounting plugin MagicLeap
LogPluginManager: Mounting plugin MagicLeapMedia
LogPluginManager: Mounting plugin MLSDK
LogPluginManager: Mounting plugin Linter
LogPluginManager: Mounting plugin AndroidMedia
LogPluginManager: Mounting plugin AvfMedia
LogPluginManager: Mounting plugin ImgMedia
LogPluginManager: Mounting plugin MediaCompositing
LogPluginManager: Mounting plugin MediaPlayerEditor
LogPluginManager: Mounting plugin WebMMedia
LogPluginManager: Mounting plugin WmfMedia
LogPluginManager: Mounting plugin MegascansPlugin
LogPluginManager: Mounting plugin TcpMessaging
LogPluginManager: Mounting plugin UdpMessaging
LogPluginManager: Mounting plugin ActorSequence
LogPluginManager: Mounting plugin LevelSequenceEditor
LogPluginManager: Mounting plugin MatineeToLevelSequence
LogPluginManager: Mounting plugin NetcodeUnitTest
LogPluginManager: Mounting plugin NUTUnrealEngine4
LogPluginManager: Mounting plugin OnlineSubsystemGooglePlay
LogPluginManager: Mounting plugin OnlineSubsystemIOS
LogPluginManager: Mounting plugin OnlineSubsystem
LogPluginManager: Mounting plugin OnlineSubsystemNull
LogPluginManager: Mounting plugin OnlineSubsystemUtils
LogPluginManager: Mounting plugin LauncherChunkInstaller
LogPluginManager: Mounting plugin AndroidDeviceProfileSelector
LogPluginManager: Mounting plugin AndroidMoviePlayer
LogPluginManager: Mounting plugin AndroidPermission
LogPluginManager: Mounting plugin AppleImageUtils
LogPluginManager: Mounting plugin AppleMoviePlayer
LogPluginManager: Mounting plugin ArchVisCharacter
LogPluginManager: Mounting plugin AssetTags
LogPluginManager: Mounting plugin AudioCapture
LogPluginManager: Mounting plugin CableComponent
LogPluginManager: Mounting plugin CustomMeshComponent
LogPluginManager: Mounting plugin SQLiteCore
LogPluginManager: Mounting plugin EditableMesh
LogPluginManager: Mounting plugin ExampleDeviceProfileSelector
LogPluginManager: Mounting plugin GoogleCloudMessaging
LogPluginManager: Mounting plugin IOSDeviceProfileSelector
LogPluginManager: Mounting plugin LinuxDeviceProfileSelector
LogPluginManager: Mounting plugin LocationServicesBPLibrary
LogPluginManager: Mounting plugin MobilePatchingUtils
LogPluginManager: Mounting plugin OculusVR
LogPluginManager: Mounting plugin PhysXVehicles
LogPluginManager: Mounting plugin PostSplashScreen
LogPluginManager: Mounting plugin ProceduralMeshComponent
LogPluginManager: Mounting plugin RuntimePhysXCooking
LogPluginManager: Mounting plugin SignificanceManager
LogPluginManager: Mounting plugin SteamVR
LogPluginManager: Mounting plugin SunPosition
LogPluginManager: Mounting plugin WebMMoviePlayer
LogPluginManager: Mounting plugin WindowsMoviePlayer
LogPluginManager: Mounting plugin ScreenshotTools
LogInit: Using libcurl 7.55.1-DEV
LogInit:  - built for x86_64-pc-win32
LogInit:  - supports SSL with OpenSSL/1.1.1
LogInit:  - supports HTTP deflate (compression) using libz 1.2.8
LogInit:  - other features:
LogInit:      CURL_VERSION_SSL
LogInit:      CURL_VERSION_LIBZ
LogInit:      CURL_VERSION_IPV6
LogInit:      CURL_VERSION_ASYNCHDNS
LogInit:      CURL_VERSION_LARGEFILE
LogInit:      CURL_VERSION_IDN
LogInit:  CurlRequestOptions (configurable via config and command line):
LogInit:  - bVerifyPeer = true  - Libcurl will verify peer certificate
LogInit:  - bUseHttpProxy = false  - Libcurl will NOT use HTTP proxy
LogInit:  - bDontReuseConnections = false  - Libcurl will reuse connections
LogInit:  - MaxHostConnections = 16  - Libcurl will limit the number of connections to a host
LogInit:  - LocalHostAddr = Default
LogInit:  - BufferSize = 65536
LogOnline: OSS: Creating online subsystem instance for: NULL
LogInit: WinSock: version 1.1 (2.2), MaxSocks=32767, MaxUdp=65467
LogOnline: OSS: TryLoadSubsystemAndSetDefault: Loaded subsystem for module [NULL]
LogInit: Build: ++UE4+Release-4.24-CL-11590370
LogInit: Engine Version: 4.24.3-11590370+++UE4+Release-4.24
LogInit: Compatible Engine Version: 4.24.0-10570792+++UE4+Release-4.24
LogInit: Net CL: 10570792
LogInit: OS: Windows 10 (Release 1909) (), CPU: AMD Ryzen 3 3200G with Radeon Vega Graphics    , GPU: Radeon RX 570 Series
LogInit: Compiled (64-bit): Feb 24 2020 15:39:18
LogInit: Compiled with Visual C++: 19.16.27032.01
LogInit: Build Configuration: Development
LogInit: Branch Name: ++UE4+Release-4.24
LogInit: Command Line: 
LogInit: Base Directory: C:/Program Files/Epic Games/UE_4.24/Engine/Binaries/Win64/
LogInit: Installed Engine Build: 1
LogDevObjectVersion: Number of dev versions registered: 25
LogDevObjectVersion:   Dev-Blueprints (B0D832E4-1F89-4F0D-ACCF-7EB736FD4AA2): 10
LogDevObjectVersion:   Dev-Build (E1C64328-A22C-4D53-A36C-8E866417BD8C): 0
LogDevObjectVersion:   Dev-Core (375EC13C-06E4-48FB-B500-84F0262A717E): 3
LogDevObjectVersion:   Dev-Editor (E4B068ED-F494-42E9-A231-DA0B2E46BB41): 37
LogDevObjectVersion:   Dev-Framework (CFFC743F-43B0-4480-9391-14DF171D2073): 36
LogDevObjectVersion:   Dev-Mobile (B02B49B5-BB20-44E9-A304-32B752E40360): 2
LogDevObjectVersion:   Dev-Networking (A4E4105C-59A1-49B5-A7C5-40C4547EDFEE): 0
LogDevObjectVersion:   Dev-Online (39C831C9-5AE6-47DC-9A44-9C173E1C8E7C): 0
LogDevObjectVersion:   Dev-Physics (78F01B33-EBEA-4F98-B9B4-84EACCB95AA2): 2
LogDevObjectVersion:   Dev-Platform (6631380F-2D4D-43E0-8009-CF276956A95A): 0
LogDevObjectVersion:   Dev-Rendering (12F88B9F-8875-4AFC-A67C-D90C383ABD29): 36
LogDevObjectVersion:   Dev-Sequencer (7B5AE74C-D270-4C10-A958-57980B212A5A): 11
LogDevObjectVersion:   Dev-VR (D7296918-1DD6-4BDD-9DE2-64A83CC13884): 2
LogDevObjectVersion:   Dev-LoadTimes (C2A15278-BFE7-4AFE-6C17-90FF531DF755): 1
LogDevObjectVersion:   Private-Geometry (6EACA3D4-40EC-4CC1-B786-8BED09428FC5): 3
LogDevObjectVersion:   Dev-AnimPhys (29E575DD-E0A3-4627-9D10-D276232CDCEA): 17
LogDevObjectVersion:   Dev-Anim (AF43A65D-7FD3-4947-9873-3E8ED9C1BB05): 2
LogDevObjectVersion:   Dev-ReflectionCapture (6B266CEC-1EC7-4B8F-A30B-E4D90942FC07): 1
LogDevObjectVersion:   Dev-Automation (0DF73D61-A23F-47EA-B727-89E90C41499A): 1
LogDevObjectVersion:   FortniteMain (601D1886-AC64-4F84-AA16-D3DE0DEAC7D6): 31
LogDevObjectVersion:   Dev-Enterprise (9DFFBCD6-494F-0158-E221-12823C92A888): 8
LogDevObjectVersion:   Dev-Niagara (F2AED0AC-9AFE-416F-8664-AA7FFA26D6FC): 1
LogDevObjectVersion:   Dev-Destruction (174F1F0B-B4C6-45A5-B13F-2EE8D0FB917D): 9
LogDevObjectVersion:   Dev-Physics-Ext (35F94A83-E258-406C-A318-09F59610247C): 8
LogDevObjectVersion:   Dev-CineCamera (B2E18506-4273-CFC2-A54E-F4BB758BBA07): 1
LogInit: Presizing for max 25165824 objects, including 0 objects not considered by GC, pre-allocating 0 bytes for permanent pool.
LogInit: Object subsystem initialized
LogConfig: Setting CVar [[con.DebugEarlyDefault:1]]
LogConfig: Setting CVar [[r.setres:1280x720]]
[2020.04.25-17.18.24:995][  0]LogConfig: Setting CVar [[r.VSync:0]]
[2020.04.25-17.18.24:995][  0]LogConfig: Setting CVar [[r.RHICmdBypass:0]]
[2020.04.25-17.18.24:995][  0]LogConfig: Applying CVar settings from Section [/Script/Engine.RendererSettings] File [C:/Users/jerem/Documents/GitHub/Game-Files/GangGame/GangGameUE4/GangGameGraybox/Saved/Config/Windows/Engine.ini]
[2020.04.25-17.18.24:995][  0]LogConfig: Setting CVar [[r.GPUCrashDebugging:0]]
[2020.04.25-17.18.24:995][  0]LogConfig: Setting CVar [[r.GenerateMeshDistanceFields:1]]
[2020.04.25-17.18.24:995][  0]LogConfig: Applying CVar settings from Section [/Script/Engine.RendererOverrideSettings] File [C:/Users/jerem/Documents/GitHub/Game-Files/GangGame/GangGameUE4/GangGameGraybox/Saved/Config/Windows/Engine.ini]
[2020.04.25-17.18.24:995][  0]LogConfig: Applying CVar settings from Section [/Script/Engine.StreamingSettings] File [C:/Users/jerem/Documents/GitHub/Game-Files/GangGame/GangGameUE4/GangGameGraybox/Saved/Config/Windows/Engine.ini]
[2020.04.25-17.18.24:995][  0]LogConfig: Setting CVar [[s.MinBulkDataSizeForAsyncLoading:131072]]
[2020.04.25-17.18.24:995][  0]LogConfig: Setting CVar [[s.AsyncLoadingThreadEnabled:0]]
[2020.04.25-17.18.24:995][  0]LogConfig: Setting CVar [[s.EventDrivenLoaderEnabled:1]]
[2020.04.25-17.18.24:995][  0]LogConfig: Setting CVar [[s.WarnIfTimeLimitExceeded:0]]
[2020.04.25-17.18.24:995][  0]LogConfig: Setting CVar [[s.TimeLimitExceededMultiplier:1.5]]
[2020.04.25-17.18.24:995][  0]LogConfig: Setting CVar [[s.TimeLimitExceededMinTime:0.005]]
[2020.04.25-17.18.24:995][  0]LogConfig: Setting CVar [[s.UseBackgroundLevelStreaming:1]]
[2020.04.25-17.18.24:995][  0]LogConfig: Setting CVar [[s.PriorityAsyncLoadingExtraTime:15.0]]
[2020.04.25-17.18.24:995][  0]LogConfig: Setting CVar [[s.LevelStreamingActorsUpdateTimeLimit:5.0]]
[2020.04.25-17.18.24:995][  0]LogConfig: Setting CVar [[s.PriorityLevelStreamingActorsUpdateExtraTime:5.0]]
[2020.04.25-17.18.24:995][  0]LogConfig: Setting CVar [[s.LevelStreamingComponentsRegistrationGranularity:10]]
[2020.04.25-17.18.24:995][  0]LogConfig: Setting CVar [[s.UnregisterComponentsTimeLimit:1.0]]
[2020.04.25-17.18.24:995][  0]LogConfig: Setting CVar [[s.LevelStreamingComponentsUnregistrationGranularity:5]]
[2020.04.25-17.18.24:995][  0]LogConfig: Setting CVar [[s.FlushStreamingOnExit:1]]
[2020.04.25-17.18.24:995][  0]LogConfig: Applying CVar settings from Section [/Script/Engine.GarbageCollectionSettings] File [C:/Users/jerem/Documents/GitHub/Game-Files/GangGame/GangGameUE4/GangGameGraybox/Saved/Config/Windows/Engine.ini]
[2020.04.25-17.18.24:995][  0]LogConfig: Setting CVar [[gc.MaxObjectsNotConsideredByGC:1]]
[2020.04.25-17.18.24:995][  0]LogConfig: Setting CVar [[gc.SizeOfPermanentObjectPool:0]]
[2020.04.25-17.18.24:995][  0]LogConfig: Setting CVar [[gc.FlushStreamingOnGC:0]]
[2020.04.25-17.18.24:995][  0]LogConfig: Setting CVar [[gc.NumRetriesBeforeForcingGC:10]]
[2020.04.25-17.18.24:995][  0]LogConfig: Setting CVar [[gc.AllowParallelGC:1]]
[2020.04.25-17.18.24:995][  0]LogConfig: Setting CVar [[gc.TimeBetweenPurgingPendingKillObjects:61.1]]
[2020.04.25-17.18.24:995][  0]LogConfig: Setting CVar [[gc.MaxObjectsInEditor:25165824]]
[2020.04.25-17.18.24:995][  0]LogConfig: Setting CVar [[gc.IncrementalBeginDestroyEnabled:1]]
[2020.04.25-17.18.24:995][  0]LogConfig: Setting CVar [[gc.CreateGCClusters:1]]
[2020.04.25-17.18.24:995][  0]LogConfig: Setting CVar [[gc.MinGCClusterSize:5]]
[2020.04.25-17.18.24:995][  0]LogConfig: Setting CVar [[gc.ActorClusteringEnabled:0]]
[2020.04.25-17.18.24:995][  0]LogConfig: Setting CVar [[gc.BlueprintClusteringEnabled:0]]
[2020.04.25-17.18.24:995][  0]LogConfig: Setting CVar [[gc.UseDisregardForGCOnDedicatedServers:0]]
[2020.04.25-17.18.24:995][  0]LogConfig: Applying CVar settings from Section [/Script/Engine.NetworkSettings] File [C:/Users/jerem/Documents/GitHub/Game-Files/GangGame/GangGameUE4/GangGameGraybox/Saved/Config/Windows/Engine.ini]
[2020.04.25-17.18.24:995][  0]LogConfig: Applying CVar settings from Section [/Script/UnrealEd.CookerSettings] File [C:/Users/jerem/Documents/GitHub/Game-Files/GangGame/GangGameUE4/GangGameGraybox/Saved/Config/Windows/Engine.ini]
[2020.04.25-17.18.25:003][  0]LogConfig: Applying CVar settings from Section [ViewDistanceQuality@3] File [C:/Users/jerem/Documents/GitHub/Game-Files/GangGame/GangGameUE4/GangGameGraybox/Saved/Config/Windows/Scalability.ini]
[2020.04.25-17.18.25:003][  0]LogConfig: Setting CVar [[r.SkeletalMeshLODBias:0]]
[2020.04.25-17.18.25:003][  0]LogConfig: Setting CVar [[r.ViewDistanceScale:1.0]]
[2020.04.25-17.18.25:003][  0]LogConfig: Applying CVar settings from Section [AntiAliasingQuality@3] File [C:/Users/jerem/Documents/GitHub/Game-Files/GangGame/GangGameUE4/GangGameGraybox/Saved/Config/Windows/Scalability.ini]
[2020.04.25-17.18.25:003][  0]LogConfig: Setting CVar [[r.PostProcessAAQuality:4]]
[2020.04.25-17.18.25:003][  0]LogConfig: Applying CVar settings from Section [ShadowQuality@3] File [C:/Users/jerem/Documents/GitHub/Game-Files/GangGame/GangGameUE4/GangGameGraybox/Saved/Config/Windows/Scalability.ini]
[2020.04.25-17.18.25:003][  0]LogConfig: Setting CVar [[r.LightFunctionQuality:1]]
[2020.04.25-17.18.25:003][  0]LogConfig: Setting CVar [[r.ShadowQuality:5]]
[2020.04.25-17.18.25:003][  0]LogConfig: Setting CVar [[r.Shadow.CSM.MaxCascades:10]]
[2020.04.25-17.18.25:003][  0]LogConfig: Setting CVar [[r.Shadow.MaxResolution:2048]]
[2020.04.25-17.18.25:003][  0]LogConfig: Setting CVar [[r.Shadow.MaxCSMResolution:2048]]
[2020.04.25-17.18.25:003][  0]LogConfig: Setting CVar [[r.Shadow.RadiusThreshold:0.01]]
[2020.04.25-17.18.25:003][  0]LogConfig: Setting CVar [[r.Shadow.DistanceScale:1.0]]
[2020.04.25-17.18.25:003][  0]LogConfig: Setting CVar [[r.Shadow.CSM.TransitionScale:1.0]]
[2020.04.25-17.18.25:003][  0]LogConfig: Setting CVar [[r.Shadow.PreShadowResolutionFactor:1.0]]
[2020.04.25-17.18.25:003][  0]LogConfig: Setting CVar [[r.DistanceFieldShadowing:1]]
[2020.04.25-17.18.25:003][  0]LogConfig: Setting CVar [[r.DistanceFieldAO:1]]
[2020.04.25-17.18.25:003][  0]LogConfig: Setting CVar [[r.AOQuality:2]]
[2020.04.25-17.18.25:003][  0]LogConfig: Setting CVar [[r.VolumetricFog:1]]
[2020.04.25-17.18.25:003][  0]LogConfig: Setting CVar [[r.VolumetricFog.GridPixelSize:8]]
[2020.04.25-17.18.25:003][  0]LogConfig: Setting CVar [[r.VolumetricFog.GridSizeZ:128]]
[2020.04.25-17.18.25:003][  0]LogConfig: Setting CVar [[r.VolumetricFog.HistoryMissSupersampleCount:4]]
[2020.04.25-17.18.25:003][  0]LogConfig: Setting CVar [[r.LightMaxDrawDistanceScale:1]]
[2020.04.25-17.18.25:003][  0]LogConfig: Setting CVar [[r.CapsuleShadows:1]]
[2020.04.25-17.18.25:003][  0]LogConfig: Applying CVar settings from Section [PostProcessQuality@3] File [C:/Users/jerem/Documents/GitHub/Game-Files/GangGame/GangGameUE4/GangGameGraybox/Saved/Config/Windows/Scalability.ini]
[2020.04.25-17.18.25:003][  0]LogConfig: Setting CVar [[r.MotionBlurQuality:4]]
[2020.04.25-17.18.25:003][  0]LogConfig: Setting CVar [[r.AmbientOcclusionMipLevelFactor:0.4]]
[2020.04.25-17.18.25:003][  0]LogConfig: Setting CVar [[r.AmbientOcclusionMaxQuality:100]]
[2020.04.25-17.18.25:004][  0]LogConfig: Setting CVar [[r.AmbientOcclusionLevels:-1]]
[2020.04.25-17.18.25:004][  0]LogConfig: Setting CVar [[r.AmbientOcclusionRadiusScale:1.0]]
[2020.04.25-17.18.25:004][  0]LogConfig: Setting CVar [[r.DepthOfFieldQuality:2]]
[2020.04.25-17.18.25:004][  0]LogConfig: Setting CVar [[r.RenderTargetPoolMin:400]]
[2020.04.25-17.18.25:004][  0]LogConfig: Setting CVar [[r.LensFlareQuality:2]]
[2020.04.25-17.18.25:004][  0]LogConfig: Setting CVar [[r.SceneColorFringeQuality:1]]
[2020.04.25-17.18.25:004][  0]LogConfig: Setting CVar [[r.EyeAdaptationQuality:2]]
[2020.04.25-17.18.25:004][  0]LogConfig: Setting CVar [[r.BloomQuality:5]]
[2020.04.25-17.18.25:004][  0]LogConfig: Setting CVar [[r.FastBlurThreshold:100]]
[2020.04.25-17.18.25:004][  0]LogConfig: Setting CVar [[r.Upscale.Quality:3]]
[2020.04.25-17.18.25:004][  0]LogConfig: Setting CVar [[r.Tonemapper.GrainQuantization:1]]
[2020.04.25-17.18.25:004][  0]LogConfig: Setting CVar [[r.LightShaftQuality:1]]
[2020.04.25-17.18.25:004][  0]LogConfig: Setting CVar [[r.Filter.SizeScale:1]]
[2020.04.25-17.18.25:004][  0]LogConfig: Setting CVar [[r.Tonemapper.Quality:5]]
[2020.04.25-17.18.25:004][  0]LogConfig: Setting CVar [[r.DOF.Gather.AccumulatorQuality:1        ; higher gathering accumulator quality]]
[2020.04.25-17.18.25:004][  0]LogConfig: Setting CVar [[r.DOF.Gather.PostfilterMethod:1          ; Median3x3 postfilering method]]
[2020.04.25-17.18.25:004][  0]LogConfig: Setting CVar [[r.DOF.Gather.EnableBokehSettings:0       ; no bokeh simulation when gathering]]
[2020.04.25-17.18.25:004][  0]LogConfig: Setting CVar [[r.DOF.Gather.RingCount:4                 ; medium number of samples when gathering]]
[2020.04.25-17.18.25:004][  0]LogConfig: Setting CVar [[r.DOF.Scatter.ForegroundCompositing:1    ; additive foreground scattering]]
[2020.04.25-17.18.25:004][  0]LogConfig: Setting CVar [[r.DOF.Scatter.BackgroundCompositing:2    ; additive background scattering]]
[2020.04.25-17.18.25:004][  0]LogConfig: Setting CVar [[r.DOF.Scatter.EnableBokehSettings:1      ; bokeh simulation when scattering]]
[2020.04.25-17.18.25:004][  0]LogConfig: Setting CVar [[r.DOF.Scatter.MaxSpriteRatio:0.1         ; only a maximum of 10% of scattered bokeh]]
[2020.04.25-17.18.25:004][  0]LogConfig: Setting CVar [[r.DOF.Recombine.Quality:1                ; cheap slight out of focus]]
[2020.04.25-17.18.25:004][  0]LogConfig: Setting CVar [[r.DOF.Recombine.EnableBokehSettings:0    ; no bokeh simulation on slight out of focus]]
[2020.04.25-17.18.25:004][  0]LogConfig: Setting CVar [[r.DOF.TemporalAAQuality:1                ; more stable temporal accumulation]]
[2020.04.25-17.18.25:004][  0]LogConfig: Setting CVar [[r.DOF.Kernel.MaxForegroundRadius:0.025]]
[2020.04.25-17.18.25:004][  0]LogConfig: Setting CVar [[r.DOF.Kernel.MaxBackgroundRadius:0.025]]
[2020.04.25-17.18.25:004][  0]LogConfig: Applying CVar settings from Section [TextureQuality@3] File [C:/Users/jerem/Documents/GitHub/Game-Files/GangGame/GangGameUE4/GangGameGraybox/Saved/Config/Windows/Scalability.ini]
[2020.04.25-17.18.25:004][  0]LogConfig: Setting CVar [[r.Streaming.MipBias:0]]
[2020.04.25-17.18.25:004][  0]LogConfig: Setting CVar [[r.Streaming.AmortizeCPUToGPUCopy:0]]
[2020.04.25-17.18.25:004][  0]LogConfig: Setting CVar [[r.Streaming.MaxNumTexturesToStreamPerFrame:0]]
[2020.04.25-17.18.25:004][  0]LogConfig: Setting CVar [[r.Streaming.Boost:1]]
[2020.04.25-17.18.25:004][  0]LogConfig: Setting CVar [[r.MaxAnisotropy:8]]
[2020.04.25-17.18.25:004][  0]LogConfig: Setting CVar [[r.VT.MaxAnisotropy:8]]
[2020.04.25-17.18.25:004][  0]LogConfig: Setting CVar [[r.Streaming.LimitPoolSizeToVRAM:0]]
[2020.04.25-17.18.25:004][  0]LogConfig: Setting CVar [[r.Streaming.PoolSize:1000]]
[2020.04.25-17.18.25:004][  0]LogConfig: Setting CVar [[r.Streaming.MaxEffectiveScreenSize:0]]
[2020.04.25-17.18.25:004][  0]LogConfig: Applying CVar settings from Section [EffectsQuality@3] File [C:/Users/jerem/Documents/GitHub/Game-Files/GangGame/GangGameUE4/GangGameGraybox/Saved/Config/Windows/Scalability.ini]
[2020.04.25-17.18.25:004][  0]LogConfig: Setting CVar [[r.TranslucencyLightingVolumeDim:64]]
[2020.04.25-17.18.25:004][  0]LogConfig: Setting CVar [[r.RefractionQuality:2]]
[2020.04.25-17.18.25:004][  0]LogConfig: Setting CVar [[r.SSR.Quality:3]]
[2020.04.25-17.18.25:004][  0]LogConfig: Setting CVar [[r.SSR.HalfResSceneColor:0]]
[2020.04.25-17.18.25:004][  0]LogConfig: Setting CVar [[r.SceneColorFormat:4]]
[2020.04.25-17.18.25:004][  0]LogConfig: Setting CVar [[r.DetailMode:2]]
[2020.04.25-17.18.25:004][  0]LogConfig: Setting CVar [[r.TranslucencyVolumeBlur:1]]
[2020.04.25-17.18.25:004][  0]LogConfig: Setting CVar [[r.MaterialQualityLevel:1 ; High quality]]
[2020.04.25-17.18.25:004][  0]LogConfig: Setting CVar [[r.SSS.Scale:1]]
[2020.04.25-17.18.25:004][  0]LogConfig: Setting CVar [[r.SSS.SampleSet:2]]
[2020.04.25-17.18.25:004][  0]LogConfig: Setting CVar [[r.SSS.Quality:1]]
[2020.04.25-17.18.25:004][  0]LogConfig: Setting CVar [[r.SSS.HalfRes:1]]
[2020.04.25-17.18.25:004][  0]LogConfig: Setting CVar [[r.SSGI.Quality:3]]
[2020.04.25-17.18.25:004][  0]LogConfig: Setting CVar [[r.EmitterSpawnRateScale:1.0]]
[2020.04.25-17.18.25:004][  0]LogConfig: Setting CVar [[r.ParticleLightQuality:2]]
[2020.04.25-17.18.25:004][  0]LogConfig: Setting CVar [[r.SkyAtmosphere.AerialPerspectiveLUT.FastApplyOnOpaque:1 ; Always have FastSkyLUT 1 in this case to avoid wrong sky]]
[2020.04.25-17.18.25:004][  0]LogConfig: Setting CVar [[r.SkyAtmosphere.AerialPerspectiveLUT.SampleCountPerSlice:1]]
[2020.04.25-17.18.25:004][  0]LogConfig: Setting CVar [[r.SkyAtmosphere.AerialPerspectiveLUT.DepthResolution:16.0]]
[2020.04.25-17.18.25:004][  0]LogConfig: Setting CVar [[r.SkyAtmosphere.FastSkyLUT:1]]
[2020.04.25-17.18.25:004][  0]LogConfig: Setting CVar [[r.SkyAtmosphere.FastSkyLUT.SampleCountMin:4.0]]
[2020.04.25-17.18.25:004][  0]LogConfig: Setting CVar [[r.SkyAtmosphere.FastSkyLUT.SampleCountMax:32.0]]
[2020.04.25-17.18.25:004][  0]LogConfig: Setting CVar [[r.SkyAtmosphere.SampleCountMin:4.0]]
[2020.04.25-17.18.25:005][  0]LogConfig: Setting CVar [[r.SkyAtmosphere.SampleCountMax:32.0]]
[2020.04.25-17.18.25:005][  0]LogConfig: Setting CVar [[r.SkyAtmosphere.TransmittanceLUT.UseSmallFormat:0]]
[2020.04.25-17.18.25:005][  0]LogConfig: Setting CVar [[r.SkyAtmosphere.TransmittanceLUT.SampleCount:10.0]]
[2020.04.25-17.18.25:005][  0]LogConfig: Setting CVar [[r.SkyAtmosphere.MultiScatteringLUT.SampleCount:15.0]]
[2020.04.25-17.18.25:005][  0]LogConfig: Applying CVar settings from Section [FoliageQuality@3] File [C:/Users/jerem/Documents/GitHub/Game-Files/GangGame/GangGameUE4/GangGameGraybox/Saved/Config/Windows/Scalability.ini]
[2020.04.25-17.18.25:005][  0]LogConfig: Setting CVar [[foliage.DensityScale:1.0]]
[2020.04.25-17.18.25:005][  0]LogConfig: Setting CVar [[grass.DensityScale:1.0]]
[2020.04.25-17.18.25:005][  0]LogConfig: Applying CVar settings from Section [ShadingQuality@3] File [C:/Users/jerem/Documents/GitHub/Game-Files/GangGame/GangGameUE4/GangGameGraybox/Saved/Config/Windows/Scalability.ini]
[2020.04.25-17.18.25:005][  0]LogConfig: Setting CVar [[r.HairStrands.SkyLighting.SampleCount:16]]
[2020.04.25-17.18.25:005][  0]LogConfig: Setting CVar [[r.HairStrands.SkyLighting.JitterIntegration:0]]
[2020.04.25-17.18.25:005][  0]LogConfig: Setting CVar [[r.HairStrands.SkyAO.SampleCount:16]]
[2020.04.25-17.18.25:005][  0]LogInit: Selected Device Profile: [Windows]
[2020.04.25-17.18.25:005][  0]LogInit: Applying CVar settings loaded from the selected device profile: [Windows]
[2020.04.25-17.18.25:011][  0]LogHAL: Display: Platform has ~ 16 GB [17125924864 / 17179869184 / 16], which maps to Larger [LargestMinGB=32, LargerMinGB=12, DefaultMinGB=8, SmallerMinGB=6, SmallestMinGB=0)
[2020.04.25-17.18.25:011][  0]LogInit: Going up to parent DeviceProfile []
[2020.04.25-17.18.25:011][  0]LogConfig: Applying CVar settings from Section [ViewDistanceQuality@3] File [C:/Users/jerem/Documents/GitHub/Game-Files/GangGame/GangGameUE4/GangGameGraybox/Saved/Config/Windows/Scalability.ini]
[2020.04.25-17.18.25:011][  0]LogConfig: Setting CVar [[r.SkeletalMeshLODBias:0]]
[2020.04.25-17.18.25:011][  0]LogConfig: Setting CVar [[r.ViewDistanceScale:1.0]]
[2020.04.25-17.18.25:011][  0]LogConfig: Applying CVar settings from Section [AntiAliasingQuality@3] File [C:/Users/jerem/Documents/GitHub/Game-Files/GangGame/GangGameUE4/GangGameGraybox/Saved/Config/Windows/Scalability.ini]
[2020.04.25-17.18.25:011][  0]LogConfig: Setting CVar [[r.PostProcessAAQuality:4]]
[2020.04.25-17.18.25:011][  0]LogConfig: Applying CVar settings from Section [ShadowQuality@2] File [C:/Users/jerem/Documents/GitHub/Game-Files/GangGame/GangGameUE4/GangGameGraybox/Saved/Config/Windows/Scalability.ini]
[2020.04.25-17.18.25:011][  0]LogConfig: Setting CVar [[r.LightFunctionQuality:1]]
[2020.04.25-17.18.25:011][  0]LogConfig: Setting CVar [[r.ShadowQuality:5]]
[2020.04.25-17.18.25:011][  0]LogConfig: Setting CVar [[r.Shadow.CSM.MaxCascades:4]]
[2020.04.25-17.18.25:011][  0]LogConfig: Setting CVar [[r.Shadow.MaxResolution:1024]]
[2020.04.25-17.18.25:011][  0]LogConfig: Setting CVar [[r.Shadow.MaxCSMResolution:2048]]
[2020.04.25-17.18.25:011][  0]LogConfig: Setting CVar [[r.Shadow.RadiusThreshold:0.04]]
[2020.04.25-17.18.25:011][  0]LogConfig: Setting CVar [[r.Shadow.DistanceScale:0.85]]
[2020.04.25-17.18.25:011][  0]LogConfig: Setting CVar [[r.Shadow.CSM.TransitionScale:0.8]]
[2020.04.25-17.18.25:011][  0]LogConfig: Setting CVar [[r.Shadow.PreShadowResolutionFactor:0.5]]
[2020.04.25-17.18.25:011][  0]LogConfig: Setting CVar [[r.DistanceFieldShadowing:1]]
[2020.04.25-17.18.25:011][  0]LogConfig: Setting CVar [[r.DistanceFieldAO:1]]
[2020.04.25-17.18.25:011][  0]LogConfig: Setting CVar [[r.AOQuality:1]]
[2020.04.25-17.18.25:011][  0]LogConfig: Setting CVar [[r.VolumetricFog:1]]
[2020.04.25-17.18.25:011][  0]LogConfig: Setting CVar [[r.VolumetricFog.GridPixelSize:16]]
[2020.04.25-17.18.25:011][  0]LogConfig: Setting CVar [[r.VolumetricFog.GridSizeZ:64]]
[2020.04.25-17.18.25:011][  0]LogConfig: Setting CVar [[r.VolumetricFog.HistoryMissSupersampleCount:4]]
[2020.04.25-17.18.25:011][  0]LogConfig: Setting CVar [[r.LightMaxDrawDistanceScale:1]]
[2020.04.25-17.18.25:011][  0]LogConfig: Setting CVar [[r.CapsuleShadows:1]]
[2020.04.25-17.18.25:011][  0]LogConfig: Applying CVar settings from Section [PostProcessQuality@3] File [C:/Users/jerem/Documents/GitHub/Game-Files/GangGame/GangGameUE4/GangGameGraybox/Saved/Config/Windows/Scalability.ini]
[2020.04.25-17.18.25:011][  0]LogConfig: Setting CVar [[r.MotionBlurQuality:4]]
[2020.04.25-17.18.25:011][  0]LogConfig: Setting CVar [[r.AmbientOcclusionMipLevelFactor:0.4]]
[2020.04.25-17.18.25:011][  0]LogConfig: Setting CVar [[r.AmbientOcclusionMaxQuality:100]]
[2020.04.25-17.18.25:011][  0]LogConfig: Setting CVar [[r.AmbientOcclusionLevels:-1]]
[2020.04.25-17.18.25:011][  0]LogConfig: Setting CVar [[r.AmbientOcclusionRadiusScale:1.0]]
[2020.04.25-17.18.25:011][  0]LogConfig: Setting CVar [[r.DepthOfFieldQuality:2]]
[2020.04.25-17.18.25:011][  0]LogConfig: Setting CVar [[r.RenderTargetPoolMin:400]]
[2020.04.25-17.18.25:011][  0]LogConfig: Setting CVar [[r.LensFlareQuality:2]]
[2020.04.25-17.18.25:011][  0]LogConfig: Setting CVar [[r.SceneColorFringeQuality:1]]
[2020.04.25-17.18.25:011][  0]LogConfig: Setting CVar [[r.EyeAdaptationQuality:2]]
[2020.04.25-17.18.25:011][  0]LogConfig: Setting CVar [[r.BloomQuality:5]]
[2020.04.25-17.18.25:011][  0]LogConfig: Setting CVar [[r.FastBlurThreshold:100]]
[2020.04.25-17.18.25:011][  0]LogConfig: Setting CVar [[r.Upscale.Quality:3]]
[2020.04.25-17.18.25:011][  0]LogConfig: Setting CVar [[r.Tonemapper.GrainQuantization:1]]
[2020.04.25-17.18.25:011][  0]LogConfig: Setting CVar [[r.LightShaftQuality:1]]
[2020.04.25-17.18.25:011][  0]LogConfig: Setting CVar [[r.Filter.SizeScale:1]]
[2020.04.25-17.18.25:011][  0]LogConfig: Setting CVar [[r.Tonemapper.Quality:5]]
[2020.04.25-17.18.25:011][  0]LogConfig: Setting CVar [[r.DOF.Gather.AccumulatorQuality:1        ; higher gathering accumulator quality]]
[2020.04.25-17.18.25:011][  0]LogConfig: Setting CVar [[r.DOF.Gather.PostfilterMethod:1          ; Median3x3 postfilering method]]
[2020.04.25-17.18.25:011][  0]LogConfig: Setting CVar [[r.DOF.Gather.EnableBokehSettings:0       ; no bokeh simulation when gathering]]
[2020.04.25-17.18.25:011][  0]LogConfig: Setting CVar [[r.DOF.Gather.RingCount:4                 ; medium number of samples when gathering]]
[2020.04.25-17.18.25:011][  0]LogConfig: Setting CVar [[r.DOF.Scatter.ForegroundCompositing:1    ; additive foreground scattering]]
[2020.04.25-17.18.25:011][  0]LogConfig: Setting CVar [[r.DOF.Scatter.BackgroundCompositing:2    ; additive background scattering]]
[2020.04.25-17.18.25:011][  0]LogConfig: Setting CVar [[r.DOF.Scatter.EnableBokehSettings:1      ; bokeh simulation when scattering]]
[2020.04.25-17.18.25:011][  0]LogConfig: Setting CVar [[r.DOF.Scatter.MaxSpriteRatio:0.1         ; only a maximum of 10% of scattered bokeh]]
[2020.04.25-17.18.25:011][  0]LogConfig: Setting CVar [[r.DOF.Recombine.Quality:1                ; cheap slight out of focus]]
[2020.04.25-17.18.25:011][  0]LogConfig: Setting CVar [[r.DOF.Recombine.EnableBokehSettings:0    ; no bokeh simulation on slight out of focus]]
[2020.04.25-17.18.25:012][  0]LogConfig: Setting CVar [[r.DOF.TemporalAAQuality:1                ; more stable temporal accumulation]]
[2020.04.25-17.18.25:012][  0]LogConfig: Setting CVar [[r.DOF.Kernel.MaxForegroundRadius:0.025]]
[2020.04.25-17.18.25:012][  0]LogConfig: Setting CVar [[r.DOF.Kernel.MaxBackgroundRadius:0.025]]
[2020.04.25-17.18.25:012][  0]LogConfig: Applying CVar settings from Section [TextureQuality@3] File [C:/Users/jerem/Documents/GitHub/Game-Files/GangGame/GangGameUE4/GangGameGraybox/Saved/Config/Windows/Scalability.ini]
[2020.04.25-17.18.25:012][  0]LogConfig: Setting CVar [[r.Streaming.MipBias:0]]
[2020.04.25-17.18.25:012][  0]LogConfig: Setting CVar [[r.Streaming.AmortizeCPUToGPUCopy:0]]
[2020.04.25-17.18.25:012][  0]LogConfig: Setting CVar [[r.Streaming.MaxNumTexturesToStreamPerFrame:0]]
[2020.04.25-17.18.25:012][  0]LogConfig: Setting CVar [[r.Streaming.Boost:1]]
[2020.04.25-17.18.25:012][  0]LogConfig: Setting CVar [[r.MaxAnisotropy:8]]
[2020.04.25-17.18.25:012][  0]LogConfig: Setting CVar [[r.VT.MaxAnisotropy:8]]
[2020.04.25-17.18.25:012][  0]LogConfig: Setting CVar [[r.Streaming.LimitPoolSizeToVRAM:0]]
[2020.04.25-17.18.25:012][  0]LogConfig: Setting CVar [[r.Streaming.PoolSize:1000]]
[2020.04.25-17.18.25:012][  0]LogConfig: Setting CVar [[r.Streaming.MaxEffectiveScreenSize:0]]
[2020.04.25-17.18.25:012][  0]LogConfig: Applying CVar settings from Section [EffectsQuality@3] File [C:/Users/jerem/Documents/GitHub/Game-Files/GangGame/GangGameUE4/GangGameGraybox/Saved/Config/Windows/Scalability.ini]
[2020.04.25-17.18.25:012][  0]LogConfig: Setting CVar [[r.TranslucencyLightingVolumeDim:64]]
[2020.04.25-17.18.25:012][  0]LogConfig: Setting CVar [[r.RefractionQuality:2]]
[2020.04.25-17.18.25:012][  0]LogConfig: Setting CVar [[r.SSR.Quality:3]]
[2020.04.25-17.18.25:012][  0]LogConfig: Setting CVar [[r.SSR.HalfResSceneColor:0]]
[2020.04.25-17.18.25:012][  0]LogConfig: Setting CVar [[r.SceneColorFormat:4]]
[2020.04.25-17.18.25:012][  0]LogConfig: Setting CVar [[r.DetailMode:2]]
[2020.04.25-17.18.25:012][  0]LogConfig: Setting CVar [[r.TranslucencyVolumeBlur:1]]
[2020.04.25-17.18.25:012][  0]LogConfig: Setting CVar [[r.MaterialQualityLevel:1 ; High quality]]
[2020.04.25-17.18.25:012][  0]LogConfig: Setting CVar [[r.SSS.Scale:1]]
[2020.04.25-17.18.25:012][  0]LogConfig: Setting CVar [[r.SSS.SampleSet:2]]
[2020.04.25-17.18.25:012][  0]LogConfig: Setting CVar [[r.SSS.Quality:1]]
[2020.04.25-17.18.25:012][  0]LogConfig: Setting CVar [[r.SSS.HalfRes:1]]
[2020.04.25-17.18.25:012][  0]LogConfig: Setting CVar [[r.SSGI.Quality:3]]
[2020.04.25-17.18.25:012][  0]LogConfig: Setting CVar [[r.EmitterSpawnRateScale:1.0]]
[2020.04.25-17.18.25:012][  0]LogConfig: Setting CVar [[r.ParticleLightQuality:2]]
[2020.04.25-17.18.25:012][  0]LogConfig: Setting CVar [[r.SkyAtmosphere.AerialPerspectiveLUT.FastApplyOnOpaque:1 ; Always have FastSkyLUT 1 in this case to avoid wrong sky]]
[2020.04.25-17.18.25:012][  0]LogConfig: Setting CVar [[r.SkyAtmosphere.AerialPerspectiveLUT.SampleCountPerSlice:1]]
[2020.04.25-17.18.25:012][  0]LogConfig: Setting CVar [[r.SkyAtmosphere.AerialPerspectiveLUT.DepthResolution:16.0]]
[2020.04.25-17.18.25:012][  0]LogConfig: Setting CVar [[r.SkyAtmosphere.FastSkyLUT:1]]
[2020.04.25-17.18.25:012][  0]LogConfig: Setting CVar [[r.SkyAtmosphere.FastSkyLUT.SampleCountMin:4.0]]
[2020.04.25-17.18.25:012][  0]LogConfig: Setting CVar [[r.SkyAtmosphere.FastSkyLUT.SampleCountMax:32.0]]
[2020.04.25-17.18.25:012][  0]LogConfig: Setting CVar [[r.SkyAtmosphere.SampleCountMin:4.0]]
[2020.04.25-17.18.25:012][  0]LogConfig: Setting CVar [[r.SkyAtmosphere.SampleCountMax:32.0]]
[2020.04.25-17.18.25:012][  0]LogConfig: Setting CVar [[r.SkyAtmosphere.TransmittanceLUT.UseSmallFormat:0]]
[2020.04.25-17.18.25:012][  0]LogConfig: Setting CVar [[r.SkyAtmosphere.TransmittanceLUT.SampleCount:10.0]]
[2020.04.25-17.18.25:012][  0]LogConfig: Setting CVar [[r.SkyAtmosphere.MultiScatteringLUT.SampleCount:15.0]]
[2020.04.25-17.18.25:012][  0]LogConfig: Applying CVar settings from Section [FoliageQuality@3] File [C:/Users/jerem/Documents/GitHub/Game-Files/GangGame/GangGameUE4/GangGameGraybox/Saved/Config/Windows/Scalability.ini]
[2020.04.25-17.18.25:012][  0]LogConfig: Setting CVar [[foliage.DensityScale:1.0]]
[2020.04.25-17.18.25:012][  0]LogConfig: Setting CVar [[grass.DensityScale:1.0]]
[2020.04.25-17.18.25:012][  0]LogConfig: Applying CVar settings from Section [ShadingQuality@3] File [C:/Users/jerem/Documents/GitHub/Game-Files/GangGame/GangGameUE4/GangGameGraybox/Saved/Config/Windows/Scalability.ini]
[2020.04.25-17.18.25:012][  0]LogConfig: Setting CVar [[r.HairStrands.SkyLighting.SampleCount:16]]
[2020.04.25-17.18.25:012][  0]LogConfig: Setting CVar [[r.HairStrands.SkyLighting.JitterIntegration:0]]
[2020.04.25-17.18.25:012][  0]LogConfig: Setting CVar [[r.HairStrands.SkyAO.SampleCount:16]]
[2020.04.25-17.18.25:012][  0]LogConfig: Applying CVar settings from Section [Startup] File [../../../Engine/Config/ConsoleVariables.ini]
[2020.04.25-17.18.25:013][  0]LogConfig: Setting CVar [[net.UseAdaptiveNetUpdateFrequency:0]]
[2020.04.25-17.18.25:013][  0]LogConfig: Setting CVar [[p.chaos.AllowCreatePhysxBodies:1]]
[2020.04.25-17.18.25:013][  0]LogConfig: Applying CVar settings from Section [ConsoleVariables] File [C:/Users/jerem/Documents/GitHub/Game-Files/GangGame/GangGameUE4/GangGameGraybox/Saved/Config/Windows/Engine.ini]
[2020.04.25-17.18.25:013][  0]LogInit: Computer: DESKTOP-UQCUGJ7
[2020.04.25-17.18.25:013][  0]LogInit: User: jerem
[2020.04.25-17.18.25:013][  0]LogInit: CPU Page size=4096, Cores=4
[2020.04.25-17.18.25:013][  0]LogInit: High frequency timer resolution =10.000000 MHz
[2020.04.25-17.18.25:013][  0]LogMemory: Memory total: Physical=15.9GB (16GB approx)
[2020.04.25-17.18.25:013][  0]LogMemory: Platform Memory Stats for Windows
[2020.04.25-17.18.25:013][  0]LogMemory: Process Physical Memory: 107.16 MB used, 107.16 MB peak
[2020.04.25-17.18.25:013][  0]LogMemory: Process Virtual Memory: 104.39 MB used, 104.39 MB peak
[2020.04.25-17.18.25:013][  0]LogMemory: Physical Memory: 5388.64 MB used,  10943.91 MB free, 16332.55 MB total
[2020.04.25-17.18.25:013][  0]LogMemory: Virtual Memory: 5095.14 MB used,  134212632.00 MB free, 134217728.00 MB total
[2020.04.25-17.18.25:017][  0]LogWindows: WindowsPlatformFeatures enabled
[2020.04.25-17.18.25:042][  0]LogInit: Using OS detected language (fr-CA).
[2020.04.25-17.18.25:042][  0]LogInit: Using OS detected locale (fr-CA).
[2020.04.25-17.18.25:044][  0]LogTextLocalizationManager: No specific localization for 'fr-CA' exists, so the 'fr' localization will be used.
[2020.04.25-17.18.25:044][  0]LogTextLocalizationResource: LocRes '../../../Engine/Content/Localization/Editor/fr/Editor.locres' could not be opened for reading!
[2020.04.25-17.18.25:044][  0]LogTextLocalizationResource: LocRes '../../../Engine/Content/Localization/EditorTutorials/fr/EditorTutorials.locres' could not be opened for reading!
[2020.04.25-17.18.25:045][  0]LogTextLocalizationResource: LocRes '../../../Engine/Content/Localization/Keywords/fr/Keywords.locres' could not be opened for reading!
[2020.04.25-17.18.25:045][  0]LogTextLocalizationResource: LocRes '../../../Engine/Content/Localization/Category/fr/Category.locres' could not be opened for reading!
[2020.04.25-17.18.25:045][  0]LogTextLocalizationResource: LocRes '../../../Engine/Content/Localization/ToolTips/fr/ToolTips.locres' could not be opened for reading!
[2020.04.25-17.18.25:045][  0]LogTextLocalizationResource: LocRes '../../../Engine/Content/Localization/PropertyNames/fr/PropertyNames.locres' could not be opened for reading!
[2020.04.25-17.18.25:045][  0]LogTextLocalizationResource: LocRes '../../../Engine/Content/Localization/Engine/fr/Engine.locres' could not be opened for reading!
[2020.04.25-17.18.25:047][  0]LogInit: Setting process to per monitor DPI aware
[2020.04.25-17.18.25:089][  0]LogSlate: New Slate User Created.  User Index 0, Is Virtual User: 0
[2020.04.25-17.18.25:089][  0]LogSlate: Slate User Registered.  User Index 0, Is Virtual User: 0
[2020.04.25-17.18.25:360][  0]LogHMD: Failed to initialize OpenVR with code 110
[2020.04.25-17.18.25:360][  0]LogD3D11RHI: D3D11 min allowed feature level: 11_0
[2020.04.25-17.18.25:360][  0]LogD3D11RHI: D3D11 max allowed feature level: 11_0
[2020.04.25-17.18.25:360][  0]LogD3D11RHI: D3D11 adapters:
[2020.04.25-17.18.25:417][  0]LogD3D11RHI:    0. 'Radeon RX 570 Series' (Feature Level 11_0)
[2020.04.25-17.18.25:417][  0]LogD3D11RHI:       4075/0/8166 MB DedicatedVideo/DedicatedSystem/SharedSystem, Outputs:2, VendorId:0x1002
[2020.04.25-17.18.25:420][  0]LogD3D11RHI:    1. 'Microsoft Basic Render Driver' (Feature Level 11_0)
[2020.04.25-17.18.25:421][  0]LogD3D11RHI:       0/0/8166 MB DedicatedVideo/DedicatedSystem/SharedSystem, Outputs:0, VendorId:0x1414
[2020.04.25-17.18.25:421][  0]LogD3D11RHI: Chosen D3D11 Adapter: 0
[2020.04.25-17.18.25:441][  0]LogD3D11RHI: Creating new Direct3DDevice
[2020.04.25-17.18.25:441][  0]LogD3D11RHI:     GPU DeviceId: 0x67df (for the marketing name, search the web for "GPU Device Id")
[2020.04.25-17.18.25:441][  0]LogWindows: EnumDisplayDevices:
[2020.04.25-17.18.25:442][  0]LogWindows:    0. 'Radeon RX 570 Series' (P:1 D:1)
[2020.04.25-17.18.25:442][  0]LogWindows:    1. 'Radeon RX 570 Series' (P:0 D:1)
[2020.04.25-17.18.25:443][  0]LogWindows:    2. 'Radeon RX 570 Series' (P:0 D:0)
[2020.04.25-17.18.25:444][  0]LogWindows:    3. 'Radeon RX 570 Series' (P:0 D:0)
[2020.04.25-17.18.25:444][  0]LogWindows:    4. 'Radeon RX 570 Series' (P:0 D:0)
[2020.04.25-17.18.25:445][  0]LogWindows:    5. 'Radeon RX 570 Series' (P:0 D:0)
[2020.04.25-17.18.25:445][  0]LogWindows:    6. 'Radeon RX 570 Series' (P:0 D:0)
[2020.04.25-17.18.25:446][  0]LogWindows:    7. 'Radeon RX 570 Series' (P:0 D:0)
[2020.04.25-17.18.25:446][  0]LogWindows: DebugString: FoundDriverCount:8 
[2020.04.25-17.18.25:446][  0]LogD3D11RHI:     Adapter Name: Radeon RX 570 Series
[2020.04.25-17.18.25:446][  0]LogD3D11RHI:   Driver Version: Adrenalin 2020 20.4.1 (internal:26.20.15029.20013, unified:26.20.15029.20013)
[2020.04.25-17.18.25:446][  0]LogD3D11RHI:      Driver Date: 4-1-2020
[2020.04.25-17.18.25:446][  0]LogRHI: Texture pool is 2853 MB (70% of 4075 MB)
[2020.04.25-17.18.25:578][  0]LogD3D11RHI: RHI does not have support for 64 bit atomics
[2020.04.25-17.18.25:578][  0]LogD3D11RHI: Async texture creation enabled
[2020.04.25-17.18.25:591][  0]LogD3D11RHI: GPU Timing Frequency: 25.000000 (Debug: 2 1)
[2020.04.25-17.18.26:042][  0]LogTargetPlatformManager: Display: Loaded TargetPlatform 'AllDesktop'
[2020.04.25-17.18.26:087][  0]LogTargetPlatformManager: Display: Loaded TargetPlatform 'Android'
[2020.04.25-17.18.26:087][  0]LogTargetPlatformManager: Display: Loaded TargetPlatform 'Android_ASTC'
[2020.04.25-17.18.26:087][  0]LogTargetPlatformManager: Display: Loaded TargetPlatform 'Android_ATC'
[2020.04.25-17.18.26:087][  0]LogTargetPlatformManager: Display: Loaded TargetPlatform 'Android_DXT'
[2020.04.25-17.18.26:087][  0]LogTargetPlatformManager: Display: Loaded TargetPlatform 'Android_ETC1'
[2020.04.25-17.18.26:087][  0]LogTargetPlatformManager: Display: Loaded TargetPlatform 'Android_ETC1a'
[2020.04.25-17.18.26:087][  0]LogTargetPlatformManager: Display: Loaded TargetPlatform 'Android_ETC2'
[2020.04.25-17.18.26:087][  0]LogTargetPlatformManager: Display: Loaded TargetPlatform 'Android_PVRTC'
[2020.04.25-17.18.26:087][  0]LogTargetPlatformManager: Display: Loaded TargetPlatform 'AndroidClient'
[2020.04.25-17.18.26:087][  0]LogTargetPlatformManager: Display: Loaded TargetPlatform 'Android_ASTCClient'
[2020.04.25-17.18.26:087][  0]LogTargetPlatformManager: Display: Loaded TargetPlatform 'Android_ATCClient'
[2020.04.25-17.18.26:087][  0]LogTargetPlatformManager: Display: Loaded TargetPlatform 'Android_DXTClient'
[2020.04.25-17.18.26:087][  0]LogTargetPlatformManager: Display: Loaded TargetPlatform 'Android_ETC1Client'
[2020.04.25-17.18.26:087][  0]LogTargetPlatformManager: Display: Loaded TargetPlatform 'Android_ETC1aClient'
[2020.04.25-17.18.26:087][  0]LogTargetPlatformManager: Display: Loaded TargetPlatform 'Android_ETC2Client'
[2020.04.25-17.18.26:087][  0]LogTargetPlatformManager: Display: Loaded TargetPlatform 'Android_PVRTCClient'
[2020.04.25-17.18.26:087][  0]LogTargetPlatformManager: Display: Loaded TargetPlatform 'Android_Multi'
[2020.04.25-17.18.26:087][  0]LogTargetPlatformManager: Display: Loaded TargetPlatform 'Android_MultiClient'
[2020.04.25-17.18.26:115][  0]LogTargetPlatformManager: Display: Loaded TargetPlatform 'IOSClient'
[2020.04.25-17.18.26:115][  0]LogTargetPlatformManager: Display: Loaded TargetPlatform 'IOS'
[2020.04.25-17.18.26:125][  0]LogTargetPlatformManager: Display: Loaded TargetPlatform 'LinuxNoEditor'
[2020.04.25-17.18.26:136][  0]LogTargetPlatformManager: Display: Loaded TargetPlatform 'LinuxClient'
[2020.04.25-17.18.26:146][  0]LogTargetPlatformManager: Display: Loaded TargetPlatform 'LinuxServer'
[2020.04.25-17.18.26:155][  0]LogTargetPlatformManager: Display: Loaded TargetPlatform 'LinuxAArch64NoEditor'
[2020.04.25-17.18.26:166][  0]LogTargetPlatformManager: Display: Loaded TargetPlatform 'LinuxAArch64Client'
[2020.04.25-17.18.26:177][  0]LogTargetPlatformManager: Display: Loaded TargetPlatform 'LinuxAArch64Server'
[2020.04.25-17.18.26:214][  0]LogTargetPlatformManager: Display: Loaded TargetPlatform 'Lumin'
[2020.04.25-17.18.26:214][  0]LogTargetPlatformManager: Display: Loaded TargetPlatform 'LuminClient'
[2020.04.25-17.18.26:235][  0]LogTargetPlatformManager: Display: Loaded TargetPlatform 'TVOSClient'
[2020.04.25-17.18.26:235][  0]LogTargetPlatformManager: Display: Loaded TargetPlatform 'TVOS'
[2020.04.25-17.18.26:247][  0]LogTargetPlatformManager: Display: Loaded TargetPlatform 'WindowsNoEditor'
[2020.04.25-17.18.26:258][  0]LogTargetPlatformManager: Display: Loaded TargetPlatform 'Windows'
[2020.04.25-17.18.26:269][  0]LogTargetPlatformManager: Display: Loaded TargetPlatform 'WindowsClient'
[2020.04.25-17.18.26:279][  0]LogTargetPlatformManager: Display: Loaded TargetPlatform 'WindowsServer'
[2020.04.25-17.18.26:279][  0]LogTargetPlatformManager: Display: Building Assets For Windows
[2020.04.25-17.18.26:283][  0]LogAudioDebug: Display: Lib vorbis DLL was dynamically loaded.
[2020.04.25-17.18.26:323][  0]LogShaderCompilers: Guid format shader working directory is -48 characters bigger than the processId version (../../../../../../Users/jerem/Documents/GitHub/Game-Files/GangGame/GangGameUE4/GangGameGraybox/Intermediate/Shaders/WorkingDirectory/9148/).
[2020.04.25-17.18.26:323][  0]LogShaderCompilers: Cleaned the shader compiler working directory 'C:/Users/jerem/AppData/Local/Temp/UnrealShaderWorkingDir/B85042494CA095FC08221997BCB73C91/'.
[2020.04.25-17.18.26:325][  0]LogXGEController: Cannot use XGE Controller as Incredibuild is not installed on this machine.
[2020.04.25-17.18.26:325][  0]LogShaderCompilers: Cannot use XGE Shader Compiler as Incredibuild is not installed on this machine.
[2020.04.25-17.18.26:325][  0]LogShaderCompilers: Display: Using Local Shader Compiler.
[2020.04.25-17.18.27:343][  0]LogDerivedDataCache: Display: Max Cache Size: 512 MB
[2020.04.25-17.18.27:419][  0]LogDerivedDataCache: Loaded boot cache 0.08s 79MB C:/Users/jerem/AppData/Local/UnrealEngine/4.24/DerivedDataCache/Boot.ddc.
[2020.04.25-17.18.27:419][  0]LogDerivedDataCache: Display: Loaded Boot cache: C:/Users/jerem/AppData/Local/UnrealEngine/4.24/DerivedDataCache/Boot.ddc
[2020.04.25-17.18.27:420][  0]LogDerivedDataCache: FDerivedDataBackendGraph:  Pak pak cache file ../../../../../../Users/jerem/Documents/GitHub/Game-Files/GangGame/GangGameUE4/GangGameGraybox/DerivedDataCache/DDC.ddp not found, will not use a pak cache.
[2020.04.25-17.18.27:420][  0]LogDerivedDataCache: Unable to find inner node Pak for hierarchical cache Hierarchy.
[2020.04.25-17.18.27:420][  0]LogDerivedDataCache: FDerivedDataBackendGraph:  CompressedPak pak cache file ../../../../../../Users/jerem/Documents/GitHub/Game-Files/GangGame/GangGameUE4/GangGameGraybox/DerivedDataCache/Compressed.ddp not found, will not use a pak cache.
[2020.04.25-17.18.27:420][  0]LogDerivedDataCache: Unable to find inner node CompressedPak for hierarchical cache Hierarchy.
[2020.04.25-17.18.27:433][  0]LogDerivedDataCache: Display: Pak cache opened for reading ../../../Engine/DerivedDataCache/Compressed.ddp.
[2020.04.25-17.18.27:433][  0]LogDerivedDataCache: FDerivedDataBackendGraph:  EnterprisePak pak cache file ../../../Enterprise/DerivedDataCache/Compressed.ddp not found, will not use a pak cache.
[2020.04.25-17.18.27:433][  0]LogDerivedDataCache: Unable to find inner node EnterprisePak for hierarchical cache Hierarchy.
[2020.04.25-17.18.27:436][  0]LogDerivedDataCache: Using Local data cache path C:/Users/jerem/AppData/Local/UnrealEngine/Common/DerivedDataCache: Writable
[2020.04.25-17.18.27:436][  0]LogDerivedDataCache: Shared data cache path not found in *engine.ini, will not use an Shared cache.
[2020.04.25-17.18.27:436][  0]LogDerivedDataCache: Unable to find inner node Shared for hierarchical cache Hierarchy.
[2020.04.25-17.18.27:469][  0]LogMaterial: Verifying Global Shaders for PCD3D_SM5
[2020.04.25-17.18.27:472][  0]LogSlate: Using FreeType 2.10.0
[2020.04.25-17.18.27:473][  0]LogSlate: SlateFontServices - WITH_FREETYPE: 1, WITH_HARFBUZZ: 1
[2020.04.25-17.18.27:550][  0]LogAssetRegistry: FAssetRegistry took 0.0034 seconds to start up
[2020.04.25-17.18.28:017][  0]LogInit: Selected Device Profile: [Windows]
[2020.04.25-17.18.28:260][  0]LogMeshReduction: Using QuadricMeshReduction for automatic static mesh reduction
[2020.04.25-17.18.28:260][  0]LogMeshReduction: Using SimplygonMeshReduction for automatic skeletal mesh reduction
[2020.04.25-17.18.28:260][  0]LogMeshReduction: Using ProxyLODMeshReduction for automatic mesh merging
[2020.04.25-17.18.28:260][  0]LogMeshReduction: No distributed automatic mesh merging module available
[2020.04.25-17.18.28:260][  0]LogMeshMerging: No distributed automatic mesh merging module available
[2020.04.25-17.18.28:285][  0]LogNetVersion: GangGameGraybox 1.0.0, NetCL: 10570792, EngineNetVer: 13, GameNetVer: 0 (Checksum: 3586570893)
[2020.04.25-17.18.30:436][  0]LogPackageLocalizationCache: Processed 15 localized package path(s) for 1 prioritized culture(s) in 0.144762 seconds
[2020.04.25-17.18.30:456][  0]LogUObjectArray: 46750 objects as part of root set at end of initial load.
[2020.04.25-17.18.30:456][  0]LogUObjectAllocator: 8137160 out of 0 bytes used by permanent object pool.
[2020.04.25-17.18.30:456][  0]LogUObjectArray: CloseDisregardForGC: 0/0 objects in disregard for GC pool
[2020.04.25-17.18.31:238][  0]LogPython: Using Python 2.7.14
[2020.04.25-17.18.32:758][  0]LogLinker: Warning: Asset '../../Plugins/Marketplace/Linter/Content/MarketplaceLinter/MarketplaceLintRuleSet.uasset' has been saved with empty engine version. The asset will be loaded but may be incompatible.
[2020.04.25-17.18.32:860][  0]LogTcpMessaging: Initializing TcpMessaging bridge
[2020.04.25-17.18.32:865][  0]LogUdpMessaging: Initializing bridge on interface 25.12.122.167:6666 to multicast group 25.12.176.148:6666.
[2020.04.25-17.18.32:865][  0]FUdpSocketBuilder: Failed to bind UdpMessageUnicastSocket to 25.12.122.167:6666
[2020.04.25-17.18.32:865][  0]FUdpSocketBuilder: Failed to configure multicast for UdpMessageUnicastSocket (loopback: 1, ttl: 1)
[2020.04.25-17.18.32:865][  0]FUdpSocketBuilder: Failed to create and initialize socket UdpMessageUnicastSocket (last error: 0)
[2020.04.25-17.18.32:865][  0]LogUdpMessaging: Error: StartTransport failed to create unicast socket on 25.12.122.167:6666
[2020.04.25-17.18.33:073][  0]SourceControl: Source control is disabled
[2020.04.25-17.18.33:073][  0]SourceControl: Source control is disabled
[2020.04.25-17.18.33:074][  0]SourceControl: Source control is disabled
[2020.04.25-17.18.33:076][  0]SourceControl: Source control is disabled
[2020.04.25-17.18.33:077][  0]SourceControl: Source control is disabled
[2020.04.25-17.18.33:340][  0]LogAndroidPermission: UAndroidPermissionCallbackProxy::GetInstance
[2020.04.25-17.18.33:417][  0]LogAudioCaptureCore: Display: No Audio Capture implementations found. Audio input will be silent.
[2020.04.25-17.18.33:417][  0]LogAudioCaptureCore: Display: No Audio Capture implementations found. Audio input will be silent.
[2020.04.25-17.18.33:770][  0]LogOcInput: OculusInput pre-init called
[2020.04.25-17.18.33:786][  0]LogWindows: Failed to load 'OVRPlugin.dll' (GetLastError=126)
[2020.04.25-17.18.33:787][  0]LogWindows: File 'OVRPlugin.dll' does not exist
[2020.04.25-17.18.36:333][  0]LogEngine: Initializing Engine...
[2020.04.25-17.18.36:337][  0]LogHMD: Failed to initialize OpenVR with code 110
[2020.04.25-17.18.36:338][  0]LogStats: UGameplayTagsManager::InitializeManager -  0.000 s
[2020.04.25-17.18.37:075][  0]LogInit: Initializing FReadOnlyCVARCache
[2020.04.25-17.18.37:094][  0]LogAIModule: Creating AISystem for world Untitled
[2020.04.25-17.18.37:122][  0]LogAudioMixer: Display: Audio Mixer Platform Settings:
[2020.04.25-17.18.37:122][  0]LogAudioMixer: Display: 	Sample Rate:						  48000
[2020.04.25-17.18.37:122][  0]LogAudioMixer: Display: 	Callback Buffer Frame Size Requested: 1024
[2020.04.25-17.18.37:122][  0]LogAudioMixer: Display: 	Callback Buffer Frame Size To Use:	  1024
[2020.04.25-17.18.37:122][  0]LogAudioMixer: Display: 	Number of buffers to queue:			  2
[2020.04.25-17.18.37:122][  0]LogAudioMixer: Display: 	Max Channels (voices):				  32
[2020.04.25-17.18.37:122][  0]LogAudioMixer: Display: 	Number of Async Source Workers:		  0
[2020.04.25-17.18.37:122][  0]LogAudio: Display: AudioDevice MaxSources: 32
[2020.04.25-17.18.37:123][  0]LogAudio: Display: Using built-in audio occlusion.
[2020.04.25-17.18.37:123][  0]LogAudioMixer: Display: Initializing audio mixer.
[2020.04.25-17.18.37:184][  0]LogAudioMixer: Display: Audio Device Output Speaker Info:
[2020.04.25-17.18.37:184][  0]LogAudioMixer: Display: Name: Casque (CORSAIR HS60 PRO SURROUND)
[2020.04.25-17.18.37:184][  0]LogAudioMixer: Display: Is Default: Yes
[2020.04.25-17.18.37:185][  0]LogAudioMixer: Display: Sample Rate: 48000
[2020.04.25-17.18.37:185][  0]LogAudioMixer: Display: Channel Count Used: 2
[2020.04.25-17.18.37:185][  0]LogAudioMixer: Display: Device Channel Count: 2
[2020.04.25-17.18.37:185][  0]LogAudioMixer: Display: Channel Order:
[2020.04.25-17.18.37:185][  0]LogAudioMixer: Display: 0: FrontLeft
[2020.04.25-17.18.37:185][  0]LogAudioMixer: Display: 1: FrontRight
[2020.04.25-17.18.37:658][  0]LogAudioMixer: Display: Using Audio Device Casque (CORSAIR HS60 PRO SURROUND)
[2020.04.25-17.18.37:676][  0]LogInit: FAudioDevice initialized.
[2020.04.25-17.18.37:676][  0]LogNetVersion: Set ProjectVersion to 1.0.0.0. Version Checksum will be recalculated on next use.
[2020.04.25-17.18.37:799][  0]LogDerivedDataCache: Saved boot cache 0.12s 79MB C:/Users/jerem/AppData/Local/UnrealEngine/4.24/DerivedDataCache/Boot.ddc.
[2020.04.25-17.18.37:807][  0]LogInit: Texture streaming: Enabled
[2020.04.25-17.18.37:837][  0]LogEngineSessionManager: EngineSessionManager initialized
[2020.04.25-17.18.37:837][  0]LogEditorSessionSummary: Verbose: Initializing EditorSessionSummaryWriter for editor session tracking
[2020.04.25-17.18.37:843][  0]LogEditorSessionSummary: EditorSessionSummaryWriter initialized
[2020.04.25-17.18.37:939][  0]LogInit: Transaction tracking system initialized
[2020.04.25-17.18.37:957][  0]BlueprintLog: New page: Editor Load
[2020.04.25-17.18.38:014][  0]LocalizationService: Localization service is disabled
[2020.04.25-17.18.38:816][  0]LogCook: Display: Max memory allowance for cook 16384mb min free memory 0mb
[2020.04.25-17.18.38:817][  0]LogCook: Display: Mobile HDR setting 1
[2020.04.25-17.18.39:070][  0]LogFileCache: Scanning file cache for directory 'C:/Users/jerem/Documents/GitHub/Game-Files/GangGame/GangGameUE4/GangGameGraybox/Content/' took 0.14s
[2020.04.25-17.18.39:070][  0]LogUObjectGlobals: Warning: Failed to find object 'StaticMesh /Engine/BasicShapes/Cylinder.Cylinder'
[2020.04.25-17.18.40:666][  0]SourceControl: Source control is disabled
[2020.04.25-17.18.40:666][  0]Cmd: MAP LOAD FILE="../../../../../../Users/jerem/Documents/GitHub/Game-Files/GangGame/GangGameUE4/GangGameGraybox/Content/Game/Maps/GrayBox.umap" TEMPLATE=0 SHOWPROGRESS=1 FEATURELEVEL=3
[2020.04.25-17.18.40:667][  0]LightingResults: New page: Lighting Build
[2020.04.25-17.18.40:668][  0]LogWorld: UWorld::CleanupWorld for Untitled, bSessionEnded=true, bCleanupResources=true
[2020.04.25-17.18.40:668][  0]LogSlate: InvalidateAllWidgets triggered.  All widgets were invalidated
[2020.04.25-17.18.40:668][  0]MapCheck: New page: Map Check
[2020.04.25-17.18.40:668][  0]LightingResults: New page: Lighting Build
[2020.04.25-17.18.40:701][  0]LogUObjectHash: Compacting FUObjectHashTables data took   3.96ms
[2020.04.25-17.18.43:874][  0]LogStaticMesh: Building static mesh SM_Item_Can_01...
[2020.04.25-17.18.43:890][  0]LogStaticMesh: Built static mesh [0.02s] /Game/Synty/PolygonTown/Meshes/Items/SM_Item_Can_01.SM_Item_Can_01
[2020.04.25-17.18.43:901][  0]LogStaticMesh: Building static mesh SM_Item_Ball_Soccer_01...
[2020.04.25-17.18.43:902][  0]LogStaticMesh: Built static mesh [0.00s] /Game/Synty/PolygonTown/Meshes/Items/SM_Item_Ball_Soccer_01.SM_Item_Ball_Soccer_01
[2020.04.25-17.18.46:400][  0]LogMeshUtilities: Finished distance field build in 0.1s - 8x8x8 distance field, 212 triangles, Range [-0.3, 0.4], SM_Item_Can_01
[2020.04.25-17.18.46:400][  0]LogMeshUtilities: Finished distance field build in 0.0s - 8x8x8 distance field, 116 triangles, Range [-0.4, 0.8], SM_Item_Ball_Soccer_01
[2020.04.25-17.18.46:401][  0]LogAIModule: Creating AISystem for world GrayBox
[2020.04.25-17.18.46:417][  0]LogSkeletalMesh: USkeletalMeshComponent::InitArticulated : Could not find root physics body: '/Game/Game/Maps/GrayBox.GrayBox:PersistentLevel.SM_Bld_Floor_01_66.SkeletalMeshComponent0'
[2020.04.25-17.18.46:417][  0]LogSkeletalMesh: USkeletalMeshComponent::InitArticulated : Could not find root physics body: '/Game/Game/Maps/GrayBox.GrayBox:PersistentLevel.SM_Bld_Floor_2.SkeletalMeshComponent0'
[2020.04.25-17.18.46:417][  0]LogSkeletalMesh: USkeletalMeshComponent::InitArticulated : Could not find root physics body: '/Game/Game/Maps/GrayBox.GrayBox:PersistentLevel.SM_Bld_Floor_4.SkeletalMeshComponent0'
[2020.04.25-17.18.46:417][  0]LogSkeletalMesh: USkeletalMeshComponent::InitArticulated : Could not find root physics body: '/Game/Game/Maps/GrayBox.GrayBox:PersistentLevel.SM_Bld_Floor_5.SkeletalMeshComponent0'
[2020.04.25-17.18.46:417][  0]LogSkeletalMesh: USkeletalMeshComponent::InitArticulated : Could not find root physics body: '/Game/Game/Maps/GrayBox.GrayBox:PersistentLevel.SM_Bld_Floor_6.SkeletalMeshComponent0'
[2020.04.25-17.18.46:417][  0]LogSkeletalMesh: USkeletalMeshComponent::InitArticulated : Could not find root physics body: '/Game/Game/Maps/GrayBox.GrayBox:PersistentLevel.SM_Bld_Floor_7.SkeletalMeshComponent0'
[2020.04.25-17.18.46:417][  0]LogSkeletalMesh: USkeletalMeshComponent::InitArticulated : Could not find root physics body: '/Game/Game/Maps/GrayBox.GrayBox:PersistentLevel.SM_Bld_Floor_8.SkeletalMeshComponent0'
[2020.04.25-17.18.46:417][  0]LogSkeletalMesh: USkeletalMeshComponent::InitArticulated : Could not find root physics body: '/Game/Game/Maps/GrayBox.GrayBox:PersistentLevel.SM_Bld_Floor_9.SkeletalMeshComponent0'
[2020.04.25-17.18.46:417][  0]LogSkeletalMesh: USkeletalMeshComponent::InitArticulated : Could not find root physics body: '/Game/Game/Maps/GrayBox.GrayBox:PersistentLevel.SM_Bld_Floor_10.SkeletalMeshComponent0'
[2020.04.25-17.18.46:417][  0]LogSkeletalMesh: USkeletalMeshComponent::InitArticulated : Could not find root physics body: '/Game/Game/Maps/GrayBox.GrayBox:PersistentLevel.SM_Bld_Floor_11.SkeletalMeshComponent0'
[2020.04.25-17.18.46:418][  0]LogSkeletalMesh: USkeletalMeshComponent::InitArticulated : Could not find root physics body: '/Game/Game/Maps/GrayBox.GrayBox:PersistentLevel.SM_Bld_Floor_12.SkeletalMeshComponent0'
[2020.04.25-17.18.46:418][  0]LogSkeletalMesh: USkeletalMeshComponent::InitArticulated : Could not find root physics body: '/Game/Game/Maps/GrayBox.GrayBox:PersistentLevel.SM_Bld_Floor_13.SkeletalMeshComponent0'
[2020.04.25-17.18.46:418][  0]LogSkeletalMesh: USkeletalMeshComponent::InitArticulated : Could not find root physics body: '/Game/Game/Maps/GrayBox.GrayBox:PersistentLevel.SM_Bld_Floor_14.SkeletalMeshComponent0'
[2020.04.25-17.18.46:418][  0]LogSkeletalMesh: USkeletalMeshComponent::InitArticulated : Could not find root physics body: '/Game/Game/Maps/GrayBox.GrayBox:PersistentLevel.SM_Bld_Floor_15.SkeletalMeshComponent0'
[2020.04.25-17.18.46:418][  0]LogSkeletalMesh: USkeletalMeshComponent::InitArticulated : Could not find root physics body: '/Game/Game/Maps/GrayBox.GrayBox:PersistentLevel.SM_Bld_Floor_16.SkeletalMeshComponent0'
[2020.04.25-17.18.46:418][  0]LogSkeletalMesh: USkeletalMeshComponent::InitArticulated : Could not find root physics body: '/Game/Game/Maps/GrayBox.GrayBox:PersistentLevel.SM_Bld_Floor_17.SkeletalMeshComponent0'
[2020.04.25-17.18.46:418][  0]LogSkeletalMesh: USkeletalMeshComponent::InitArticulated : Could not find root physics body: '/Game/Game/Maps/GrayBox.GrayBox:PersistentLevel.SM_Bld_Floor_18.SkeletalMeshComponent0'
[2020.04.25-17.18.46:465][  0]LogSkeletalMesh: USkeletalMeshComponent::InitArticulated : Could not find root physics body: '/Game/Game/Maps/GrayBox.GrayBox:PersistentLevel.SM_Bld_Floor_3.SkeletalMeshComponent0'
[2020.04.25-17.18.46:581][  0]LogEditorServer: Finished looking for orphan Actors (0.000 secs)
[2020.04.25-17.18.46:582][  0]LogNavigation: Warning: Recreating dtNavMesh instance due to saved navmesh origin (X=0.000 Y=-881.000 Z=0.000, usually the RecastNavMesh location) not being aligned with tile size (988 uu) 
[2020.04.25-17.18.46:741][  0]LogUObjectHash: Compacting FUObjectHashTables data took   4.06ms
[2020.04.25-17.18.46:743][  0]Cmd: MAP CHECKDEP NOCLEARLOG
[2020.04.25-17.18.46:744][  0]MapCheck: Map check complete: 0 Error(s), 0 Warning(s), took 0,51ms to complete.
[2020.04.25-17.18.46:744][  0]LogFileHelpers: Loading map 'GrayBox' took 6.077
[2020.04.25-17.18.46:938][  0]LogSlate: Updating window title bar state: overlay mode, drag disabled, window buttons hidden, title bar hidden
[2020.04.25-17.18.46:947][  0]LogSlate: Updating window title bar state: overlay mode, drag disabled, window buttons hidden, title bar hidden
[2020.04.25-17.18.46:956][  0]LogSlate: Updating window title bar state: overlay mode, drag disabled, window buttons hidden, title bar hidden
[2020.04.25-17.18.46:967][  0]LogSlate: Updating window title bar state: overlay mode, drag disabled, window buttons hidden, title bar hidden
[2020.04.25-17.18.46:983][  0]LogCollectionManager: Loaded 0 collections in 0.004610 seconds
[2020.04.25-17.18.47:017][  0]LogFileCache: Scanning file cache for directory 'C:/Users/jerem/Documents/GitHub/Game-Files/GangGame/GangGameUE4/GangGameGraybox/Saved/Collections/' took 0.00s
[2020.04.25-17.18.47:017][  0]LogFileCache: Scanning file cache for directory 'C:/Users/jerem/Documents/GitHub/Game-Files/GangGame/GangGameUE4/GangGameGraybox/Content/Developers/jerem/Collections/' took 0.00s
[2020.04.25-17.18.47:017][  0]LogFileCache: Scanning file cache for directory 'C:/Users/jerem/Documents/GitHub/Game-Files/GangGame/GangGameUE4/GangGameGraybox/Content/Collections/' took 0.00s
[2020.04.25-17.18.47:017][  0]LogContentBrowser: Native class hierarchy populated in 0.0118 seconds. Added 3086 classes and 758 folders.
[2020.04.25-17.18.47:024][  0]LogContentBrowser: Native class hierarchy updated for 'WidgetCarousel' in 0.0004 seconds. Added 0 classes and 0 folders.
[2020.04.25-17.18.47:260][  0]LogContentBrowser: Native class hierarchy updated for 'AddContentDialog' in 0.0006 seconds. Added 0 classes and 0 folders.
[2020.04.25-17.18.47:282][  0]LogContentBrowser: Native class hierarchy updated for 'SceneOutliner' in 0.0006 seconds. Added 2 classes and 3 folders.
[2020.04.25-17.18.47:362][  0]LogSlate: Took 0.000588 seconds to synchronously load lazily loaded font '../../../Engine/Content/Slate/Fonts/Roboto-Regular.ttf' (155K)
[2020.04.25-17.18.47:365][  0]LogSlate: Took 0.000318 seconds to synchronously load lazily loaded font '../../../Engine/Content/Slate/Fonts/Roboto-Bold.ttf' (160K)
[2020.04.25-17.18.47:379][  0]LogSlate: Took 0.001970 seconds to synchronously load lazily loaded font '../../../Engine/Content/Editor/Slate/Fonts/FontAwesome.ttf' (139K)
[2020.04.25-17.18.47:617][  0]LogRenderer: Reallocating scene render targets to support 256x256 Format 10 NumSamples 1 (Frame:1).
[2020.04.25-17.18.47:732][  0]LogRenderer: Reallocating scene render targets to support 1208x572 Format 10 NumSamples 1 (Frame:1).
[2020.04.25-17.18.47:921][  0]LogContentBrowser: Native class hierarchy updated for 'HierarchicalLODOutliner' in 0.0004 seconds. Added 0 classes and 0 folders.
[2020.04.25-17.18.47:922][  0]LogLoad: (Engine Initialization) Total time: 26.98 seconds
[2020.04.25-17.18.47:922][  0]LogLoad: (Engine Initialization) Total Blueprint compile time: 0.00 seconds
[2020.04.25-17.18.47:990][  0]LogContentStreaming: Texture pool size now 1000 MB
[2020.04.25-17.18.48:068][  0]LogSlate: Took 0.001569 seconds to synchronously load lazily loaded font '../../../Engine/Content/Slate/Fonts/Roboto-Light.ttf' (167K)
[2020.04.25-17.18.48:274][  2]LogStaticMesh: Allocated 512x368x64 distance field atlas = 23.0Mb, with 212 objects containing 15.5Mb backing data
[2020.04.25-17.18.48:511][  4]LogAssetRegistry: Asset discovery search completed in 20.9624 seconds
[2020.04.25-17.18.48:566][  4]LogCollectionManager: Fixed up redirectors for 0 collections in 0.000009 seconds (updated 0 objects)
[2020.04.25-17.18.56:227][ 28]LogAudioMixer: Display: Audio Buffer Underrun detected.
[2020.04.25-17.19.01:288][ 43]LogAudioMixer: Display: Audio Buffer Underrun detected.
[2020.04.25-17.19.24:520][428]LogSlate: Took 0.000273 seconds to synchronously load lazily loaded font '../../../Engine/Content/Slate/Fonts/Roboto-Light.ttf' (167K)
[2020.04.25-17.19.24:543][428]LogAssetEditorSubsystem: Opening Asset editor for Blueprint /Game/Game/BluePrints/Inventory/Inventory/Items_BP/BP_Gun.BP_Gun
[2020.04.25-17.19.24:769][428]LogContentBrowser: Native class hierarchy updated for 'BlueprintGraph' in 0.0007 seconds. Added 121 classes and 0 folders.
[2020.04.25-17.19.26:221][428]LogSlate: Took 0.000310 seconds to synchronously load lazily loaded font '../../../Engine/Content/Slate/Fonts/Roboto-BoldCondensed.ttf' (158K)
[2020.04.25-17.19.28:641][619]LogRenderer: Reallocating scene render targets to support 1208x708 Format 10 NumSamples 1 (Frame:1).
[2020.04.25-17.19.29:296][664]LogWorld: UWorld::CleanupWorld for World_4, bSessionEnded=true, bCleanupResources=true
[2020.04.25-17.19.29:296][664]LogSlate: InvalidateAllWidgets triggered.  All widgets were invalidated
[2020.04.25-17.19.31:403][724]LogAssetEditorSubsystem: Opening Asset editor for Blueprint /Game/Game/BluePrints/Inventory/Inventory/Items_BP/BP_Cash.BP_Cash
[2020.04.25-17.19.32:060][725]LogSlate: Took 0.001182 seconds to synchronously load lazily loaded font '../../../Engine/Content/Slate/Fonts/Roboto-Italic.ttf' (157K)
[2020.04.25-17.19.37:534][881]LogAssetEditorSubsystem: Opening Asset editor for Blueprint /Game/Game/BluePrints/Inventory/Inventory/Items_BP/BP_OldMainItem.BP_OldMainItem
[2020.04.25-17.19.42:702][ 42]LogWorld: UWorld::CleanupWorld for World_6, bSessionEnded=true, bCleanupResources=true
[2020.04.25-17.19.42:703][ 42]LogSlate: InvalidateAllWidgets triggered.  All widgets were invalidated
[2020.04.25-17.19.43:430][ 62]LogSlate: Window 'BP_Cash' being destroyed
[2020.04.25-17.19.43:444][ 62]LogActorComponent: UnregisterComponent: (/Engine/Transient.EditorFloorComp) Not registered. Aborting.
[2020.04.25-17.19.43:444][ 62]LogWorld: UWorld::CleanupWorld for World_5, bSessionEnded=true, bCleanupResources=true
[2020.04.25-17.19.43:444][ 62]LogSlate: InvalidateAllWidgets triggered.  All widgets were invalidated
[2020.04.25-17.19.52:586][359]LogEditorViewport: Clicking on Actor (LMB): BP_Gun_C (BP_Gun2)
[2020.04.25-17.19.53:307][384]Cmd: DELETE
[2020.04.25-17.19.53:307][384]Cmd: ACTOR DELETE
[2020.04.25-17.19.53:341][384]LogEditorActor: Deleted Actor: BP_Gun_C
[2020.04.25-17.19.53:392][384]LogUObjectHash: Compacting FUObjectHashTables data took   4.65ms
[2020.04.25-17.19.53:396][384]LogEditorActor: Deleted 1 Actors (0.088 secs)
[2020.04.25-17.20.29:144][549]LogUObjectHash: Compacting FUObjectHashTables data took   4.13ms
[2020.04.25-17.21.01:511][279]LogSlate: Window 'Color Picker' being destroyed
[2020.04.25-17.21.14:140][385]LogSlate: Window 'Color Picker' being destroyed
[2020.04.25-17.21.23:946][104]LogSlate: Window 'Color Picker' being destroyed
[2020.04.25-17.21.45:815][594]LogSlate: Window 'Color Picker' being destroyed
[2020.04.25-17.22.44:535][943]LogLinker: Warning: While loading '../../../../../../Users/jerem/Documents/GitHub/Game-Files/GangGame/GangGameUE4/GangGameGraybox/Content/Game/BluePrints/Inventory/Assets/Items/BP_Livre.uasset' failed to load '/Game/Assets/Items/ItemsBP/BP_Livre': Can't find file.
[2020.04.25-17.22.44:535][943]LogLinker: Warning: While loading '../../../../../../Users/jerem/Documents/GitHub/Game-Files/GangGame/GangGameUE4/GangGameGraybox/Content/Game/BluePrints/Inventory/Assets/Items/BP_Livre.uasset' failed to load '/Game/Assets/Items/ItemsBP/BP_Livre': Can't find file.
[2020.04.25-17.22.44:536][943]LogLinker: Warning: While loading '../../../../../../Users/jerem/Documents/GitHub/Game-Files/GangGame/GangGameUE4/GangGameGraybox/Content/Game/BluePrints/Inventory/Assets/Items/BP_Livre.uasset' failed to load '/Game/Assets/Items/ItemsBP/BP_Livre': Can't find file.
[2020.04.25-17.22.44:536][943]LogLinker: Warning: While loading '../../../../../../Users/jerem/Documents/GitHub/Game-Files/GangGame/GangGameUE4/GangGameGraybox/Content/Game/BluePrints/Inventory/Assets/Items/BP_Livre.uasset' failed to load '/Game/Assets/Items/ItemsBP/BP_Livre': Can't find file.
[2020.04.25-17.22.44:536][943]LogLinker: Warning: While loading '../../../../../../Users/jerem/Documents/GitHub/Game-Files/GangGame/GangGameUE4/GangGameGraybox/Content/Game/BluePrints/Inventory/Assets/Items/BP_Livre.uasset' failed to load '/Game/Assets/Items/ItemsBP/BP_Livre': Can't find file.
[2020.04.25-17.22.44:536][943]LogLinker: Warning: While loading '../../../../../../Users/jerem/Documents/GitHub/Game-Files/GangGame/GangGameUE4/GangGameGraybox/Content/Game/BluePrints/Inventory/Assets/Items/BP_Livre.uasset' failed to load '/Game/Assets/Items/ItemsBP/BP_Livre': Can't find file.
[2020.04.25-17.22.44:536][943]LogLinker: Warning: While loading '../../../../../../Users/jerem/Documents/GitHub/Game-Files/GangGame/GangGameUE4/GangGameGraybox/Content/Game/BluePrints/Inventory/Assets/Items/BP_Livre.uasset' failed to load '/Game/Assets/Items/ItemsBP/BP_Livre': Can't find file.
[2020.04.25-17.22.44:536][943]LogLinker: Warning: While loading '../../../../../../Users/jerem/Documents/GitHub/Game-Files/GangGame/GangGameUE4/GangGameGraybox/Content/Game/BluePrints/Inventory/Assets/Items/BP_Livre.uasset' failed to load '/Game/Assets/Items/ItemsBP/BP_Livre': Can't find file.
[2020.04.25-17.22.44:537][943]LogLinker: Warning: While loading '../../../../../../Users/jerem/Documents/GitHub/Game-Files/GangGame/GangGameUE4/GangGameGraybox/Content/Game/BluePrints/Inventory/Assets/Items/BP_Livre.uasset' failed to load '/Game/Assets/Items/ItemsBP/BP_Livre': Can't find file.
[2020.04.25-17.22.44:537][943]LoadErrors: Failed to load /Game/Assets/Items/ItemsBP/BP_Livre.BP_Livre Referenced by BP_Livre
[2020.04.25-17.22.44:537][943]LogLinker: Warning: While loading '../../../../../../Users/jerem/Documents/GitHub/Game-Files/GangGame/GangGameUE4/GangGameGraybox/Content/Game/BluePrints/Inventory/Assets/Items/BP_Livre.uasset' failed to load '/Game/Assets/Items/ItemsBP/BP_Livre': Can't find file.
[2020.04.25-17.22.44:537][943]LogLinker: Warning: While loading '../../../../../../Users/jerem/Documents/GitHub/Game-Files/GangGame/GangGameUE4/GangGameGraybox/Content/Game/BluePrints/Inventory/Assets/Items/BP_Livre.uasset' failed to load '/Game/Assets/Items/ItemsBP/BP_Livre': Can't find file.
[2020.04.25-17.22.44:537][943]LoadErrors: Failed to load /Game/Assets/Items/ItemsBP/BP_Livre.BP_Livre_C Referenced by BP_Livre_C
[2020.04.25-17.22.44:538][943]LogLinker: Warning: While loading '../../../../../../Users/jerem/Documents/GitHub/Game-Files/GangGame/GangGameUE4/GangGameGraybox/Content/Game/BluePrints/Inventory/Assets/Items/BP_Livre.uasset' failed to load '/Game/Assets/Items/ItemsBP/BP_Livre': Can't find file.
[2020.04.25-17.22.44:538][943]LogLinker: Warning: While loading '../../../../../../Users/jerem/Documents/GitHub/Game-Files/GangGame/GangGameUE4/GangGameGraybox/Content/Game/BluePrints/Inventory/Assets/Items/BP_Livre.uasset' failed to load '/Game/Assets/Items/ItemsBP/BP_Livre': Can't find file.
[2020.04.25-17.22.44:538][943]LoadErrors: Failed to load /Game/Assets/Items/ItemsBP/BP_Livre.Default__BP_Livre_C Referenced by Default__BP_Livre_C
[2020.04.25-17.22.44:538][943]LogLinker: Warning: While loading '../../../../../../Users/jerem/Documents/GitHub/Game-Files/GangGame/GangGameUE4/GangGameGraybox/Content/Game/BluePrints/Inventory/Assets/Items/BP_Livre.uasset' failed to load '/Game/Assets/Items/ItemsBP/BP_Livre': Can't find file.
[2020.04.25-17.22.44:540][943]LogLinker: Warning: While loading '../../../../../../Users/jerem/Documents/GitHub/Game-Files/GangGame/GangGameUE4/GangGameGraybox/Content/Game/BluePrints/Inventory/Assets/Items/BP_Potion.uasset' failed to load '/Game/Assets/Items/ItemsBP/BP_Potion': Can't find file.
[2020.04.25-17.22.44:540][943]LogLinker: Warning: While loading '../../../../../../Users/jerem/Documents/GitHub/Game-Files/GangGame/GangGameUE4/GangGameGraybox/Content/Game/BluePrints/Inventory/Assets/Items/BP_Potion.uasset' failed to load '/Game/Assets/Items/ItemsBP/BP_Potion': Can't find file.
[2020.04.25-17.22.44:540][943]LogLinker: Warning: While loading '../../../../../../Users/jerem/Documents/GitHub/Game-Files/GangGame/GangGameUE4/GangGameGraybox/Content/Game/BluePrints/Inventory/Assets/Items/BP_Potion.uasset' failed to load '/Game/Assets/Items/ItemsBP/BP_Potion': Can't find file.
[2020.04.25-17.22.44:541][943]LogLinker: Warning: While loading '../../../../../../Users/jerem/Documents/GitHub/Game-Files/GangGame/GangGameUE4/GangGameGraybox/Content/Game/BluePrints/Inventory/Assets/Items/BP_Potion.uasset' failed to load '/Game/Assets/Items/ItemsBP/BP_Potion': Can't find file.
[2020.04.25-17.22.44:541][943]LogLinker: Warning: While loading '../../../../../../Users/jerem/Documents/GitHub/Game-Files/GangGame/GangGameUE4/GangGameGraybox/Content/Game/BluePrints/Inventory/Assets/Items/BP_Potion.uasset' failed to load '/Game/Assets/Items/ItemsBP/BP_Potion': Can't find file.
[2020.04.25-17.22.44:541][943]LogLinker: Warning: While loading '../../../../../../Users/jerem/Documents/GitHub/Game-Files/GangGame/GangGameUE4/GangGameGraybox/Content/Game/BluePrints/Inventory/Assets/Items/BP_Potion.uasset' failed to load '/Game/Assets/Items/ItemsBP/BP_Potion': Can't find file.
[2020.04.25-17.22.44:541][943]LogLinker: Warning: While loading '../../../../../../Users/jerem/Documents/GitHub/Game-Files/GangGame/GangGameUE4/GangGameGraybox/Content/Game/BluePrints/Inventory/Assets/Items/BP_Potion.uasset' failed to load '/Game/Assets/Items/ItemsBP/BP_Potion': Can't find file.
[2020.04.25-17.22.44:541][943]LogLinker: Warning: While loading '../../../../../../Users/jerem/Documents/GitHub/Game-Files/GangGame/GangGameUE4/GangGameGraybox/Content/Game/BluePrints/Inventory/Assets/Items/BP_Potion.uasset' failed to load '/Game/Assets/Items/ItemsBP/BP_Potion': Can't find file.
[2020.04.25-17.22.44:542][943]LogLinker: Warning: While loading '../../../../../../Users/jerem/Documents/GitHub/Game-Files/GangGame/GangGameUE4/GangGameGraybox/Content/Game/BluePrints/Inventory/Assets/Items/BP_Potion.uasset' failed to load '/Game/Assets/Items/ItemsBP/BP_Potion': Can't find file.
[2020.04.25-17.22.44:542][943]LoadErrors: Failed to load /Game/Assets/Items/ItemsBP/BP_Potion.BP_Potion Referenced by BP_Potion
[2020.04.25-17.22.44:542][943]LogLinker: Warning: While loading '../../../../../../Users/jerem/Documents/GitHub/Game-Files/GangGame/GangGameUE4/GangGameGraybox/Content/Game/BluePrints/Inventory/Assets/Items/BP_Potion.uasset' failed to load '/Game/Assets/Items/ItemsBP/BP_Potion': Can't find file.
[2020.04.25-17.22.44:542][943]LogLinker: Warning: While loading '../../../../../../Users/jerem/Documents/GitHub/Game-Files/GangGame/GangGameUE4/GangGameGraybox/Content/Game/BluePrints/Inventory/Assets/Items/BP_Potion.uasset' failed to load '/Game/Assets/Items/ItemsBP/BP_Potion': Can't find file.
[2020.04.25-17.22.44:542][943]LoadErrors: Failed to load /Game/Assets/Items/ItemsBP/BP_Potion.BP_Potion_C Referenced by BP_Potion_C
[2020.04.25-17.22.44:542][943]LogLinker: Warning: While loading '../../../../../../Users/jerem/Documents/GitHub/Game-Files/GangGame/GangGameUE4/GangGameGraybox/Content/Game/BluePrints/Inventory/Assets/Items/BP_Potion.uasset' failed to load '/Game/Assets/Items/ItemsBP/BP_Potion': Can't find file.
[2020.04.25-17.22.44:543][943]LogLinker: Warning: While loading '../../../../../../Users/jerem/Documents/GitHub/Game-Files/GangGame/GangGameUE4/GangGameGraybox/Content/Game/BluePrints/Inventory/Assets/Items/BP_Potion.uasset' failed to load '/Game/Assets/Items/ItemsBP/BP_Potion': Can't find file.
[2020.04.25-17.22.44:543][943]LoadErrors: Failed to load /Game/Assets/Items/ItemsBP/BP_Potion.Default__BP_Potion_C Referenced by Default__BP_Potion_C
[2020.04.25-17.22.44:543][943]LogLinker: Warning: While loading '../../../../../../Users/jerem/Documents/GitHub/Game-Files/GangGame/GangGameUE4/GangGameGraybox/Content/Game/BluePrints/Inventory/Assets/Items/BP_Potion.uasset' failed to load '/Game/Assets/Items/ItemsBP/BP_Potion': Can't find file.
[2020.04.25-17.22.44:563][943]LogBlueprint: Error: [Compiler UI_item] The variable s_item declared in  UI_item  has an invalid type Structure
[2020.04.25-17.22.44:568][943]LogOutputDevice: Warning: 

Script Stack (0 frames):

[2020.04.25-17.22.44:568][943]LogWindows: Windows GetLastError: L’opération a réussi. (0)
[2020.04.25-17.22.46:714][943]LogWindows: Error: === Critical error: ===
[2020.04.25-17.22.46:714][943]LogWindows: Error: 
[2020.04.25-17.22.46:714][943]LogWindows: Error: Assertion failed: OwningNode [File:D:\Build\++UE4\Sync\Engine\Source\Runtime\Engine\Classes\EdGraph/EdGraphPin.h] [Line: 474] 
[2020.04.25-17.22.46:714][943]LogWindows: Error: 
[2020.04.25-17.22.46:714][943]LogWindows: Error: 
[2020.04.25-17.22.46:714][943]LogWindows: Error: 
[2020.04.25-17.22.46:714][943]LogWindows: Error: [Callstack] 0x00007ff96906a799 KERNELBASE.dll!UnknownFunction []
[2020.04.25-17.22.46:714][943]LogWindows: Error: [Callstack] 0x00007ff8f1fda7b6 UE4Editor-Core.dll!UnknownFunction []
[2020.04.25-17.22.46:714][943]LogWindows: Error: [Callstack] 0x00007ff8f1fddc58 UE4Editor-Core.dll!UnknownFunction []
[2020.04.25-17.22.46:714][943]LogWindows: Error: [Callstack] 0x00007ff8f1d92c7d UE4Editor-Core.dll!UnknownFunction []
[2020.04.25-17.22.46:714][943]LogWindows: Error: [Callstack] 0x00007ff8f1d1fd43 UE4Editor-Core.dll!UnknownFunction []
[2020.04.25-17.22.46:714][943]LogWindows: Error: [Callstack] 0x00007ff8f1d220c0 UE4Editor-Core.dll!UnknownFunction []
[2020.04.25-17.22.46:714][943]LogWindows: Error: [Callstack] 0x00007ff8ef4423c6 UE4Editor-Engine.dll!UnknownFunction []
[2020.04.25-17.22.46:714][943]LogWindows: Error: [Callstack] 0x00007ff8eb999097 UE4Editor-BlueprintGraph.dll!UnknownFunction []
[2020.04.25-17.22.46:714][943]LogWindows: Error: [Callstack] 0x00007ff8e5acda49 UE4Editor-KismetCompiler.dll!UnknownFunction []
[2020.04.25-17.22.46:714][943]LogWindows: Error: [Callstack] 0x00007ff8ecb93e16 UE4Editor-Kismet.dll!UnknownFunction []
[2020.04.25-17.22.46:714][943]LogWindows: Error: [Callstack] 0x00007ff8ecb91835 UE4Editor-Kismet.dll!UnknownFunction []
[2020.04.25-17.22.46:714][943]LogWindows: Error: [Callstack] 0x00007ff8f71d06c9 UE4Editor-CoreUObject.dll!UnknownFunction []
[2020.04.25-17.22.46:715][943]LogWindows: Error: [Callstack] 0x00007ff8f72e40f9 UE4Editor-CoreUObject.dll!UnknownFunction []
[2020.04.25-17.22.46:715][943]LogWindows: Error: [Callstack] 0x00007ff8f730ddcc UE4Editor-CoreUObject.dll!UnknownFunction []
[2020.04.25-17.22.46:715][943]LogWindows: Error: [Callstack] 0x00007ff8f72e2936 UE4Editor-CoreUObject.dll!UnknownFunction []
[2020.04.25-17.22.46:715][943]LogWindows: Error: [Callstack] 0x00007ff8f72e453b UE4Editor-CoreUObject.dll!UnknownFunction []
[2020.04.25-17.22.46:715][943]LogWindows: Error: [Callstack] 0x00007ff8f730ed62 UE4Editor-CoreUObject.dll!UnknownFunction []
[2020.04.25-17.22.46:715][943]LogWindows: Error: [Callstack] 0x00007ff8f74d8d33 UE4Editor-CoreUObject.dll!UnknownFunction []
[2020.04.25-17.22.46:715][943]LogWindows: Error: [Callstack] 0x00007ff8f74d7dea UE4Editor-CoreUObject.dll!UnknownFunction []
[2020.04.25-17.22.46:715][943]LogWindows: Error: [Callstack] 0x00007ff8f74ea8b2 UE4Editor-CoreUObject.dll!UnknownFunction []
[2020.04.25-17.22.46:715][943]LogWindows: Error: [Callstack] 0x00007ff8f74fd63c UE4Editor-CoreUObject.dll!UnknownFunction []
[2020.04.25-17.22.46:715][943]LogWindows: Error: [Callstack] 0x00007ff8f74fcdc9 UE4Editor-CoreUObject.dll!UnknownFunction []
[2020.04.25-17.22.46:715][943]LogWindows: Error: [Callstack] 0x00007ff8e3df1fa9 UE4Editor-ContentBrowser.dll!UnknownFunction []
[2020.04.25-17.22.46:715][943]LogWindows: Error: [Callstack] 0x00007ff8e3db870f UE4Editor-ContentBrowser.dll!UnknownFunction []
[2020.04.25-17.22.46:715][943]LogWindows: Error: [Callstack] 0x00007ff8e3dc534e UE4Editor-ContentBrowser.dll!UnknownFunction []
[2020.04.25-17.22.46:715][943]LogWindows: Error: [Callstack] 0x00007ff8e3dc101f UE4Editor-ContentBrowser.dll!UnknownFunction []
[2020.04.25-17.22.46:715][943]LogWindows: Error: [Callstack] 0x00007ff8e3e1beec UE4Editor-ContentBrowser.dll!UnknownFunction []
[2020.04.25-17.22.46:715][943]LogWindows: Error: [Callstack] 0x00007ff8e3dc2164 UE4Editor-ContentBrowser.dll!UnknownFunction []
[2020.04.25-17.22.46:715][943]LogWindows: Error: [Callstack] 0x00007ff8f5611498 UE4Editor-Slate.dll!UnknownFunction []
[2020.04.25-17.22.46:715][943]LogWindows: Error: [Callstack] 0x00007ff8f5629281 UE4Editor-Slate.dll!UnknownFunction []
[2020.04.25-17.22.46:715][943]LogWindows: Error: [Callstack] 0x00007ff8f548323f UE4Editor-Slate.dll!UnknownFunction []
[2020.04.25-17.22.46:715][943]LogWindows: Error: [Callstack] 0x00007ff8f5509175 UE4Editor-Slate.dll!UnknownFunction []
[2020.04.25-17.22.46:715][943]LogWindows: Error: [Callstack] 0x00007ff8f54f413e UE4Editor-Slate.dll!UnknownFunction []
[2020.04.25-17.22.46:715][943]LogWindows: Error: [Callstack] 0x00007ff8f54e8f67 UE4Editor-Slate.dll!UnknownFunction []
[2020.04.25-17.22.46:715][943]LogWindows: Error: [Callstack] 0x00007ff8fcc04ca1 UE4Editor-ApplicationCore.dll!UnknownFunction []
[2020.04.25-17.22.46:715][943]LogWindows: Error: [Callstack] 0x00007ff8fcbf242f UE4Editor-ApplicationCore.dll!UnknownFunction []
[2020.04.25-17.22.46:715][943]LogWindows: Error: [Callstack] 0x00007ff8fcc07195 UE4Editor-ApplicationCore.dll!UnknownFunction []
[2020.04.25-17.22.46:715][943]LogWindows: Error: [Callstack] 0x00007ff8fcbeec40 UE4Editor-ApplicationCore.dll!UnknownFunction []
[2020.04.25-17.22.46:715][943]LogWindows: Error: [Callstack] 0x00007ff96a705c0d USER32.dll!UnknownFunction []
[2020.04.25-17.22.46:715][943]LogWindows: Error: [Callstack] 0x00007ff96a705602 USER32.dll!UnknownFunction []
[2020.04.25-17.22.46:715][943]LogWindows: Error: [Callstack] 0x00007ff8fcc08699 UE4Editor-ApplicationCore.dll!UnknownFunction []
[2020.04.25-17.22.46:715][943]LogWindows: Error: [Callstack] 0x00007ff785876db0 UE4Editor.exe!UnknownFunction []
[2020.04.25-17.22.46:715][943]LogWindows: Error: [Callstack] 0x00007ff78588c3ec UE4Editor.exe!UnknownFunction []
[2020.04.25-17.22.46:715][943]LogWindows: Error: [Callstack] 0x00007ff78588c4ca UE4Editor.exe!UnknownFunction []
[2020.04.25-17.22.46:715][943]LogWindows: Error: [Callstack] 0x00007ff78589ceae UE4Editor.exe!UnknownFunction []
[2020.04.25-17.22.46:715][943]LogWindows: Error: [Callstack] 0x00007ff78589fcbe UE4Editor.exe!UnknownFunction []
[2020.04.25-17.22.46:715][943]LogWindows: Error: [Callstack] 0x00007ff96a037bd4 KERNEL32.DLL!UnknownFunction []
[2020.04.25-17.22.46:715][943]LogWindows: Error: [Callstack] 0x00007ff96bb2ce51 ntdll.dll!UnknownFunction []
[2020.04.25-17.22.46:715][943]LogWindows: Error: 
[2020.04.25-17.22.46:724][943]LogExit: Executing StaticShutdownAfterError
[2020.04.25-17.22.46:732][943]LogWindows: FPlatformMisc::RequestExit(1)
[2020.04.25-17.22.46:732][943]LogCore: Engine exit requested (reason: Win RequestExit)
[2020.04.25-17.22.46:739][943]Log file closed, 04/25/20 13:22:46
